2024/12/10 20:00:03 ## Proceso Creado - PID: 1 - Tamaño: 32
2024/12/10 20:00:04 ## Hilo Creado - (PID:TID) - (1:0)
2024/12/10 20:00:04 ## (<PID 1>:<TID 0>) Se ejecuta el Hilo - Estado: EXEC
2024/12/10 20:00:04 PCB : 1 TID : 0 - Solicita Contexto de Ejecucion
2024/12/10 20:00:04 ## Contexto <Solicitado> - (PID:TID) - (1:0)
2024/12/10 20:00:04 PCB : 1 TID : 0 - Solicitud Contexto de Ejecucion Exitosa
2024/12/10 20:00:04 Instrucción solicitada de PID: 1, TID: 0, PC: 0
2024/12/10 20:00:05 ## Obtener instrucción - (PID:TID) - (1:0) - Instrucción: SET DX 0
2024/12/10 20:00:05 PID: 1 TID: 0 - FETCH - Program Counter: 0
2024/12/10 20:00:05 Instrucción decodificada: INSTUCCIÓN = SET, PARÁMETROS = [DX 0]
2024/12/10 20:00:05 ## TID: 0 - Ejecutando: SET - Parámetros: [DX 0]
2024/12/10 20:00:05 AX: 0, BX: 0, CX: 0, DX: 0, EX: 0, FX: 0, GX: 0, HX: 0, PC: 1
2024/12/10 20:00:05 Instrucción solicitada de PID: 1, TID: 0, PC: 1
2024/12/10 20:00:05 ## Obtener instrucción - (PID:TID) - (1:0) - Instrucción: SET AX 1
2024/12/10 20:00:05 PID: 1 TID: 0 - FETCH - Program Counter: 1
2024/12/10 20:00:05 Instrucción decodificada: INSTUCCIÓN = SET, PARÁMETROS = [AX 1]
2024/12/10 20:00:05 ## TID: 0 - Ejecutando: SET - Parámetros: [AX 1]
2024/12/10 20:00:05 AX: 1, BX: 0, CX: 0, DX: 0, EX: 0, FX: 0, GX: 0, HX: 0, PC: 2
2024/12/10 20:00:05 Instrucción solicitada de PID: 1, TID: 0, PC: 2
2024/12/10 20:00:06 ## Obtener instrucción - (PID:TID) - (1:0) - Instrucción: THREAD_CREATE PLANI_THREAD 6
2024/12/10 20:00:06 PID: 1 TID: 0 - FETCH - Program Counter: 2
2024/12/10 20:00:06 Instrucción decodificada: INSTUCCIÓN = THREAD_CREATE, PARÁMETROS = [PLANI_THREAD 6]
2024/12/10 20:00:06 ## TID: 0 - Ejecutando: THREAD_CREATE - Parámetros: [PLANI_THREAD 6]
2024/12/10 20:00:06 ## Contexto Actualizado - (PID:TID) - (1:0)
2024/12/10 20:00:06 ## (<PID:1>:<TID:0>) - Solicitó syscall: <THREAD_CREATE> ##
2024/12/10 20:00:07 ## Hilo Creado - (PID:TID) - (1:1)
2024/12/10 20:00:07 ## (<PID 1>:<TID 1>) Se encola el Hilo - Estado: READY
2024/12/10 20:00:07 ## (<PID 1>:<TID 1>) Se crea el Hilo - Estado: READY
2024/12/10 20:00:07 PCB : 1 TID : 0 - Solicita Contexto de Ejecucion
2024/12/10 20:00:08 ## Contexto <Solicitado> - (PID:TID) - (1:0)
2024/12/10 20:00:08 PCB : 1 TID : 0 - Solicitud Contexto de Ejecucion Exitosa
2024/12/10 20:00:08 Entra a evaluar HILO ANTERIOR
2024/12/10 20:00:08 Instrucción solicitada de PID: 1, TID: 0, PC: 3
2024/12/10 20:00:08 ## Obtener instrucción - (PID:TID) - (1:0) - Instrucción: SUM DX AX
2024/12/10 20:00:08 PID: 1 TID: 0 - FETCH - Program Counter: 3
2024/12/10 20:00:08 Instrucción decodificada: INSTUCCIÓN = SUM, PARÁMETROS = [DX AX]
2024/12/10 20:00:08 ## TID: 0 - Ejecutando: SUM - Parámetros: [DX AX]
2024/12/10 20:00:08 AX: 1, BX: 0, CX: 0, DX: 1, EX: 0, FX: 0, GX: 0, HX: 0, PC: 4
2024/12/10 20:00:08 Instrucción solicitada de PID: 1, TID: 0, PC: 4
2024/12/10 20:00:09 ## Obtener instrucción - (PID:TID) - (1:0) - Instrucción: THREAD_CREATE PLANI_THREAD 5
2024/12/10 20:00:09 PID: 1 TID: 0 - FETCH - Program Counter: 4
2024/12/10 20:00:09 Instrucción decodificada: INSTUCCIÓN = THREAD_CREATE, PARÁMETROS = [PLANI_THREAD 5]
2024/12/10 20:00:09 ## TID: 0 - Ejecutando: THREAD_CREATE - Parámetros: [PLANI_THREAD 5]
2024/12/10 20:00:09 ## Contexto Actualizado - (PID:TID) - (1:0)
2024/12/10 20:00:09 ## (<PID:1>:<TID:0>) - Solicitó syscall: <THREAD_CREATE> ##
2024/12/10 20:00:10 ## Hilo Creado - (PID:TID) - (1:2)
2024/12/10 20:00:10 ## (<PID 1>:<TID 2>) Se encola el Hilo - Estado: READY
2024/12/10 20:00:10 ## (<PID 1>:<TID 2>) Se crea el Hilo - Estado: READY
2024/12/10 20:00:10 PCB : 1 TID : 0 - Solicita Contexto de Ejecucion
2024/12/10 20:00:11 ## Contexto <Solicitado> - (PID:TID) - (1:0)
2024/12/10 20:00:11 PCB : 1 TID : 0 - Solicitud Contexto de Ejecucion Exitosa
2024/12/10 20:00:11 Entra a evaluar HILO ANTERIOR
2024/12/10 20:00:11 Instrucción solicitada de PID: 1, TID: 0, PC: 5
2024/12/10 20:00:11 ## Obtener instrucción - (PID:TID) - (1:0) - Instrucción: SUM DX AX
2024/12/10 20:00:11 PID: 1 TID: 0 - FETCH - Program Counter: 5
2024/12/10 20:00:11 Instrucción decodificada: INSTUCCIÓN = SUM, PARÁMETROS = [DX AX]
2024/12/10 20:00:11 ## TID: 0 - Ejecutando: SUM - Parámetros: [DX AX]
2024/12/10 20:00:11 AX: 1, BX: 0, CX: 0, DX: 2, EX: 0, FX: 0, GX: 0, HX: 0, PC: 6
2024/12/10 20:00:11 Instrucción solicitada de PID: 1, TID: 0, PC: 6
2024/12/10 20:00:12 ## Obtener instrucción - (PID:TID) - (1:0) - Instrucción: THREAD_CREATE PLANI_THREAD 5
2024/12/10 20:00:12 PID: 1 TID: 0 - FETCH - Program Counter: 6
2024/12/10 20:00:12 Instrucción decodificada: INSTUCCIÓN = THREAD_CREATE, PARÁMETROS = [PLANI_THREAD 5]
2024/12/10 20:00:12 ## TID: 0 - Ejecutando: THREAD_CREATE - Parámetros: [PLANI_THREAD 5]
2024/12/10 20:00:12 ## Contexto Actualizado - (PID:TID) - (1:0)
2024/12/10 20:00:12 ## (<PID:1>:<TID:0>) - Solicitó syscall: <THREAD_CREATE> ##
2024/12/10 20:00:13 ## Hilo Creado - (PID:TID) - (1:3)
2024/12/10 20:00:13 ## (<PID 1>:<TID 3>) Se encola el Hilo - Estado: READY
2024/12/10 20:00:13 ## (<PID 1>:<TID 3>) Se crea el Hilo - Estado: READY
2024/12/10 20:00:13 PCB : 1 TID : 0 - Solicita Contexto de Ejecucion
2024/12/10 20:00:14 ## Contexto <Solicitado> - (PID:TID) - (1:0)
2024/12/10 20:00:14 PCB : 1 TID : 0 - Solicitud Contexto de Ejecucion Exitosa
2024/12/10 20:00:14 Entra a evaluar HILO ANTERIOR
2024/12/10 20:00:14 Instrucción solicitada de PID: 1, TID: 0, PC: 7
2024/12/10 20:00:14 ## Obtener instrucción - (PID:TID) - (1:0) - Instrucción: SUM DX AX
2024/12/10 20:00:14 PID: 1 TID: 0 - FETCH - Program Counter: 7
2024/12/10 20:00:14 Instrucción decodificada: INSTUCCIÓN = SUM, PARÁMETROS = [DX AX]
2024/12/10 20:00:14 ## TID: 0 - Ejecutando: SUM - Parámetros: [DX AX]
2024/12/10 20:00:14 AX: 1, BX: 0, CX: 0, DX: 3, EX: 0, FX: 0, GX: 0, HX: 0, PC: 8
2024/12/10 20:00:14 Instrucción solicitada de PID: 1, TID: 0, PC: 8
2024/12/10 20:00:15 ## Obtener instrucción - (PID:TID) - (1:0) - Instrucción: THREAD_CREATE PLANI_THREAD 6
2024/12/10 20:00:15 PID: 1 TID: 0 - FETCH - Program Counter: 8
2024/12/10 20:00:15 Instrucción decodificada: INSTUCCIÓN = THREAD_CREATE, PARÁMETROS = [PLANI_THREAD 6]
2024/12/10 20:00:15 ## TID: 0 - Ejecutando: THREAD_CREATE - Parámetros: [PLANI_THREAD 6]
2024/12/10 20:00:15 ## Contexto Actualizado - (PID:TID) - (1:0)
2024/12/10 20:00:15 ## (<PID:1>:<TID:0>) - Solicitó syscall: <THREAD_CREATE> ##
2024/12/10 20:00:16 ## Hilo Creado - (PID:TID) - (1:4)
2024/12/10 20:00:16 ## (<PID 1>:<TID 4>) Se encola el Hilo - Estado: READY
2024/12/10 20:00:16 ## (<PID 1>:<TID 4>) Se crea el Hilo - Estado: READY
2024/12/10 20:00:16 PCB : 1 TID : 0 - Solicita Contexto de Ejecucion
2024/12/10 20:00:17 ## Contexto <Solicitado> - (PID:TID) - (1:0)
2024/12/10 20:00:17 PCB : 1 TID : 0 - Solicitud Contexto de Ejecucion Exitosa
2024/12/10 20:00:17 Entra a evaluar HILO ANTERIOR
2024/12/10 20:00:17 Instrucción solicitada de PID: 1, TID: 0, PC: 9
2024/12/10 20:00:17 ## Obtener instrucción - (PID:TID) - (1:0) - Instrucción: SUM DX AX
2024/12/10 20:00:17 PID: 1 TID: 0 - FETCH - Program Counter: 9
2024/12/10 20:00:17 Instrucción decodificada: INSTUCCIÓN = SUM, PARÁMETROS = [DX AX]
2024/12/10 20:00:17 ## TID: 0 - Ejecutando: SUM - Parámetros: [DX AX]
2024/12/10 20:00:17 AX: 1, BX: 0, CX: 0, DX: 4, EX: 0, FX: 0, GX: 0, HX: 0, PC: 10
2024/12/10 20:00:17 Instrucción solicitada de PID: 1, TID: 0, PC: 10
2024/12/10 20:00:18 ## Obtener instrucción - (PID:TID) - (1:0) - Instrucción: THREAD_JOIN 4
2024/12/10 20:00:18 PID: 1 TID: 0 - FETCH - Program Counter: 10
2024/12/10 20:00:18 Instrucción decodificada: INSTUCCIÓN = THREAD_JOIN, PARÁMETROS = [4]
2024/12/10 20:00:18 ## TID: 0 - Ejecutando: THREAD_JOIN - Parámetros: [4]
2024/12/10 20:00:18 ## Contexto Actualizado - (PID:TID) - (1:0)
2024/12/10 20:00:18 ## (<PID:1>:<TID:0>) - Solicito syscall: <THREAD_JOIN> ##
2024/12/10 20:00:18 (<PID: 1 >:<TID: 0 >) - Bloqueado por: PTHREAD_JOIN
2024/12/10 20:00:18 AX: 1, BX: 0, CX: 0, DX: 4, EX: 0, FX: 0, GX: 0, HX: 0, PC: 11
2024/12/10 20:00:18 AX: 1, BX: 0, CX: 0, DX: 3, EX: 0, FX: 0, GX: 0, HX: 0, PC: 9
2024/12/10 20:00:18 AX: 1, BX: 0, CX: 0, DX: 2, EX: 0, FX: 0, GX: 0, HX: 0, PC: 7
2024/12/10 20:00:18 AX: 1, BX: 0, CX: 0, DX: 1, EX: 0, FX: 0, GX: 0, HX: 0, PC: 5
2024/12/10 20:00:18 AX: 1, BX: 0, CX: 0, DX: 0, EX: 0, FX: 0, GX: 0, HX: 0, PC: 3
2024/12/10 20:00:18 ## (<PID 1>:<TID 1>) Se ejecuta el Hilo - Estado: EXEC
2024/12/10 20:00:18 PCB : 1 TID : 1 - Solicita Contexto de Ejecucion
2024/12/10 20:00:19 ## Contexto <Solicitado> - (PID:TID) - (1:1)
2024/12/10 20:00:19 PCB : 1 TID : 1 - Solicitud Contexto de Ejecucion Exitosa
2024/12/10 20:00:19 Instrucción solicitada de PID: 1, TID: 1, PC: 0
2024/12/10 20:00:19 ## Obtener instrucción - (PID:TID) - (1:1) - Instrucción: SET CX 5
2024/12/10 20:00:19 PID: 1 TID: 1 - FETCH - Program Counter: 0
2024/12/10 20:00:19 Instrucción decodificada: INSTUCCIÓN = SET, PARÁMETROS = [CX 5]
2024/12/10 20:00:19 ## TID: 1 - Ejecutando: SET - Parámetros: [CX 5]
2024/12/10 20:00:19 AX: 0, BX: 0, CX: 5, DX: 0, EX: 0, FX: 0, GX: 0, HX: 0, PC: 1
2024/12/10 20:00:19 Instrucción solicitada de PID: 1, TID: 1, PC: 1
2024/12/10 20:00:20 ## Obtener instrucción - (PID:TID) - (1:1) - Instrucción: SET BX 1
2024/12/10 20:00:20 PID: 1 TID: 1 - FETCH - Program Counter: 1
2024/12/10 20:00:20 Instrucción decodificada: INSTUCCIÓN = SET, PARÁMETROS = [BX 1]
2024/12/10 20:00:20 ## TID: 1 - Ejecutando: SET - Parámetros: [BX 1]
2024/12/10 20:00:20 AX: 0, BX: 1, CX: 5, DX: 0, EX: 0, FX: 0, GX: 0, HX: 0, PC: 2
2024/12/10 20:00:20 Instrucción solicitada de PID: 1, TID: 1, PC: 2
2024/12/10 20:00:20 ## Obtener instrucción - (PID:TID) - (1:1) - Instrucción: SUB CX BX
2024/12/10 20:00:20 PID: 1 TID: 1 - FETCH - Program Counter: 2
2024/12/10 20:00:20 Instrucción decodificada: INSTUCCIÓN = SUB, PARÁMETROS = [CX BX]
2024/12/10 20:00:20 ## TID: 1 - Ejecutando: SUB - Parámetros: [CX BX]
2024/12/10 20:00:20 AX: 0, BX: 1, CX: 4, DX: 0, EX: 0, FX: 0, GX: 0, HX: 0, PC: 3
2024/12/10 20:00:20 Instrucción solicitada de PID: 1, TID: 1, PC: 3
2024/12/10 20:00:21 ## Obtener instrucción - (PID:TID) - (1:1) - Instrucción: JNZ CX 2
2024/12/10 20:00:21 PID: 1 TID: 1 - FETCH - Program Counter: 3
2024/12/10 20:00:21 Instrucción decodificada: INSTUCCIÓN = JNZ, PARÁMETROS = [CX 2]
2024/12/10 20:00:21 ## TID: 1 - Ejecutando: JNZ - Parámetros: [CX 2]
2024/12/10 20:00:21 AX: 0, BX: 1, CX: 4, DX: 0, EX: 0, FX: 0, GX: 0, HX: 0, PC: 2
2024/12/10 20:00:21 Instrucción solicitada de PID: 1, TID: 1, PC: 2
2024/12/10 20:00:21 ## Obtener instrucción - (PID:TID) - (1:1) - Instrucción: SUB CX BX
2024/12/10 20:00:21 PID: 1 TID: 1 - FETCH - Program Counter: 2
2024/12/10 20:00:21 Instrucción decodificada: INSTUCCIÓN = SUB, PARÁMETROS = [CX BX]
2024/12/10 20:00:21 ## TID: 1 - Ejecutando: SUB - Parámetros: [CX BX]
2024/12/10 20:00:21 AX: 0, BX: 1, CX: 3, DX: 0, EX: 0, FX: 0, GX: 0, HX: 0, PC: 3
2024/12/10 20:00:21 Instrucción solicitada de PID: 1, TID: 1, PC: 3
2024/12/10 20:00:22 ## Obtener instrucción - (PID:TID) - (1:1) - Instrucción: JNZ CX 2
2024/12/10 20:00:22 PID: 1 TID: 1 - FETCH - Program Counter: 3
2024/12/10 20:00:22 Instrucción decodificada: INSTUCCIÓN = JNZ, PARÁMETROS = [CX 2]
2024/12/10 20:00:22 ## TID: 1 - Ejecutando: JNZ - Parámetros: [CX 2]
2024/12/10 20:00:22 AX: 0, BX: 1, CX: 3, DX: 0, EX: 0, FX: 0, GX: 0, HX: 0, PC: 2
2024/12/10 20:00:22 Instrucción solicitada de PID: 1, TID: 1, PC: 2
2024/12/10 20:00:22 ## Obtener instrucción - (PID:TID) - (1:1) - Instrucción: SUB CX BX
2024/12/10 20:00:22 PID: 1 TID: 1 - FETCH - Program Counter: 2
2024/12/10 20:00:22 Instrucción decodificada: INSTUCCIÓN = SUB, PARÁMETROS = [CX BX]
2024/12/10 20:00:22 ## TID: 1 - Ejecutando: SUB - Parámetros: [CX BX]
2024/12/10 20:00:22 AX: 0, BX: 1, CX: 2, DX: 0, EX: 0, FX: 0, GX: 0, HX: 0, PC: 3
2024/12/10 20:00:22 Instrucción solicitada de PID: 1, TID: 1, PC: 3
2024/12/10 20:00:23 ## Obtener instrucción - (PID:TID) - (1:1) - Instrucción: JNZ CX 2
2024/12/10 20:00:23 PID: 1 TID: 1 - FETCH - Program Counter: 3
2024/12/10 20:00:23 Instrucción decodificada: INSTUCCIÓN = JNZ, PARÁMETROS = [CX 2]
2024/12/10 20:00:23 ## TID: 1 - Ejecutando: JNZ - Parámetros: [CX 2]
2024/12/10 20:00:23 AX: 0, BX: 1, CX: 2, DX: 0, EX: 0, FX: 0, GX: 0, HX: 0, PC: 2
2024/12/10 20:00:23 Instrucción solicitada de PID: 1, TID: 1, PC: 2
2024/12/10 20:00:23 ## Obtener instrucción - (PID:TID) - (1:1) - Instrucción: SUB CX BX
2024/12/10 20:00:23 PID: 1 TID: 1 - FETCH - Program Counter: 2
2024/12/10 20:00:23 Instrucción decodificada: INSTUCCIÓN = SUB, PARÁMETROS = [CX BX]
2024/12/10 20:00:23 ## TID: 1 - Ejecutando: SUB - Parámetros: [CX BX]
2024/12/10 20:00:23 AX: 0, BX: 1, CX: 1, DX: 0, EX: 0, FX: 0, GX: 0, HX: 0, PC: 3
2024/12/10 20:00:23 Instrucción solicitada de PID: 1, TID: 1, PC: 3
2024/12/10 20:00:24 ## Obtener instrucción - (PID:TID) - (1:1) - Instrucción: JNZ CX 2
2024/12/10 20:00:24 PID: 1 TID: 1 - FETCH - Program Counter: 3
2024/12/10 20:00:24 Instrucción decodificada: INSTUCCIÓN = JNZ, PARÁMETROS = [CX 2]
2024/12/10 20:00:24 ## TID: 1 - Ejecutando: JNZ - Parámetros: [CX 2]
2024/12/10 20:00:24 AX: 0, BX: 1, CX: 1, DX: 0, EX: 0, FX: 0, GX: 0, HX: 0, PC: 2
2024/12/10 20:00:24 Instrucción solicitada de PID: 1, TID: 1, PC: 2
2024/12/10 20:00:24 ## Obtener instrucción - (PID:TID) - (1:1) - Instrucción: SUB CX BX
2024/12/10 20:00:24 PID: 1 TID: 1 - FETCH - Program Counter: 2
2024/12/10 20:00:24 Instrucción decodificada: INSTUCCIÓN = SUB, PARÁMETROS = [CX BX]
2024/12/10 20:00:24 ## TID: 1 - Ejecutando: SUB - Parámetros: [CX BX]
2024/12/10 20:00:24 AX: 0, BX: 1, CX: 0, DX: 0, EX: 0, FX: 0, GX: 0, HX: 0, PC: 3
2024/12/10 20:00:24 Instrucción solicitada de PID: 1, TID: 1, PC: 3
2024/12/10 20:00:25 ## Obtener instrucción - (PID:TID) - (1:1) - Instrucción: JNZ CX 2
2024/12/10 20:00:25 PID: 1 TID: 1 - FETCH - Program Counter: 3
2024/12/10 20:00:25 Instrucción decodificada: INSTUCCIÓN = JNZ, PARÁMETROS = [CX 2]
2024/12/10 20:00:25 ## TID: 1 - Ejecutando: JNZ - Parámetros: [CX 2]
2024/12/10 20:00:25 AX: 0, BX: 1, CX: 0, DX: 0, EX: 0, FX: 0, GX: 0, HX: 0, PC: 4
2024/12/10 20:00:25 Instrucción solicitada de PID: 1, TID: 1, PC: 4
2024/12/10 20:00:25 ## Obtener instrucción - (PID:TID) - (1:1) - Instrucción: THREAD_EXIT
2024/12/10 20:00:25 PID: 1 TID: 1 - FETCH - Program Counter: 4
2024/12/10 20:00:25 Instrucción decodificada: INSTUCCIÓN = THREAD_EXIT, PARÁMETROS = []
2024/12/10 20:00:25 ## TID: 1 - Ejecutando: THREAD_EXIT - Parámetros: []
2024/12/10 20:00:26 ## Contexto Actualizado - (PID:TID) - (1:1)
2024/12/10 20:00:26 ## (<PID:1>:<TID:1>) - Solicito syscall: <THREAD_EXIT> ##
2024/12/10 20:00:26  ## (<PID: 1>:<TID: 1>) finaliza el hilo - Estado: EXIT ##
2024/12/10 20:00:26 ## Hilo Destruido - (PID:TID) - (1:1)
2024/12/10 20:00:26 AX: 0, BX: 1, CX: 0, DX: 0, EX: 0, FX: 0, GX: 0, HX: 0, PC: 5
2024/12/10 20:00:26 ## (<PID 1>:<TID 2>) Se ejecuta el Hilo - Estado: EXEC
2024/12/10 20:00:26 PCB : 1 TID : 2 - Solicita Contexto de Ejecucion
2024/12/10 20:00:27 ## Contexto <Solicitado> - (PID:TID) - (1:2)
2024/12/10 20:00:27 PCB : 1 TID : 2 - Solicitud Contexto de Ejecucion Exitosa
2024/12/10 20:00:27 Instrucción solicitada de PID: 1, TID: 2, PC: 0
2024/12/10 20:00:27 ## Obtener instrucción - (PID:TID) - (1:2) - Instrucción: SET CX 5
2024/12/10 20:00:27 PID: 1 TID: 2 - FETCH - Program Counter: 0
2024/12/10 20:00:27 Instrucción decodificada: INSTUCCIÓN = SET, PARÁMETROS = [CX 5]
2024/12/10 20:00:27 ## TID: 2 - Ejecutando: SET - Parámetros: [CX 5]
2024/12/10 20:00:27 AX: 0, BX: 0, CX: 5, DX: 0, EX: 0, FX: 0, GX: 0, HX: 0, PC: 1
2024/12/10 20:00:27 Instrucción solicitada de PID: 1, TID: 2, PC: 1
2024/12/10 20:00:28 ## Obtener instrucción - (PID:TID) - (1:2) - Instrucción: SET BX 1
2024/12/10 20:00:28 PID: 1 TID: 2 - FETCH - Program Counter: 1
2024/12/10 20:00:28 Instrucción decodificada: INSTUCCIÓN = SET, PARÁMETROS = [BX 1]
2024/12/10 20:00:28 ## TID: 2 - Ejecutando: SET - Parámetros: [BX 1]
2024/12/10 20:00:28 AX: 0, BX: 1, CX: 5, DX: 0, EX: 0, FX: 0, GX: 0, HX: 0, PC: 2
2024/12/10 20:00:28 Instrucción solicitada de PID: 1, TID: 2, PC: 2
2024/12/10 20:00:28 ## Obtener instrucción - (PID:TID) - (1:2) - Instrucción: SUB CX BX
2024/12/10 20:00:28 PID: 1 TID: 2 - FETCH - Program Counter: 2
2024/12/10 20:00:28 Instrucción decodificada: INSTUCCIÓN = SUB, PARÁMETROS = [CX BX]
2024/12/10 20:00:28 ## TID: 2 - Ejecutando: SUB - Parámetros: [CX BX]
2024/12/10 20:00:28 AX: 0, BX: 1, CX: 4, DX: 0, EX: 0, FX: 0, GX: 0, HX: 0, PC: 3
2024/12/10 20:00:28 Instrucción solicitada de PID: 1, TID: 2, PC: 3
2024/12/10 20:00:29 ## Obtener instrucción - (PID:TID) - (1:2) - Instrucción: JNZ CX 2
2024/12/10 20:00:29 PID: 1 TID: 2 - FETCH - Program Counter: 3
2024/12/10 20:00:29 Instrucción decodificada: INSTUCCIÓN = JNZ, PARÁMETROS = [CX 2]
2024/12/10 20:00:29 ## TID: 2 - Ejecutando: JNZ - Parámetros: [CX 2]
2024/12/10 20:00:29 AX: 0, BX: 1, CX: 4, DX: 0, EX: 0, FX: 0, GX: 0, HX: 0, PC: 2
2024/12/10 20:00:29 Instrucción solicitada de PID: 1, TID: 2, PC: 2
2024/12/10 20:00:29 ## Obtener instrucción - (PID:TID) - (1:2) - Instrucción: SUB CX BX
2024/12/10 20:00:29 PID: 1 TID: 2 - FETCH - Program Counter: 2
2024/12/10 20:00:29 Instrucción decodificada: INSTUCCIÓN = SUB, PARÁMETROS = [CX BX]
2024/12/10 20:00:29 ## TID: 2 - Ejecutando: SUB - Parámetros: [CX BX]
2024/12/10 20:00:29 AX: 0, BX: 1, CX: 3, DX: 0, EX: 0, FX: 0, GX: 0, HX: 0, PC: 3
2024/12/10 20:00:29 Instrucción solicitada de PID: 1, TID: 2, PC: 3
2024/12/10 20:00:30 ## Obtener instrucción - (PID:TID) - (1:2) - Instrucción: JNZ CX 2
2024/12/10 20:00:30 PID: 1 TID: 2 - FETCH - Program Counter: 3
2024/12/10 20:00:30 Instrucción decodificada: INSTUCCIÓN = JNZ, PARÁMETROS = [CX 2]
2024/12/10 20:00:30 ## TID: 2 - Ejecutando: JNZ - Parámetros: [CX 2]
2024/12/10 20:00:30 AX: 0, BX: 1, CX: 3, DX: 0, EX: 0, FX: 0, GX: 0, HX: 0, PC: 2
2024/12/10 20:00:30 Instrucción solicitada de PID: 1, TID: 2, PC: 2
2024/12/10 20:00:30 ## Obtener instrucción - (PID:TID) - (1:2) - Instrucción: SUB CX BX
2024/12/10 20:00:30 PID: 1 TID: 2 - FETCH - Program Counter: 2
2024/12/10 20:00:30 Instrucción decodificada: INSTUCCIÓN = SUB, PARÁMETROS = [CX BX]
2024/12/10 20:00:30 ## TID: 2 - Ejecutando: SUB - Parámetros: [CX BX]
2024/12/10 20:00:30 AX: 0, BX: 1, CX: 2, DX: 0, EX: 0, FX: 0, GX: 0, HX: 0, PC: 3
2024/12/10 20:00:30 Instrucción solicitada de PID: 1, TID: 2, PC: 3
2024/12/10 20:00:31 ## Obtener instrucción - (PID:TID) - (1:2) - Instrucción: JNZ CX 2
2024/12/10 20:00:31 PID: 1 TID: 2 - FETCH - Program Counter: 3
2024/12/10 20:00:31 Instrucción decodificada: INSTUCCIÓN = JNZ, PARÁMETROS = [CX 2]
2024/12/10 20:00:31 ## TID: 2 - Ejecutando: JNZ - Parámetros: [CX 2]
2024/12/10 20:00:31 AX: 0, BX: 1, CX: 2, DX: 0, EX: 0, FX: 0, GX: 0, HX: 0, PC: 2
2024/12/10 20:00:31 Instrucción solicitada de PID: 1, TID: 2, PC: 2
2024/12/10 20:00:31 ## Obtener instrucción - (PID:TID) - (1:2) - Instrucción: SUB CX BX
2024/12/10 20:00:31 PID: 1 TID: 2 - FETCH - Program Counter: 2
2024/12/10 20:00:31 Instrucción decodificada: INSTUCCIÓN = SUB, PARÁMETROS = [CX BX]
2024/12/10 20:00:31 ## TID: 2 - Ejecutando: SUB - Parámetros: [CX BX]
2024/12/10 20:00:31 AX: 0, BX: 1, CX: 1, DX: 0, EX: 0, FX: 0, GX: 0, HX: 0, PC: 3
2024/12/10 20:00:31 Instrucción solicitada de PID: 1, TID: 2, PC: 3
2024/12/10 20:00:32 ## Obtener instrucción - (PID:TID) - (1:2) - Instrucción: JNZ CX 2
2024/12/10 20:00:32 PID: 1 TID: 2 - FETCH - Program Counter: 3
2024/12/10 20:00:32 Instrucción decodificada: INSTUCCIÓN = JNZ, PARÁMETROS = [CX 2]
2024/12/10 20:00:32 ## TID: 2 - Ejecutando: JNZ - Parámetros: [CX 2]
2024/12/10 20:00:32 AX: 0, BX: 1, CX: 1, DX: 0, EX: 0, FX: 0, GX: 0, HX: 0, PC: 2
2024/12/10 20:00:32 Instrucción solicitada de PID: 1, TID: 2, PC: 2
2024/12/10 20:00:32 ## Obtener instrucción - (PID:TID) - (1:2) - Instrucción: SUB CX BX
2024/12/10 20:00:32 PID: 1 TID: 2 - FETCH - Program Counter: 2
2024/12/10 20:00:32 Instrucción decodificada: INSTUCCIÓN = SUB, PARÁMETROS = [CX BX]
2024/12/10 20:00:32 ## TID: 2 - Ejecutando: SUB - Parámetros: [CX BX]
2024/12/10 20:00:32 AX: 0, BX: 1, CX: 0, DX: 0, EX: 0, FX: 0, GX: 0, HX: 0, PC: 3
2024/12/10 20:00:32 Instrucción solicitada de PID: 1, TID: 2, PC: 3
2024/12/10 20:00:33 ## Obtener instrucción - (PID:TID) - (1:2) - Instrucción: JNZ CX 2
2024/12/10 20:00:33 PID: 1 TID: 2 - FETCH - Program Counter: 3
2024/12/10 20:00:33 Instrucción decodificada: INSTUCCIÓN = JNZ, PARÁMETROS = [CX 2]
2024/12/10 20:00:33 ## TID: 2 - Ejecutando: JNZ - Parámetros: [CX 2]
2024/12/10 20:00:33 AX: 0, BX: 1, CX: 0, DX: 0, EX: 0, FX: 0, GX: 0, HX: 0, PC: 4
2024/12/10 20:00:33 Instrucción solicitada de PID: 1, TID: 2, PC: 4
2024/12/10 20:00:33 ## Obtener instrucción - (PID:TID) - (1:2) - Instrucción: THREAD_EXIT
2024/12/10 20:00:33 PID: 1 TID: 2 - FETCH - Program Counter: 4
2024/12/10 20:00:33 Instrucción decodificada: INSTUCCIÓN = THREAD_EXIT, PARÁMETROS = []
2024/12/10 20:00:33 ## TID: 2 - Ejecutando: THREAD_EXIT - Parámetros: []
2024/12/10 20:00:34 ## Contexto Actualizado - (PID:TID) - (1:2)
2024/12/10 20:00:34 ## (<PID:1>:<TID:2>) - Solicito syscall: <THREAD_EXIT> ##
2024/12/10 20:00:34  ## (<PID: 1>:<TID: 2>) finaliza el hilo - Estado: EXIT ##
2024/12/10 20:00:34 ## Hilo Destruido - (PID:TID) - (1:2)
2024/12/10 20:00:34 AX: 0, BX: 1, CX: 0, DX: 0, EX: 0, FX: 0, GX: 0, HX: 0, PC: 5
2024/12/10 20:00:34 ## (<PID 1>:<TID 3>) Se ejecuta el Hilo - Estado: EXEC
2024/12/10 20:00:34 PCB : 1 TID : 3 - Solicita Contexto de Ejecucion
2024/12/10 20:00:35 ## Contexto <Solicitado> - (PID:TID) - (1:3)
2024/12/10 20:00:35 PCB : 1 TID : 3 - Solicitud Contexto de Ejecucion Exitosa
2024/12/10 20:00:35 Instrucción solicitada de PID: 1, TID: 3, PC: 0
2024/12/10 20:00:35 ## Obtener instrucción - (PID:TID) - (1:3) - Instrucción: SET CX 5
2024/12/10 20:00:35 PID: 1 TID: 3 - FETCH - Program Counter: 0
2024/12/10 20:00:35 Instrucción decodificada: INSTUCCIÓN = SET, PARÁMETROS = [CX 5]
2024/12/10 20:00:35 ## TID: 3 - Ejecutando: SET - Parámetros: [CX 5]
2024/12/10 20:00:35 AX: 0, BX: 0, CX: 5, DX: 0, EX: 0, FX: 0, GX: 0, HX: 0, PC: 1
2024/12/10 20:00:35 Instrucción solicitada de PID: 1, TID: 3, PC: 1
2024/12/10 20:00:36 ## Obtener instrucción - (PID:TID) - (1:3) - Instrucción: SET BX 1
2024/12/10 20:00:36 PID: 1 TID: 3 - FETCH - Program Counter: 1
2024/12/10 20:00:36 Instrucción decodificada: INSTUCCIÓN = SET, PARÁMETROS = [BX 1]
2024/12/10 20:00:36 ## TID: 3 - Ejecutando: SET - Parámetros: [BX 1]
2024/12/10 20:00:36 AX: 0, BX: 1, CX: 5, DX: 0, EX: 0, FX: 0, GX: 0, HX: 0, PC: 2
2024/12/10 20:00:36 Instrucción solicitada de PID: 1, TID: 3, PC: 2
2024/12/10 20:00:36 ## Obtener instrucción - (PID:TID) - (1:3) - Instrucción: SUB CX BX
2024/12/10 20:00:36 PID: 1 TID: 3 - FETCH - Program Counter: 2
2024/12/10 20:00:36 Instrucción decodificada: INSTUCCIÓN = SUB, PARÁMETROS = [CX BX]
2024/12/10 20:00:36 ## TID: 3 - Ejecutando: SUB - Parámetros: [CX BX]
2024/12/10 20:00:36 AX: 0, BX: 1, CX: 4, DX: 0, EX: 0, FX: 0, GX: 0, HX: 0, PC: 3
2024/12/10 20:00:36 Instrucción solicitada de PID: 1, TID: 3, PC: 3
2024/12/10 20:00:37 ## Obtener instrucción - (PID:TID) - (1:3) - Instrucción: JNZ CX 2
2024/12/10 20:00:37 PID: 1 TID: 3 - FETCH - Program Counter: 3
2024/12/10 20:00:37 Instrucción decodificada: INSTUCCIÓN = JNZ, PARÁMETROS = [CX 2]
2024/12/10 20:00:37 ## TID: 3 - Ejecutando: JNZ - Parámetros: [CX 2]
2024/12/10 20:00:37 AX: 0, BX: 1, CX: 4, DX: 0, EX: 0, FX: 0, GX: 0, HX: 0, PC: 2
2024/12/10 20:00:37 Instrucción solicitada de PID: 1, TID: 3, PC: 2
2024/12/10 20:00:37 ## Obtener instrucción - (PID:TID) - (1:3) - Instrucción: SUB CX BX
2024/12/10 20:00:37 PID: 1 TID: 3 - FETCH - Program Counter: 2
2024/12/10 20:00:37 Instrucción decodificada: INSTUCCIÓN = SUB, PARÁMETROS = [CX BX]
2024/12/10 20:00:37 ## TID: 3 - Ejecutando: SUB - Parámetros: [CX BX]
2024/12/10 20:00:37 AX: 0, BX: 1, CX: 3, DX: 0, EX: 0, FX: 0, GX: 0, HX: 0, PC: 3
2024/12/10 20:00:37 Instrucción solicitada de PID: 1, TID: 3, PC: 3
2024/12/10 20:00:38 ## Obtener instrucción - (PID:TID) - (1:3) - Instrucción: JNZ CX 2
2024/12/10 20:00:38 PID: 1 TID: 3 - FETCH - Program Counter: 3
2024/12/10 20:00:38 Instrucción decodificada: INSTUCCIÓN = JNZ, PARÁMETROS = [CX 2]
2024/12/10 20:00:38 ## TID: 3 - Ejecutando: JNZ - Parámetros: [CX 2]
2024/12/10 20:00:38 AX: 0, BX: 1, CX: 3, DX: 0, EX: 0, FX: 0, GX: 0, HX: 0, PC: 2
2024/12/10 20:00:38 Instrucción solicitada de PID: 1, TID: 3, PC: 2
2024/12/10 20:00:38 ## Obtener instrucción - (PID:TID) - (1:3) - Instrucción: SUB CX BX
2024/12/10 20:00:38 PID: 1 TID: 3 - FETCH - Program Counter: 2
2024/12/10 20:00:38 Instrucción decodificada: INSTUCCIÓN = SUB, PARÁMETROS = [CX BX]
2024/12/10 20:00:38 ## TID: 3 - Ejecutando: SUB - Parámetros: [CX BX]
2024/12/10 20:00:38 AX: 0, BX: 1, CX: 2, DX: 0, EX: 0, FX: 0, GX: 0, HX: 0, PC: 3
2024/12/10 20:00:38 Instrucción solicitada de PID: 1, TID: 3, PC: 3
2024/12/10 20:00:39 ## Obtener instrucción - (PID:TID) - (1:3) - Instrucción: JNZ CX 2
2024/12/10 20:00:39 PID: 1 TID: 3 - FETCH - Program Counter: 3
2024/12/10 20:00:39 Instrucción decodificada: INSTUCCIÓN = JNZ, PARÁMETROS = [CX 2]
2024/12/10 20:00:39 ## TID: 3 - Ejecutando: JNZ - Parámetros: [CX 2]
2024/12/10 20:00:39 AX: 0, BX: 1, CX: 2, DX: 0, EX: 0, FX: 0, GX: 0, HX: 0, PC: 2
2024/12/10 20:00:39 Instrucción solicitada de PID: 1, TID: 3, PC: 2
2024/12/10 20:00:39 ## Obtener instrucción - (PID:TID) - (1:3) - Instrucción: SUB CX BX
2024/12/10 20:00:39 PID: 1 TID: 3 - FETCH - Program Counter: 2
2024/12/10 20:00:39 Instrucción decodificada: INSTUCCIÓN = SUB, PARÁMETROS = [CX BX]
2024/12/10 20:00:39 ## TID: 3 - Ejecutando: SUB - Parámetros: [CX BX]
2024/12/10 20:00:39 AX: 0, BX: 1, CX: 1, DX: 0, EX: 0, FX: 0, GX: 0, HX: 0, PC: 3
2024/12/10 20:00:39 Instrucción solicitada de PID: 1, TID: 3, PC: 3
2024/12/10 20:00:40 ## Obtener instrucción - (PID:TID) - (1:3) - Instrucción: JNZ CX 2
2024/12/10 20:00:40 PID: 1 TID: 3 - FETCH - Program Counter: 3
2024/12/10 20:00:40 Instrucción decodificada: INSTUCCIÓN = JNZ, PARÁMETROS = [CX 2]
2024/12/10 20:00:40 ## TID: 3 - Ejecutando: JNZ - Parámetros: [CX 2]
2024/12/10 20:00:40 AX: 0, BX: 1, CX: 1, DX: 0, EX: 0, FX: 0, GX: 0, HX: 0, PC: 2
2024/12/10 20:00:40 Instrucción solicitada de PID: 1, TID: 3, PC: 2
2024/12/10 20:00:40 ## Obtener instrucción - (PID:TID) - (1:3) - Instrucción: SUB CX BX
2024/12/10 20:00:40 PID: 1 TID: 3 - FETCH - Program Counter: 2
2024/12/10 20:00:40 Instrucción decodificada: INSTUCCIÓN = SUB, PARÁMETROS = [CX BX]
2024/12/10 20:00:40 ## TID: 3 - Ejecutando: SUB - Parámetros: [CX BX]
2024/12/10 20:00:40 AX: 0, BX: 1, CX: 0, DX: 0, EX: 0, FX: 0, GX: 0, HX: 0, PC: 3
2024/12/10 20:00:40 Instrucción solicitada de PID: 1, TID: 3, PC: 3
2024/12/10 20:00:41 ## Obtener instrucción - (PID:TID) - (1:3) - Instrucción: JNZ CX 2
2024/12/10 20:00:41 PID: 1 TID: 3 - FETCH - Program Counter: 3
2024/12/10 20:00:41 Instrucción decodificada: INSTUCCIÓN = JNZ, PARÁMETROS = [CX 2]
2024/12/10 20:00:41 ## TID: 3 - Ejecutando: JNZ - Parámetros: [CX 2]
2024/12/10 20:00:41 AX: 0, BX: 1, CX: 0, DX: 0, EX: 0, FX: 0, GX: 0, HX: 0, PC: 4
2024/12/10 20:00:41 Instrucción solicitada de PID: 1, TID: 3, PC: 4
2024/12/10 20:00:41 ## Obtener instrucción - (PID:TID) - (1:3) - Instrucción: THREAD_EXIT
2024/12/10 20:00:41 PID: 1 TID: 3 - FETCH - Program Counter: 4
2024/12/10 20:00:41 Instrucción decodificada: INSTUCCIÓN = THREAD_EXIT, PARÁMETROS = []
2024/12/10 20:00:41 ## TID: 3 - Ejecutando: THREAD_EXIT - Parámetros: []
2024/12/10 20:00:42 ## Contexto Actualizado - (PID:TID) - (1:3)
2024/12/10 20:00:42 ## (<PID:1>:<TID:3>) - Solicito syscall: <THREAD_EXIT> ##
2024/12/10 20:00:42  ## (<PID: 1>:<TID: 3>) finaliza el hilo - Estado: EXIT ##
2024/12/10 20:00:42 ## Hilo Destruido - (PID:TID) - (1:3)
2024/12/10 20:00:42 AX: 0, BX: 1, CX: 0, DX: 0, EX: 0, FX: 0, GX: 0, HX: 0, PC: 5
2024/12/10 20:00:42 ## (<PID 1>:<TID 4>) Se ejecuta el Hilo - Estado: EXEC
2024/12/10 20:00:42 PCB : 1 TID : 4 - Solicita Contexto de Ejecucion
2024/12/10 20:00:43 ## Contexto <Solicitado> - (PID:TID) - (1:4)
2024/12/10 20:00:43 PCB : 1 TID : 4 - Solicitud Contexto de Ejecucion Exitosa
2024/12/10 20:00:43 Instrucción solicitada de PID: 1, TID: 4, PC: 0
2024/12/10 20:00:43 ## Obtener instrucción - (PID:TID) - (1:4) - Instrucción: SET CX 5
2024/12/10 20:00:43 PID: 1 TID: 4 - FETCH - Program Counter: 0
2024/12/10 20:00:43 Instrucción decodificada: INSTUCCIÓN = SET, PARÁMETROS = [CX 5]
2024/12/10 20:00:43 ## TID: 4 - Ejecutando: SET - Parámetros: [CX 5]
2024/12/10 20:00:43 AX: 0, BX: 0, CX: 5, DX: 0, EX: 0, FX: 0, GX: 0, HX: 0, PC: 1
2024/12/10 20:00:43 Instrucción solicitada de PID: 1, TID: 4, PC: 1
2024/12/10 20:00:44 ## Obtener instrucción - (PID:TID) - (1:4) - Instrucción: SET BX 1
2024/12/10 20:00:44 PID: 1 TID: 4 - FETCH - Program Counter: 1
2024/12/10 20:00:44 Instrucción decodificada: INSTUCCIÓN = SET, PARÁMETROS = [BX 1]
2024/12/10 20:00:44 ## TID: 4 - Ejecutando: SET - Parámetros: [BX 1]
2024/12/10 20:00:44 AX: 0, BX: 1, CX: 5, DX: 0, EX: 0, FX: 0, GX: 0, HX: 0, PC: 2
2024/12/10 20:00:44 Instrucción solicitada de PID: 1, TID: 4, PC: 2
2024/12/10 20:00:44 ## Obtener instrucción - (PID:TID) - (1:4) - Instrucción: SUB CX BX
2024/12/10 20:00:44 PID: 1 TID: 4 - FETCH - Program Counter: 2
2024/12/10 20:00:44 Instrucción decodificada: INSTUCCIÓN = SUB, PARÁMETROS = [CX BX]
2024/12/10 20:00:44 ## TID: 4 - Ejecutando: SUB - Parámetros: [CX BX]
2024/12/10 20:00:44 AX: 0, BX: 1, CX: 4, DX: 0, EX: 0, FX: 0, GX: 0, HX: 0, PC: 3
2024/12/10 20:00:44 Instrucción solicitada de PID: 1, TID: 4, PC: 3
2024/12/10 20:00:45 ## Obtener instrucción - (PID:TID) - (1:4) - Instrucción: JNZ CX 2
2024/12/10 20:00:45 PID: 1 TID: 4 - FETCH - Program Counter: 3
2024/12/10 20:00:45 Instrucción decodificada: INSTUCCIÓN = JNZ, PARÁMETROS = [CX 2]
2024/12/10 20:00:45 ## TID: 4 - Ejecutando: JNZ - Parámetros: [CX 2]
2024/12/10 20:00:45 AX: 0, BX: 1, CX: 4, DX: 0, EX: 0, FX: 0, GX: 0, HX: 0, PC: 2
2024/12/10 20:00:45 Instrucción solicitada de PID: 1, TID: 4, PC: 2
2024/12/10 20:00:45 ## Obtener instrucción - (PID:TID) - (1:4) - Instrucción: SUB CX BX
2024/12/10 20:00:45 PID: 1 TID: 4 - FETCH - Program Counter: 2
2024/12/10 20:00:45 Instrucción decodificada: INSTUCCIÓN = SUB, PARÁMETROS = [CX BX]
2024/12/10 20:00:45 ## TID: 4 - Ejecutando: SUB - Parámetros: [CX BX]
2024/12/10 20:00:45 AX: 0, BX: 1, CX: 3, DX: 0, EX: 0, FX: 0, GX: 0, HX: 0, PC: 3
2024/12/10 20:00:45 Instrucción solicitada de PID: 1, TID: 4, PC: 3
2024/12/10 20:00:46 ## Obtener instrucción - (PID:TID) - (1:4) - Instrucción: JNZ CX 2
2024/12/10 20:00:46 PID: 1 TID: 4 - FETCH - Program Counter: 3
2024/12/10 20:00:46 Instrucción decodificada: INSTUCCIÓN = JNZ, PARÁMETROS = [CX 2]
2024/12/10 20:00:46 ## TID: 4 - Ejecutando: JNZ - Parámetros: [CX 2]
2024/12/10 20:00:46 AX: 0, BX: 1, CX: 3, DX: 0, EX: 0, FX: 0, GX: 0, HX: 0, PC: 2
2024/12/10 20:00:46 Instrucción solicitada de PID: 1, TID: 4, PC: 2
2024/12/10 20:00:46 ## Obtener instrucción - (PID:TID) - (1:4) - Instrucción: SUB CX BX
2024/12/10 20:00:46 PID: 1 TID: 4 - FETCH - Program Counter: 2
2024/12/10 20:00:46 Instrucción decodificada: INSTUCCIÓN = SUB, PARÁMETROS = [CX BX]
2024/12/10 20:00:46 ## TID: 4 - Ejecutando: SUB - Parámetros: [CX BX]
2024/12/10 20:00:46 AX: 0, BX: 1, CX: 2, DX: 0, EX: 0, FX: 0, GX: 0, HX: 0, PC: 3
2024/12/10 20:00:46 Instrucción solicitada de PID: 1, TID: 4, PC: 3
2024/12/10 20:00:47 ## Obtener instrucción - (PID:TID) - (1:4) - Instrucción: JNZ CX 2
2024/12/10 20:00:47 PID: 1 TID: 4 - FETCH - Program Counter: 3
2024/12/10 20:00:47 Instrucción decodificada: INSTUCCIÓN = JNZ, PARÁMETROS = [CX 2]
2024/12/10 20:00:47 ## TID: 4 - Ejecutando: JNZ - Parámetros: [CX 2]
2024/12/10 20:00:47 AX: 0, BX: 1, CX: 2, DX: 0, EX: 0, FX: 0, GX: 0, HX: 0, PC: 2
2024/12/10 20:00:47 Instrucción solicitada de PID: 1, TID: 4, PC: 2
2024/12/10 20:00:47 ## Obtener instrucción - (PID:TID) - (1:4) - Instrucción: SUB CX BX
2024/12/10 20:00:47 PID: 1 TID: 4 - FETCH - Program Counter: 2
2024/12/10 20:00:47 Instrucción decodificada: INSTUCCIÓN = SUB, PARÁMETROS = [CX BX]
2024/12/10 20:00:47 ## TID: 4 - Ejecutando: SUB - Parámetros: [CX BX]
2024/12/10 20:00:47 AX: 0, BX: 1, CX: 1, DX: 0, EX: 0, FX: 0, GX: 0, HX: 0, PC: 3
2024/12/10 20:00:47 Instrucción solicitada de PID: 1, TID: 4, PC: 3
2024/12/10 20:00:48 ## Obtener instrucción - (PID:TID) - (1:4) - Instrucción: JNZ CX 2
2024/12/10 20:00:48 PID: 1 TID: 4 - FETCH - Program Counter: 3
2024/12/10 20:00:48 Instrucción decodificada: INSTUCCIÓN = JNZ, PARÁMETROS = [CX 2]
2024/12/10 20:00:48 ## TID: 4 - Ejecutando: JNZ - Parámetros: [CX 2]
2024/12/10 20:00:48 AX: 0, BX: 1, CX: 1, DX: 0, EX: 0, FX: 0, GX: 0, HX: 0, PC: 2
2024/12/10 20:00:48 Instrucción solicitada de PID: 1, TID: 4, PC: 2
2024/12/10 20:00:48 ## Obtener instrucción - (PID:TID) - (1:4) - Instrucción: SUB CX BX
2024/12/10 20:00:48 PID: 1 TID: 4 - FETCH - Program Counter: 2
2024/12/10 20:00:48 Instrucción decodificada: INSTUCCIÓN = SUB, PARÁMETROS = [CX BX]
2024/12/10 20:00:48 ## TID: 4 - Ejecutando: SUB - Parámetros: [CX BX]
2024/12/10 20:00:48 AX: 0, BX: 1, CX: 0, DX: 0, EX: 0, FX: 0, GX: 0, HX: 0, PC: 3
2024/12/10 20:00:48 Instrucción solicitada de PID: 1, TID: 4, PC: 3
2024/12/10 20:00:49 ## Obtener instrucción - (PID:TID) - (1:4) - Instrucción: JNZ CX 2
2024/12/10 20:00:49 PID: 1 TID: 4 - FETCH - Program Counter: 3
2024/12/10 20:00:49 Instrucción decodificada: INSTUCCIÓN = JNZ, PARÁMETROS = [CX 2]
2024/12/10 20:00:49 ## TID: 4 - Ejecutando: JNZ - Parámetros: [CX 2]
2024/12/10 20:00:49 AX: 0, BX: 1, CX: 0, DX: 0, EX: 0, FX: 0, GX: 0, HX: 0, PC: 4
2024/12/10 20:00:49 Instrucción solicitada de PID: 1, TID: 4, PC: 4
2024/12/10 20:00:49 ## Obtener instrucción - (PID:TID) - (1:4) - Instrucción: THREAD_EXIT
2024/12/10 20:00:49 PID: 1 TID: 4 - FETCH - Program Counter: 4
2024/12/10 20:00:49 Instrucción decodificada: INSTUCCIÓN = THREAD_EXIT, PARÁMETROS = []
2024/12/10 20:00:49 ## TID: 4 - Ejecutando: THREAD_EXIT - Parámetros: []
2024/12/10 20:00:50 ## Contexto Actualizado - (PID:TID) - (1:4)
2024/12/10 20:00:50 ## (<PID:1>:<TID:4>) - Solicito syscall: <THREAD_EXIT> ##
2024/12/10 20:00:50  ## (<PID: 1>:<TID: 4>) finaliza el hilo - Estado: EXIT ##
2024/12/10 20:00:50 ## (<PID 1>:<TID 0>) Se encola el Hilo - Estado: READY
2024/12/10 20:00:50  ## (<PID: 1>:<TID: 0>) - Pasa de Block a Ready ##
2024/12/10 20:00:51 ## Hilo Destruido - (PID:TID) - (1:4)
2024/12/10 20:00:51 AX: 0, BX: 1, CX: 0, DX: 0, EX: 0, FX: 0, GX: 0, HX: 0, PC: 5
2024/12/10 20:00:51 ## (<PID 1>:<TID 0>) Se ejecuta el Hilo - Estado: EXEC
2024/12/10 20:00:51 PCB : 1 TID : 0 - Solicita Contexto de Ejecucion
2024/12/10 20:00:51 ## Contexto <Solicitado> - (PID:TID) - (1:0)
2024/12/10 20:00:51 PCB : 1 TID : 0 - Solicitud Contexto de Ejecucion Exitosa
2024/12/10 20:00:51 Instrucción solicitada de PID: 1, TID: 0, PC: 11
2024/12/10 20:00:52 ## Obtener instrucción - (PID:TID) - (1:0) - Instrucción: PROCESS_EXIT
2024/12/10 20:00:52 PID: 1 TID: 0 - FETCH - Program Counter: 11
2024/12/10 20:00:52 Instrucción decodificada: INSTUCCIÓN = PROCESS_EXIT, PARÁMETROS = []
2024/12/10 20:00:52 ## TID: 0 - Ejecutando: PROCESS_EXIT - Parámetros: []
2024/12/10 20:00:52 Finalizando proceso PID: 1
2024/12/10 20:00:52 ## Contexto Actualizado - (PID:TID) - (1:0)
2024/12/10 20:00:52 ## (<PID:1>:<TID:0>) - Solicitó syscall: <PROCESS_EXIT> ##
2024/12/10 20:00:52  ## (<PID: 1>:<TID: 0>) finaliza el hilo - Estado: EXIT ##
2024/12/10 20:00:53 ## Hilo Destruido - (PID:TID) - (1:0)
2024/12/10 20:00:53  ## (<PID: 1>) finaliza el Proceso - Estado: EXIT ##
2024/12/10 20:00:53 ## Entro a terminate - PID: 1 
2024/12/10 20:00:53 ## Encuentro particion - PID: 1 - num: 0
2024/12/10 20:00:53 ## Proceso Destruido - PID: 1 - Tamaño: 32
2024/12/10 20:00:53 AX: 1, BX: 0, CX: 0, DX: 4, EX: 0, FX: 0, GX: 0, HX: 0, PC: 12
2024/12/10 20:00:53 ## No hay mas procesos Inicializados, se pausa la planificacion ##
