2024/12/10 20:01:38 ## Proceso Creado - PID: 1 - Tamaño: 32
2024/12/10 20:01:39 ## Hilo Creado - (PID:TID) - (1:0)
2024/12/10 20:01:39 ## (<PID 1>:<TID 0>) Se ejecuta el Hilo - Estado: EXEC
2024/12/10 20:01:39 PCB : 1 TID : 0 - Solicita Contexto de Ejecucion
2024/12/10 20:01:40 ## Contexto <Solicitado> - (PID:TID) - (1:0)
2024/12/10 20:01:40 PCB : 1 TID : 0 - Solicitud Contexto de Ejecucion Exitosa
2024/12/10 20:01:40 Instrucción solicitada de PID: 1, TID: 0, PC: 0
2024/12/10 20:01:40 ## Obtener instrucción - (PID:TID) - (1:0) - Instrucción: SET DX 0
2024/12/10 20:01:40 PID: 1 TID: 0 - FETCH - Program Counter: 0
2024/12/10 20:01:40 Instrucción decodificada: INSTUCCIÓN = SET, PARÁMETROS = [DX 0]
2024/12/10 20:01:40 ## TID: 0 - Ejecutando: SET - Parámetros: [DX 0]
2024/12/10 20:01:40 AX: 0, BX: 0, CX: 0, DX: 0, EX: 0, FX: 0, GX: 0, HX: 0, PC: 1
2024/12/10 20:01:40 Instrucción solicitada de PID: 1, TID: 0, PC: 1
2024/12/10 20:01:41 ## Obtener instrucción - (PID:TID) - (1:0) - Instrucción: SET AX 1
2024/12/10 20:01:41 PID: 1 TID: 0 - FETCH - Program Counter: 1
2024/12/10 20:01:41 Instrucción decodificada: INSTUCCIÓN = SET, PARÁMETROS = [AX 1]
2024/12/10 20:01:41 ## TID: 0 - Ejecutando: SET - Parámetros: [AX 1]
2024/12/10 20:01:41 AX: 1, BX: 0, CX: 0, DX: 0, EX: 0, FX: 0, GX: 0, HX: 0, PC: 2
2024/12/10 20:01:41 Instrucción solicitada de PID: 1, TID: 0, PC: 2
2024/12/10 20:01:41 ## Obtener instrucción - (PID:TID) - (1:0) - Instrucción: THREAD_CREATE PLANI_THREAD 6
2024/12/10 20:01:41 PID: 1 TID: 0 - FETCH - Program Counter: 2
2024/12/10 20:01:41 Instrucción decodificada: INSTUCCIÓN = THREAD_CREATE, PARÁMETROS = [PLANI_THREAD 6]
2024/12/10 20:01:41 ## TID: 0 - Ejecutando: THREAD_CREATE - Parámetros: [PLANI_THREAD 6]
2024/12/10 20:01:42 ## Contexto Actualizado - (PID:TID) - (1:0)
2024/12/10 20:01:42 ## (<PID:1>:<TID:0>) - Solicitó syscall: <THREAD_CREATE> ##
2024/12/10 20:01:43 ## Hilo Creado - (PID:TID) - (1:1)
2024/12/10 20:01:43 ## (<PID 1>:<TID 1>) Se encola el Hilo - Estado: READY
2024/12/10 20:01:43 ## (<PID 1>:<TID 1>) Se crea el Hilo - Estado: READY
2024/12/10 20:01:43 PCB : 1 TID : 0 - Solicita Contexto de Ejecucion
2024/12/10 20:01:43 ## Contexto <Solicitado> - (PID:TID) - (1:0)
2024/12/10 20:01:43 PCB : 1 TID : 0 - Solicitud Contexto de Ejecucion Exitosa
2024/12/10 20:01:43 Entra a evaluar HILO ANTERIOR
2024/12/10 20:01:43 Instrucción solicitada de PID: 1, TID: 0, PC: 3
2024/12/10 20:01:44 ## Obtener instrucción - (PID:TID) - (1:0) - Instrucción: SUM DX AX
2024/12/10 20:01:44 PID: 1 TID: 0 - FETCH - Program Counter: 3
2024/12/10 20:01:44 Instrucción decodificada: INSTUCCIÓN = SUM, PARÁMETROS = [DX AX]
2024/12/10 20:01:44 ## TID: 0 - Ejecutando: SUM - Parámetros: [DX AX]
2024/12/10 20:01:44 AX: 1, BX: 0, CX: 0, DX: 1, EX: 0, FX: 0, GX: 0, HX: 0, PC: 4
2024/12/10 20:01:44 Instrucción solicitada de PID: 1, TID: 0, PC: 4
2024/12/10 20:01:44 ## Obtener instrucción - (PID:TID) - (1:0) - Instrucción: THREAD_CREATE PLANI_THREAD 5
2024/12/10 20:01:44 PID: 1 TID: 0 - FETCH - Program Counter: 4
2024/12/10 20:01:44 Instrucción decodificada: INSTUCCIÓN = THREAD_CREATE, PARÁMETROS = [PLANI_THREAD 5]
2024/12/10 20:01:44 ## TID: 0 - Ejecutando: THREAD_CREATE - Parámetros: [PLANI_THREAD 5]
2024/12/10 20:01:45 ## Contexto Actualizado - (PID:TID) - (1:0)
2024/12/10 20:01:45 ## (<PID:1>:<TID:0>) - Solicitó syscall: <THREAD_CREATE> ##
2024/12/10 20:01:46 ## Hilo Creado - (PID:TID) - (1:2)
2024/12/10 20:01:46 ## (<PID 1>:<TID 2>) Se encola el Hilo - Estado: READY
2024/12/10 20:01:46 ## (<PID 1>:<TID 2>) Se crea el Hilo - Estado: READY
2024/12/10 20:01:46 PCB : 1 TID : 0 - Solicita Contexto de Ejecucion
2024/12/10 20:01:46 ## Contexto <Solicitado> - (PID:TID) - (1:0)
2024/12/10 20:01:46 PCB : 1 TID : 0 - Solicitud Contexto de Ejecucion Exitosa
2024/12/10 20:01:46 Entra a evaluar HILO ANTERIOR
2024/12/10 20:01:46 Instrucción solicitada de PID: 1, TID: 0, PC: 5
2024/12/10 20:01:47 ## Obtener instrucción - (PID:TID) - (1:0) - Instrucción: SUM DX AX
2024/12/10 20:01:47 PID: 1 TID: 0 - FETCH - Program Counter: 5
2024/12/10 20:01:47 Instrucción decodificada: INSTUCCIÓN = SUM, PARÁMETROS = [DX AX]
2024/12/10 20:01:47 ## TID: 0 - Ejecutando: SUM - Parámetros: [DX AX]
2024/12/10 20:01:47 AX: 1, BX: 0, CX: 0, DX: 2, EX: 0, FX: 0, GX: 0, HX: 0, PC: 6
2024/12/10 20:01:47 Instrucción solicitada de PID: 1, TID: 0, PC: 6
2024/12/10 20:01:47 ## Obtener instrucción - (PID:TID) - (1:0) - Instrucción: THREAD_CREATE PLANI_THREAD 5
2024/12/10 20:01:47 PID: 1 TID: 0 - FETCH - Program Counter: 6
2024/12/10 20:01:47 Instrucción decodificada: INSTUCCIÓN = THREAD_CREATE, PARÁMETROS = [PLANI_THREAD 5]
2024/12/10 20:01:47 ## TID: 0 - Ejecutando: THREAD_CREATE - Parámetros: [PLANI_THREAD 5]
2024/12/10 20:01:48 ## Contexto Actualizado - (PID:TID) - (1:0)
2024/12/10 20:01:48 ## (<PID:1>:<TID:0>) - Solicitó syscall: <THREAD_CREATE> ##
2024/12/10 20:01:49 ## Hilo Creado - (PID:TID) - (1:3)
2024/12/10 20:01:49 ## (<PID 1>:<TID 3>) Se encola el Hilo - Estado: READY
2024/12/10 20:01:49 ## (<PID 1>:<TID 3>) Se crea el Hilo - Estado: READY
2024/12/10 20:01:49 PCB : 1 TID : 0 - Solicita Contexto de Ejecucion
2024/12/10 20:01:49 ## Contexto <Solicitado> - (PID:TID) - (1:0)
2024/12/10 20:01:49 PCB : 1 TID : 0 - Solicitud Contexto de Ejecucion Exitosa
2024/12/10 20:01:49 Entra a evaluar HILO ANTERIOR
2024/12/10 20:01:49 Instrucción solicitada de PID: 1, TID: 0, PC: 7
2024/12/10 20:01:50 ## Obtener instrucción - (PID:TID) - (1:0) - Instrucción: SUM DX AX
2024/12/10 20:01:50 PID: 1 TID: 0 - FETCH - Program Counter: 7
2024/12/10 20:01:50 Instrucción decodificada: INSTUCCIÓN = SUM, PARÁMETROS = [DX AX]
2024/12/10 20:01:50 ## TID: 0 - Ejecutando: SUM - Parámetros: [DX AX]
2024/12/10 20:01:50 AX: 1, BX: 0, CX: 0, DX: 3, EX: 0, FX: 0, GX: 0, HX: 0, PC: 8
2024/12/10 20:01:50 Instrucción solicitada de PID: 1, TID: 0, PC: 8
2024/12/10 20:01:50 ## Obtener instrucción - (PID:TID) - (1:0) - Instrucción: THREAD_CREATE PLANI_THREAD 6
2024/12/10 20:01:50 PID: 1 TID: 0 - FETCH - Program Counter: 8
2024/12/10 20:01:50 Instrucción decodificada: INSTUCCIÓN = THREAD_CREATE, PARÁMETROS = [PLANI_THREAD 6]
2024/12/10 20:01:50 ## TID: 0 - Ejecutando: THREAD_CREATE - Parámetros: [PLANI_THREAD 6]
2024/12/10 20:01:51 ## Contexto Actualizado - (PID:TID) - (1:0)
2024/12/10 20:01:51 ## (<PID:1>:<TID:0>) - Solicitó syscall: <THREAD_CREATE> ##
2024/12/10 20:01:52 ## Hilo Creado - (PID:TID) - (1:4)
2024/12/10 20:01:52 ## (<PID 1>:<TID 4>) Se encola el Hilo - Estado: READY
2024/12/10 20:01:52 ## (<PID 1>:<TID 4>) Se crea el Hilo - Estado: READY
2024/12/10 20:01:52 PCB : 1 TID : 0 - Solicita Contexto de Ejecucion
2024/12/10 20:01:52 ## Contexto <Solicitado> - (PID:TID) - (1:0)
2024/12/10 20:01:52 PCB : 1 TID : 0 - Solicitud Contexto de Ejecucion Exitosa
2024/12/10 20:01:52 Entra a evaluar HILO ANTERIOR
2024/12/10 20:01:52 Instrucción solicitada de PID: 1, TID: 0, PC: 9
2024/12/10 20:01:53 ## Obtener instrucción - (PID:TID) - (1:0) - Instrucción: SUM DX AX
2024/12/10 20:01:53 PID: 1 TID: 0 - FETCH - Program Counter: 9
2024/12/10 20:01:53 Instrucción decodificada: INSTUCCIÓN = SUM, PARÁMETROS = [DX AX]
2024/12/10 20:01:53 ## TID: 0 - Ejecutando: SUM - Parámetros: [DX AX]
2024/12/10 20:01:53 AX: 1, BX: 0, CX: 0, DX: 4, EX: 0, FX: 0, GX: 0, HX: 0, PC: 10
2024/12/10 20:01:53 Instrucción solicitada de PID: 1, TID: 0, PC: 10
2024/12/10 20:01:53 ## Obtener instrucción - (PID:TID) - (1:0) - Instrucción: THREAD_JOIN 4
2024/12/10 20:01:53 PID: 1 TID: 0 - FETCH - Program Counter: 10
2024/12/10 20:01:53 Instrucción decodificada: INSTUCCIÓN = THREAD_JOIN, PARÁMETROS = [4]
2024/12/10 20:01:53 ## TID: 0 - Ejecutando: THREAD_JOIN - Parámetros: [4]
2024/12/10 20:01:54 ## Contexto Actualizado - (PID:TID) - (1:0)
2024/12/10 20:01:54 ## (<PID:1>:<TID:0>) - Solicito syscall: <THREAD_JOIN> ##
2024/12/10 20:01:54 (<PID: 1 >:<TID: 0 >) - Bloqueado por: PTHREAD_JOIN
2024/12/10 20:01:54 AX: 1, BX: 0, CX: 0, DX: 4, EX: 0, FX: 0, GX: 0, HX: 0, PC: 11
2024/12/10 20:01:54 AX: 1, BX: 0, CX: 0, DX: 3, EX: 0, FX: 0, GX: 0, HX: 0, PC: 9
2024/12/10 20:01:54 AX: 1, BX: 0, CX: 0, DX: 2, EX: 0, FX: 0, GX: 0, HX: 0, PC: 7
2024/12/10 20:01:54 AX: 1, BX: 0, CX: 0, DX: 1, EX: 0, FX: 0, GX: 0, HX: 0, PC: 5
2024/12/10 20:01:54 AX: 1, BX: 0, CX: 0, DX: 0, EX: 0, FX: 0, GX: 0, HX: 0, PC: 3
2024/12/10 20:01:54 ## (<PID 1>:<TID 2>) Se ejecuta el Hilo - Estado: EXEC
2024/12/10 20:01:54 PCB : 1 TID : 2 - Solicita Contexto de Ejecucion
2024/12/10 20:01:54 ## Contexto <Solicitado> - (PID:TID) - (1:2)
2024/12/10 20:01:54 PCB : 1 TID : 2 - Solicitud Contexto de Ejecucion Exitosa
2024/12/10 20:01:54 Instrucción solicitada de PID: 1, TID: 2, PC: 0
2024/12/10 20:01:55 ## Obtener instrucción - (PID:TID) - (1:2) - Instrucción: SET CX 5
2024/12/10 20:01:55 PID: 1 TID: 2 - FETCH - Program Counter: 0
2024/12/10 20:01:55 Instrucción decodificada: INSTUCCIÓN = SET, PARÁMETROS = [CX 5]
2024/12/10 20:01:55 ## TID: 2 - Ejecutando: SET - Parámetros: [CX 5]
2024/12/10 20:01:55 AX: 0, BX: 0, CX: 5, DX: 0, EX: 0, FX: 0, GX: 0, HX: 0, PC: 1
2024/12/10 20:01:55 Instrucción solicitada de PID: 1, TID: 2, PC: 1
2024/12/10 20:01:55 ## Obtener instrucción - (PID:TID) - (1:2) - Instrucción: SET BX 1
2024/12/10 20:01:55 PID: 1 TID: 2 - FETCH - Program Counter: 1
2024/12/10 20:01:55 Instrucción decodificada: INSTUCCIÓN = SET, PARÁMETROS = [BX 1]
2024/12/10 20:01:55 ## TID: 2 - Ejecutando: SET - Parámetros: [BX 1]
2024/12/10 20:01:55 AX: 0, BX: 1, CX: 5, DX: 0, EX: 0, FX: 0, GX: 0, HX: 0, PC: 2
2024/12/10 20:01:55 Instrucción solicitada de PID: 1, TID: 2, PC: 2
2024/12/10 20:01:56 ## Obtener instrucción - (PID:TID) - (1:2) - Instrucción: SUB CX BX
2024/12/10 20:01:56 PID: 1 TID: 2 - FETCH - Program Counter: 2
2024/12/10 20:01:56 Instrucción decodificada: INSTUCCIÓN = SUB, PARÁMETROS = [CX BX]
2024/12/10 20:01:56 ## TID: 2 - Ejecutando: SUB - Parámetros: [CX BX]
2024/12/10 20:01:56 AX: 0, BX: 1, CX: 4, DX: 0, EX: 0, FX: 0, GX: 0, HX: 0, PC: 3
2024/12/10 20:01:56 Instrucción solicitada de PID: 1, TID: 2, PC: 3
2024/12/10 20:01:56 ## Obtener instrucción - (PID:TID) - (1:2) - Instrucción: JNZ CX 2
2024/12/10 20:01:56 PID: 1 TID: 2 - FETCH - Program Counter: 3
2024/12/10 20:01:56 Instrucción decodificada: INSTUCCIÓN = JNZ, PARÁMETROS = [CX 2]
2024/12/10 20:01:56 ## TID: 2 - Ejecutando: JNZ - Parámetros: [CX 2]
2024/12/10 20:01:56 AX: 0, BX: 1, CX: 4, DX: 0, EX: 0, FX: 0, GX: 0, HX: 0, PC: 2
2024/12/10 20:01:56 Instrucción solicitada de PID: 1, TID: 2, PC: 2
2024/12/10 20:01:57 ## Obtener instrucción - (PID:TID) - (1:2) - Instrucción: SUB CX BX
2024/12/10 20:01:57 PID: 1 TID: 2 - FETCH - Program Counter: 2
2024/12/10 20:01:57 Instrucción decodificada: INSTUCCIÓN = SUB, PARÁMETROS = [CX BX]
2024/12/10 20:01:57 ## TID: 2 - Ejecutando: SUB - Parámetros: [CX BX]
2024/12/10 20:01:57 AX: 0, BX: 1, CX: 3, DX: 0, EX: 0, FX: 0, GX: 0, HX: 0, PC: 3
2024/12/10 20:01:57 Instrucción solicitada de PID: 1, TID: 2, PC: 3
2024/12/10 20:01:57 ## Obtener instrucción - (PID:TID) - (1:2) - Instrucción: JNZ CX 2
2024/12/10 20:01:57 PID: 1 TID: 2 - FETCH - Program Counter: 3
2024/12/10 20:01:57 Instrucción decodificada: INSTUCCIÓN = JNZ, PARÁMETROS = [CX 2]
2024/12/10 20:01:57 ## TID: 2 - Ejecutando: JNZ - Parámetros: [CX 2]
2024/12/10 20:01:57 AX: 0, BX: 1, CX: 3, DX: 0, EX: 0, FX: 0, GX: 0, HX: 0, PC: 2
2024/12/10 20:01:57 Instrucción solicitada de PID: 1, TID: 2, PC: 2
2024/12/10 20:01:58 ## Obtener instrucción - (PID:TID) - (1:2) - Instrucción: SUB CX BX
2024/12/10 20:01:58 PID: 1 TID: 2 - FETCH - Program Counter: 2
2024/12/10 20:01:58 Instrucción decodificada: INSTUCCIÓN = SUB, PARÁMETROS = [CX BX]
2024/12/10 20:01:58 ## TID: 2 - Ejecutando: SUB - Parámetros: [CX BX]
2024/12/10 20:01:58 AX: 0, BX: 1, CX: 2, DX: 0, EX: 0, FX: 0, GX: 0, HX: 0, PC: 3
2024/12/10 20:01:58 Instrucción solicitada de PID: 1, TID: 2, PC: 3
2024/12/10 20:01:58 ## Obtener instrucción - (PID:TID) - (1:2) - Instrucción: JNZ CX 2
2024/12/10 20:01:58 PID: 1 TID: 2 - FETCH - Program Counter: 3
2024/12/10 20:01:58 Instrucción decodificada: INSTUCCIÓN = JNZ, PARÁMETROS = [CX 2]
2024/12/10 20:01:58 ## TID: 2 - Ejecutando: JNZ - Parámetros: [CX 2]
2024/12/10 20:01:58 AX: 0, BX: 1, CX: 2, DX: 0, EX: 0, FX: 0, GX: 0, HX: 0, PC: 2
2024/12/10 20:01:58 Instrucción solicitada de PID: 1, TID: 2, PC: 2
2024/12/10 20:01:59 ## Obtener instrucción - (PID:TID) - (1:2) - Instrucción: SUB CX BX
2024/12/10 20:01:59 PID: 1 TID: 2 - FETCH - Program Counter: 2
2024/12/10 20:01:59 Instrucción decodificada: INSTUCCIÓN = SUB, PARÁMETROS = [CX BX]
2024/12/10 20:01:59 ## TID: 2 - Ejecutando: SUB - Parámetros: [CX BX]
2024/12/10 20:01:59 AX: 0, BX: 1, CX: 1, DX: 0, EX: 0, FX: 0, GX: 0, HX: 0, PC: 3
2024/12/10 20:01:59 Instrucción solicitada de PID: 1, TID: 2, PC: 3
2024/12/10 20:01:59 ## Obtener instrucción - (PID:TID) - (1:2) - Instrucción: JNZ CX 2
2024/12/10 20:01:59 PID: 1 TID: 2 - FETCH - Program Counter: 3
2024/12/10 20:01:59 Instrucción decodificada: INSTUCCIÓN = JNZ, PARÁMETROS = [CX 2]
2024/12/10 20:01:59 ## TID: 2 - Ejecutando: JNZ - Parámetros: [CX 2]
2024/12/10 20:01:59 AX: 0, BX: 1, CX: 1, DX: 0, EX: 0, FX: 0, GX: 0, HX: 0, PC: 2
2024/12/10 20:01:59 Instrucción solicitada de PID: 1, TID: 2, PC: 2
2024/12/10 20:02:00 ## Obtener instrucción - (PID:TID) - (1:2) - Instrucción: SUB CX BX
2024/12/10 20:02:00 PID: 1 TID: 2 - FETCH - Program Counter: 2
2024/12/10 20:02:00 Instrucción decodificada: INSTUCCIÓN = SUB, PARÁMETROS = [CX BX]
2024/12/10 20:02:00 ## TID: 2 - Ejecutando: SUB - Parámetros: [CX BX]
2024/12/10 20:02:00 AX: 0, BX: 1, CX: 0, DX: 0, EX: 0, FX: 0, GX: 0, HX: 0, PC: 3
2024/12/10 20:02:00 Instrucción solicitada de PID: 1, TID: 2, PC: 3
2024/12/10 20:02:00 ## Obtener instrucción - (PID:TID) - (1:2) - Instrucción: JNZ CX 2
2024/12/10 20:02:00 PID: 1 TID: 2 - FETCH - Program Counter: 3
2024/12/10 20:02:00 Instrucción decodificada: INSTUCCIÓN = JNZ, PARÁMETROS = [CX 2]
2024/12/10 20:02:00 ## TID: 2 - Ejecutando: JNZ - Parámetros: [CX 2]
2024/12/10 20:02:00 AX: 0, BX: 1, CX: 0, DX: 0, EX: 0, FX: 0, GX: 0, HX: 0, PC: 4
2024/12/10 20:02:00 Instrucción solicitada de PID: 1, TID: 2, PC: 4
2024/12/10 20:02:01 ## Obtener instrucción - (PID:TID) - (1:2) - Instrucción: THREAD_EXIT
2024/12/10 20:02:01 PID: 1 TID: 2 - FETCH - Program Counter: 4
2024/12/10 20:02:01 Instrucción decodificada: INSTUCCIÓN = THREAD_EXIT, PARÁMETROS = []
2024/12/10 20:02:01 ## TID: 2 - Ejecutando: THREAD_EXIT - Parámetros: []
2024/12/10 20:02:01 ## Contexto Actualizado - (PID:TID) - (1:2)
2024/12/10 20:02:01 ## (<PID:1>:<TID:2>) - Solicito syscall: <THREAD_EXIT> ##
2024/12/10 20:02:01  ## (<PID: 1>:<TID: 2>) finaliza el hilo - Estado: EXIT ##
2024/12/10 20:02:02 ## Hilo Destruido - (PID:TID) - (1:2)
2024/12/10 20:02:02 AX: 0, BX: 1, CX: 0, DX: 0, EX: 0, FX: 0, GX: 0, HX: 0, PC: 5
2024/12/10 20:02:02 ## (<PID 1>:<TID 3>) Se ejecuta el Hilo - Estado: EXEC
2024/12/10 20:02:02 PCB : 1 TID : 3 - Solicita Contexto de Ejecucion
2024/12/10 20:02:02 ## Contexto <Solicitado> - (PID:TID) - (1:3)
2024/12/10 20:02:02 PCB : 1 TID : 3 - Solicitud Contexto de Ejecucion Exitosa
2024/12/10 20:02:02 Instrucción solicitada de PID: 1, TID: 3, PC: 0
2024/12/10 20:02:03 ## Obtener instrucción - (PID:TID) - (1:3) - Instrucción: SET CX 5
2024/12/10 20:02:03 PID: 1 TID: 3 - FETCH - Program Counter: 0
2024/12/10 20:02:03 Instrucción decodificada: INSTUCCIÓN = SET, PARÁMETROS = [CX 5]
2024/12/10 20:02:03 ## TID: 3 - Ejecutando: SET - Parámetros: [CX 5]
2024/12/10 20:02:03 AX: 0, BX: 0, CX: 5, DX: 0, EX: 0, FX: 0, GX: 0, HX: 0, PC: 1
2024/12/10 20:02:03 Instrucción solicitada de PID: 1, TID: 3, PC: 1
2024/12/10 20:02:03 ## Obtener instrucción - (PID:TID) - (1:3) - Instrucción: SET BX 1
2024/12/10 20:02:03 PID: 1 TID: 3 - FETCH - Program Counter: 1
2024/12/10 20:02:03 Instrucción decodificada: INSTUCCIÓN = SET, PARÁMETROS = [BX 1]
2024/12/10 20:02:03 ## TID: 3 - Ejecutando: SET - Parámetros: [BX 1]
2024/12/10 20:02:03 AX: 0, BX: 1, CX: 5, DX: 0, EX: 0, FX: 0, GX: 0, HX: 0, PC: 2
2024/12/10 20:02:03 Instrucción solicitada de PID: 1, TID: 3, PC: 2
2024/12/10 20:02:04 ## Obtener instrucción - (PID:TID) - (1:3) - Instrucción: SUB CX BX
2024/12/10 20:02:04 PID: 1 TID: 3 - FETCH - Program Counter: 2
2024/12/10 20:02:04 Instrucción decodificada: INSTUCCIÓN = SUB, PARÁMETROS = [CX BX]
2024/12/10 20:02:04 ## TID: 3 - Ejecutando: SUB - Parámetros: [CX BX]
2024/12/10 20:02:04 AX: 0, BX: 1, CX: 4, DX: 0, EX: 0, FX: 0, GX: 0, HX: 0, PC: 3
2024/12/10 20:02:04 Instrucción solicitada de PID: 1, TID: 3, PC: 3
2024/12/10 20:02:04 ## Obtener instrucción - (PID:TID) - (1:3) - Instrucción: JNZ CX 2
2024/12/10 20:02:04 PID: 1 TID: 3 - FETCH - Program Counter: 3
2024/12/10 20:02:04 Instrucción decodificada: INSTUCCIÓN = JNZ, PARÁMETROS = [CX 2]
2024/12/10 20:02:04 ## TID: 3 - Ejecutando: JNZ - Parámetros: [CX 2]
2024/12/10 20:02:04 AX: 0, BX: 1, CX: 4, DX: 0, EX: 0, FX: 0, GX: 0, HX: 0, PC: 2
2024/12/10 20:02:04 Instrucción solicitada de PID: 1, TID: 3, PC: 2
2024/12/10 20:02:05 ## Obtener instrucción - (PID:TID) - (1:3) - Instrucción: SUB CX BX
2024/12/10 20:02:05 PID: 1 TID: 3 - FETCH - Program Counter: 2
2024/12/10 20:02:05 Instrucción decodificada: INSTUCCIÓN = SUB, PARÁMETROS = [CX BX]
2024/12/10 20:02:05 ## TID: 3 - Ejecutando: SUB - Parámetros: [CX BX]
2024/12/10 20:02:05 AX: 0, BX: 1, CX: 3, DX: 0, EX: 0, FX: 0, GX: 0, HX: 0, PC: 3
2024/12/10 20:02:05 Instrucción solicitada de PID: 1, TID: 3, PC: 3
2024/12/10 20:02:05 ## Obtener instrucción - (PID:TID) - (1:3) - Instrucción: JNZ CX 2
2024/12/10 20:02:05 PID: 1 TID: 3 - FETCH - Program Counter: 3
2024/12/10 20:02:05 Instrucción decodificada: INSTUCCIÓN = JNZ, PARÁMETROS = [CX 2]
2024/12/10 20:02:05 ## TID: 3 - Ejecutando: JNZ - Parámetros: [CX 2]
2024/12/10 20:02:05 AX: 0, BX: 1, CX: 3, DX: 0, EX: 0, FX: 0, GX: 0, HX: 0, PC: 2
2024/12/10 20:02:05 Instrucción solicitada de PID: 1, TID: 3, PC: 2
2024/12/10 20:02:06 ## Obtener instrucción - (PID:TID) - (1:3) - Instrucción: SUB CX BX
2024/12/10 20:02:06 PID: 1 TID: 3 - FETCH - Program Counter: 2
2024/12/10 20:02:06 Instrucción decodificada: INSTUCCIÓN = SUB, PARÁMETROS = [CX BX]
2024/12/10 20:02:06 ## TID: 3 - Ejecutando: SUB - Parámetros: [CX BX]
2024/12/10 20:02:06 AX: 0, BX: 1, CX: 2, DX: 0, EX: 0, FX: 0, GX: 0, HX: 0, PC: 3
2024/12/10 20:02:06 Instrucción solicitada de PID: 1, TID: 3, PC: 3
2024/12/10 20:02:06 ## Obtener instrucción - (PID:TID) - (1:3) - Instrucción: JNZ CX 2
2024/12/10 20:02:06 PID: 1 TID: 3 - FETCH - Program Counter: 3
2024/12/10 20:02:06 Instrucción decodificada: INSTUCCIÓN = JNZ, PARÁMETROS = [CX 2]
2024/12/10 20:02:06 ## TID: 3 - Ejecutando: JNZ - Parámetros: [CX 2]
2024/12/10 20:02:06 AX: 0, BX: 1, CX: 2, DX: 0, EX: 0, FX: 0, GX: 0, HX: 0, PC: 2
2024/12/10 20:02:06 Instrucción solicitada de PID: 1, TID: 3, PC: 2
2024/12/10 20:02:07 ## Obtener instrucción - (PID:TID) - (1:3) - Instrucción: SUB CX BX
2024/12/10 20:02:07 PID: 1 TID: 3 - FETCH - Program Counter: 2
2024/12/10 20:02:07 Instrucción decodificada: INSTUCCIÓN = SUB, PARÁMETROS = [CX BX]
2024/12/10 20:02:07 ## TID: 3 - Ejecutando: SUB - Parámetros: [CX BX]
2024/12/10 20:02:07 AX: 0, BX: 1, CX: 1, DX: 0, EX: 0, FX: 0, GX: 0, HX: 0, PC: 3
2024/12/10 20:02:07 Instrucción solicitada de PID: 1, TID: 3, PC: 3
2024/12/10 20:02:07 ## Obtener instrucción - (PID:TID) - (1:3) - Instrucción: JNZ CX 2
2024/12/10 20:02:07 PID: 1 TID: 3 - FETCH - Program Counter: 3
2024/12/10 20:02:07 Instrucción decodificada: INSTUCCIÓN = JNZ, PARÁMETROS = [CX 2]
2024/12/10 20:02:07 ## TID: 3 - Ejecutando: JNZ - Parámetros: [CX 2]
2024/12/10 20:02:07 AX: 0, BX: 1, CX: 1, DX: 0, EX: 0, FX: 0, GX: 0, HX: 0, PC: 2
2024/12/10 20:02:07 Instrucción solicitada de PID: 1, TID: 3, PC: 2
2024/12/10 20:02:08 ## Obtener instrucción - (PID:TID) - (1:3) - Instrucción: SUB CX BX
2024/12/10 20:02:08 PID: 1 TID: 3 - FETCH - Program Counter: 2
2024/12/10 20:02:08 Instrucción decodificada: INSTUCCIÓN = SUB, PARÁMETROS = [CX BX]
2024/12/10 20:02:08 ## TID: 3 - Ejecutando: SUB - Parámetros: [CX BX]
2024/12/10 20:02:08 AX: 0, BX: 1, CX: 0, DX: 0, EX: 0, FX: 0, GX: 0, HX: 0, PC: 3
2024/12/10 20:02:08 Instrucción solicitada de PID: 1, TID: 3, PC: 3
2024/12/10 20:02:08 ## Obtener instrucción - (PID:TID) - (1:3) - Instrucción: JNZ CX 2
2024/12/10 20:02:08 PID: 1 TID: 3 - FETCH - Program Counter: 3
2024/12/10 20:02:08 Instrucción decodificada: INSTUCCIÓN = JNZ, PARÁMETROS = [CX 2]
2024/12/10 20:02:08 ## TID: 3 - Ejecutando: JNZ - Parámetros: [CX 2]
2024/12/10 20:02:08 AX: 0, BX: 1, CX: 0, DX: 0, EX: 0, FX: 0, GX: 0, HX: 0, PC: 4
2024/12/10 20:02:08 Instrucción solicitada de PID: 1, TID: 3, PC: 4
2024/12/10 20:02:09 ## Obtener instrucción - (PID:TID) - (1:3) - Instrucción: THREAD_EXIT
2024/12/10 20:02:09 PID: 1 TID: 3 - FETCH - Program Counter: 4
2024/12/10 20:02:09 Instrucción decodificada: INSTUCCIÓN = THREAD_EXIT, PARÁMETROS = []
2024/12/10 20:02:09 ## TID: 3 - Ejecutando: THREAD_EXIT - Parámetros: []
2024/12/10 20:02:09 ## Contexto Actualizado - (PID:TID) - (1:3)
2024/12/10 20:02:09 ## (<PID:1>:<TID:3>) - Solicito syscall: <THREAD_EXIT> ##
2024/12/10 20:02:09  ## (<PID: 1>:<TID: 3>) finaliza el hilo - Estado: EXIT ##
2024/12/10 20:02:10 ## Hilo Destruido - (PID:TID) - (1:3)
2024/12/10 20:02:10 AX: 0, BX: 1, CX: 0, DX: 0, EX: 0, FX: 0, GX: 0, HX: 0, PC: 5
2024/12/10 20:02:10 ## (<PID 1>:<TID 1>) Se ejecuta el Hilo - Estado: EXEC
2024/12/10 20:02:10 PCB : 1 TID : 1 - Solicita Contexto de Ejecucion
2024/12/10 20:02:10 ## Contexto <Solicitado> - (PID:TID) - (1:1)
2024/12/10 20:02:10 PCB : 1 TID : 1 - Solicitud Contexto de Ejecucion Exitosa
2024/12/10 20:02:10 Instrucción solicitada de PID: 1, TID: 1, PC: 0
2024/12/10 20:02:11 ## Obtener instrucción - (PID:TID) - (1:1) - Instrucción: SET CX 5
2024/12/10 20:02:11 PID: 1 TID: 1 - FETCH - Program Counter: 0
2024/12/10 20:02:11 Instrucción decodificada: INSTUCCIÓN = SET, PARÁMETROS = [CX 5]
2024/12/10 20:02:11 ## TID: 1 - Ejecutando: SET - Parámetros: [CX 5]
2024/12/10 20:02:11 AX: 0, BX: 0, CX: 5, DX: 0, EX: 0, FX: 0, GX: 0, HX: 0, PC: 1
2024/12/10 20:02:11 Instrucción solicitada de PID: 1, TID: 1, PC: 1
2024/12/10 20:02:11 ## Obtener instrucción - (PID:TID) - (1:1) - Instrucción: SET BX 1
2024/12/10 20:02:11 PID: 1 TID: 1 - FETCH - Program Counter: 1
2024/12/10 20:02:11 Instrucción decodificada: INSTUCCIÓN = SET, PARÁMETROS = [BX 1]
2024/12/10 20:02:11 ## TID: 1 - Ejecutando: SET - Parámetros: [BX 1]
2024/12/10 20:02:11 AX: 0, BX: 1, CX: 5, DX: 0, EX: 0, FX: 0, GX: 0, HX: 0, PC: 2
2024/12/10 20:02:11 Instrucción solicitada de PID: 1, TID: 1, PC: 2
2024/12/10 20:02:12 ## Obtener instrucción - (PID:TID) - (1:1) - Instrucción: SUB CX BX
2024/12/10 20:02:12 PID: 1 TID: 1 - FETCH - Program Counter: 2
2024/12/10 20:02:12 Instrucción decodificada: INSTUCCIÓN = SUB, PARÁMETROS = [CX BX]
2024/12/10 20:02:12 ## TID: 1 - Ejecutando: SUB - Parámetros: [CX BX]
2024/12/10 20:02:12 AX: 0, BX: 1, CX: 4, DX: 0, EX: 0, FX: 0, GX: 0, HX: 0, PC: 3
2024/12/10 20:02:12 Instrucción solicitada de PID: 1, TID: 1, PC: 3
2024/12/10 20:02:12 ## Obtener instrucción - (PID:TID) - (1:1) - Instrucción: JNZ CX 2
2024/12/10 20:02:12 PID: 1 TID: 1 - FETCH - Program Counter: 3
2024/12/10 20:02:12 Instrucción decodificada: INSTUCCIÓN = JNZ, PARÁMETROS = [CX 2]
2024/12/10 20:02:12 ## TID: 1 - Ejecutando: JNZ - Parámetros: [CX 2]
2024/12/10 20:02:12 AX: 0, BX: 1, CX: 4, DX: 0, EX: 0, FX: 0, GX: 0, HX: 0, PC: 2
2024/12/10 20:02:12 Instrucción solicitada de PID: 1, TID: 1, PC: 2
2024/12/10 20:02:13 ## Obtener instrucción - (PID:TID) - (1:1) - Instrucción: SUB CX BX
2024/12/10 20:02:13 PID: 1 TID: 1 - FETCH - Program Counter: 2
2024/12/10 20:02:13 Instrucción decodificada: INSTUCCIÓN = SUB, PARÁMETROS = [CX BX]
2024/12/10 20:02:13 ## TID: 1 - Ejecutando: SUB - Parámetros: [CX BX]
2024/12/10 20:02:13 AX: 0, BX: 1, CX: 3, DX: 0, EX: 0, FX: 0, GX: 0, HX: 0, PC: 3
2024/12/10 20:02:13 Instrucción solicitada de PID: 1, TID: 1, PC: 3
2024/12/10 20:02:13 ## Obtener instrucción - (PID:TID) - (1:1) - Instrucción: JNZ CX 2
2024/12/10 20:02:13 PID: 1 TID: 1 - FETCH - Program Counter: 3
2024/12/10 20:02:13 Instrucción decodificada: INSTUCCIÓN = JNZ, PARÁMETROS = [CX 2]
2024/12/10 20:02:13 ## TID: 1 - Ejecutando: JNZ - Parámetros: [CX 2]
2024/12/10 20:02:13 AX: 0, BX: 1, CX: 3, DX: 0, EX: 0, FX: 0, GX: 0, HX: 0, PC: 2
2024/12/10 20:02:13 Instrucción solicitada de PID: 1, TID: 1, PC: 2
2024/12/10 20:02:14 ## Obtener instrucción - (PID:TID) - (1:1) - Instrucción: SUB CX BX
2024/12/10 20:02:14 PID: 1 TID: 1 - FETCH - Program Counter: 2
2024/12/10 20:02:14 Instrucción decodificada: INSTUCCIÓN = SUB, PARÁMETROS = [CX BX]
2024/12/10 20:02:14 ## TID: 1 - Ejecutando: SUB - Parámetros: [CX BX]
2024/12/10 20:02:14 AX: 0, BX: 1, CX: 2, DX: 0, EX: 0, FX: 0, GX: 0, HX: 0, PC: 3
2024/12/10 20:02:14 Instrucción solicitada de PID: 1, TID: 1, PC: 3
2024/12/10 20:02:14 ## Obtener instrucción - (PID:TID) - (1:1) - Instrucción: JNZ CX 2
2024/12/10 20:02:14 PID: 1 TID: 1 - FETCH - Program Counter: 3
2024/12/10 20:02:14 Instrucción decodificada: INSTUCCIÓN = JNZ, PARÁMETROS = [CX 2]
2024/12/10 20:02:14 ## TID: 1 - Ejecutando: JNZ - Parámetros: [CX 2]
2024/12/10 20:02:14 AX: 0, BX: 1, CX: 2, DX: 0, EX: 0, FX: 0, GX: 0, HX: 0, PC: 2
2024/12/10 20:02:14 Instrucción solicitada de PID: 1, TID: 1, PC: 2
2024/12/10 20:02:15 ## Obtener instrucción - (PID:TID) - (1:1) - Instrucción: SUB CX BX
2024/12/10 20:02:15 PID: 1 TID: 1 - FETCH - Program Counter: 2
2024/12/10 20:02:15 Instrucción decodificada: INSTUCCIÓN = SUB, PARÁMETROS = [CX BX]
2024/12/10 20:02:15 ## TID: 1 - Ejecutando: SUB - Parámetros: [CX BX]
2024/12/10 20:02:15 AX: 0, BX: 1, CX: 1, DX: 0, EX: 0, FX: 0, GX: 0, HX: 0, PC: 3
2024/12/10 20:02:15 Instrucción solicitada de PID: 1, TID: 1, PC: 3
2024/12/10 20:02:15 ## Obtener instrucción - (PID:TID) - (1:1) - Instrucción: JNZ CX 2
2024/12/10 20:02:15 PID: 1 TID: 1 - FETCH - Program Counter: 3
2024/12/10 20:02:15 Instrucción decodificada: INSTUCCIÓN = JNZ, PARÁMETROS = [CX 2]
2024/12/10 20:02:15 ## TID: 1 - Ejecutando: JNZ - Parámetros: [CX 2]
2024/12/10 20:02:15 AX: 0, BX: 1, CX: 1, DX: 0, EX: 0, FX: 0, GX: 0, HX: 0, PC: 2
2024/12/10 20:02:15 Instrucción solicitada de PID: 1, TID: 1, PC: 2
2024/12/10 20:02:16 ## Obtener instrucción - (PID:TID) - (1:1) - Instrucción: SUB CX BX
2024/12/10 20:02:16 PID: 1 TID: 1 - FETCH - Program Counter: 2
2024/12/10 20:02:16 Instrucción decodificada: INSTUCCIÓN = SUB, PARÁMETROS = [CX BX]
2024/12/10 20:02:16 ## TID: 1 - Ejecutando: SUB - Parámetros: [CX BX]
2024/12/10 20:02:16 AX: 0, BX: 1, CX: 0, DX: 0, EX: 0, FX: 0, GX: 0, HX: 0, PC: 3
2024/12/10 20:02:16 Instrucción solicitada de PID: 1, TID: 1, PC: 3
2024/12/10 20:02:16 ## Obtener instrucción - (PID:TID) - (1:1) - Instrucción: JNZ CX 2
2024/12/10 20:02:16 PID: 1 TID: 1 - FETCH - Program Counter: 3
2024/12/10 20:02:16 Instrucción decodificada: INSTUCCIÓN = JNZ, PARÁMETROS = [CX 2]
2024/12/10 20:02:16 ## TID: 1 - Ejecutando: JNZ - Parámetros: [CX 2]
2024/12/10 20:02:16 AX: 0, BX: 1, CX: 0, DX: 0, EX: 0, FX: 0, GX: 0, HX: 0, PC: 4
2024/12/10 20:02:16 Instrucción solicitada de PID: 1, TID: 1, PC: 4
2024/12/10 20:02:17 ## Obtener instrucción - (PID:TID) - (1:1) - Instrucción: THREAD_EXIT
2024/12/10 20:02:17 PID: 1 TID: 1 - FETCH - Program Counter: 4
2024/12/10 20:02:17 Instrucción decodificada: INSTUCCIÓN = THREAD_EXIT, PARÁMETROS = []
2024/12/10 20:02:17 ## TID: 1 - Ejecutando: THREAD_EXIT - Parámetros: []
2024/12/10 20:02:17 ## Contexto Actualizado - (PID:TID) - (1:1)
2024/12/10 20:02:17 ## (<PID:1>:<TID:1>) - Solicito syscall: <THREAD_EXIT> ##
2024/12/10 20:02:17  ## (<PID: 1>:<TID: 1>) finaliza el hilo - Estado: EXIT ##
2024/12/10 20:02:18 ## Hilo Destruido - (PID:TID) - (1:1)
2024/12/10 20:02:18 AX: 0, BX: 1, CX: 0, DX: 0, EX: 0, FX: 0, GX: 0, HX: 0, PC: 5
2024/12/10 20:02:18 ## (<PID 1>:<TID 4>) Se ejecuta el Hilo - Estado: EXEC
2024/12/10 20:02:18 PCB : 1 TID : 4 - Solicita Contexto de Ejecucion
2024/12/10 20:02:18 ## Contexto <Solicitado> - (PID:TID) - (1:4)
2024/12/10 20:02:18 PCB : 1 TID : 4 - Solicitud Contexto de Ejecucion Exitosa
2024/12/10 20:02:18 Instrucción solicitada de PID: 1, TID: 4, PC: 0
2024/12/10 20:02:19 ## Obtener instrucción - (PID:TID) - (1:4) - Instrucción: SET CX 5
2024/12/10 20:02:19 PID: 1 TID: 4 - FETCH - Program Counter: 0
2024/12/10 20:02:19 Instrucción decodificada: INSTUCCIÓN = SET, PARÁMETROS = [CX 5]
2024/12/10 20:02:19 ## TID: 4 - Ejecutando: SET - Parámetros: [CX 5]
2024/12/10 20:02:19 AX: 0, BX: 0, CX: 5, DX: 0, EX: 0, FX: 0, GX: 0, HX: 0, PC: 1
2024/12/10 20:02:19 Instrucción solicitada de PID: 1, TID: 4, PC: 1
2024/12/10 20:02:19 ## Obtener instrucción - (PID:TID) - (1:4) - Instrucción: SET BX 1
2024/12/10 20:02:19 PID: 1 TID: 4 - FETCH - Program Counter: 1
2024/12/10 20:02:19 Instrucción decodificada: INSTUCCIÓN = SET, PARÁMETROS = [BX 1]
2024/12/10 20:02:19 ## TID: 4 - Ejecutando: SET - Parámetros: [BX 1]
2024/12/10 20:02:19 AX: 0, BX: 1, CX: 5, DX: 0, EX: 0, FX: 0, GX: 0, HX: 0, PC: 2
2024/12/10 20:02:19 Instrucción solicitada de PID: 1, TID: 4, PC: 2
2024/12/10 20:02:20 ## Obtener instrucción - (PID:TID) - (1:4) - Instrucción: SUB CX BX
2024/12/10 20:02:20 PID: 1 TID: 4 - FETCH - Program Counter: 2
2024/12/10 20:02:20 Instrucción decodificada: INSTUCCIÓN = SUB, PARÁMETROS = [CX BX]
2024/12/10 20:02:20 ## TID: 4 - Ejecutando: SUB - Parámetros: [CX BX]
2024/12/10 20:02:20 AX: 0, BX: 1, CX: 4, DX: 0, EX: 0, FX: 0, GX: 0, HX: 0, PC: 3
2024/12/10 20:02:20 Instrucción solicitada de PID: 1, TID: 4, PC: 3
2024/12/10 20:02:20 ## Obtener instrucción - (PID:TID) - (1:4) - Instrucción: JNZ CX 2
2024/12/10 20:02:20 PID: 1 TID: 4 - FETCH - Program Counter: 3
2024/12/10 20:02:20 Instrucción decodificada: INSTUCCIÓN = JNZ, PARÁMETROS = [CX 2]
2024/12/10 20:02:20 ## TID: 4 - Ejecutando: JNZ - Parámetros: [CX 2]
2024/12/10 20:02:20 AX: 0, BX: 1, CX: 4, DX: 0, EX: 0, FX: 0, GX: 0, HX: 0, PC: 2
2024/12/10 20:02:20 Instrucción solicitada de PID: 1, TID: 4, PC: 2
2024/12/10 20:02:21 ## Obtener instrucción - (PID:TID) - (1:4) - Instrucción: SUB CX BX
2024/12/10 20:02:21 PID: 1 TID: 4 - FETCH - Program Counter: 2
2024/12/10 20:02:21 Instrucción decodificada: INSTUCCIÓN = SUB, PARÁMETROS = [CX BX]
2024/12/10 20:02:21 ## TID: 4 - Ejecutando: SUB - Parámetros: [CX BX]
2024/12/10 20:02:21 AX: 0, BX: 1, CX: 3, DX: 0, EX: 0, FX: 0, GX: 0, HX: 0, PC: 3
2024/12/10 20:02:21 Instrucción solicitada de PID: 1, TID: 4, PC: 3
2024/12/10 20:02:21 ## Obtener instrucción - (PID:TID) - (1:4) - Instrucción: JNZ CX 2
2024/12/10 20:02:21 PID: 1 TID: 4 - FETCH - Program Counter: 3
2024/12/10 20:02:21 Instrucción decodificada: INSTUCCIÓN = JNZ, PARÁMETROS = [CX 2]
2024/12/10 20:02:21 ## TID: 4 - Ejecutando: JNZ - Parámetros: [CX 2]
2024/12/10 20:02:21 AX: 0, BX: 1, CX: 3, DX: 0, EX: 0, FX: 0, GX: 0, HX: 0, PC: 2
2024/12/10 20:02:21 Instrucción solicitada de PID: 1, TID: 4, PC: 2
2024/12/10 20:02:22 ## Obtener instrucción - (PID:TID) - (1:4) - Instrucción: SUB CX BX
2024/12/10 20:02:22 PID: 1 TID: 4 - FETCH - Program Counter: 2
2024/12/10 20:02:22 Instrucción decodificada: INSTUCCIÓN = SUB, PARÁMETROS = [CX BX]
2024/12/10 20:02:22 ## TID: 4 - Ejecutando: SUB - Parámetros: [CX BX]
2024/12/10 20:02:22 AX: 0, BX: 1, CX: 2, DX: 0, EX: 0, FX: 0, GX: 0, HX: 0, PC: 3
2024/12/10 20:02:22 Instrucción solicitada de PID: 1, TID: 4, PC: 3
2024/12/10 20:02:22 ## Obtener instrucción - (PID:TID) - (1:4) - Instrucción: JNZ CX 2
2024/12/10 20:02:22 PID: 1 TID: 4 - FETCH - Program Counter: 3
2024/12/10 20:02:22 Instrucción decodificada: INSTUCCIÓN = JNZ, PARÁMETROS = [CX 2]
2024/12/10 20:02:22 ## TID: 4 - Ejecutando: JNZ - Parámetros: [CX 2]
2024/12/10 20:02:22 AX: 0, BX: 1, CX: 2, DX: 0, EX: 0, FX: 0, GX: 0, HX: 0, PC: 2
2024/12/10 20:02:22 Instrucción solicitada de PID: 1, TID: 4, PC: 2
2024/12/10 20:02:23 ## Obtener instrucción - (PID:TID) - (1:4) - Instrucción: SUB CX BX
2024/12/10 20:02:23 PID: 1 TID: 4 - FETCH - Program Counter: 2
2024/12/10 20:02:23 Instrucción decodificada: INSTUCCIÓN = SUB, PARÁMETROS = [CX BX]
2024/12/10 20:02:23 ## TID: 4 - Ejecutando: SUB - Parámetros: [CX BX]
2024/12/10 20:02:23 AX: 0, BX: 1, CX: 1, DX: 0, EX: 0, FX: 0, GX: 0, HX: 0, PC: 3
2024/12/10 20:02:23 Instrucción solicitada de PID: 1, TID: 4, PC: 3
2024/12/10 20:02:23 ## Obtener instrucción - (PID:TID) - (1:4) - Instrucción: JNZ CX 2
2024/12/10 20:02:23 PID: 1 TID: 4 - FETCH - Program Counter: 3
2024/12/10 20:02:23 Instrucción decodificada: INSTUCCIÓN = JNZ, PARÁMETROS = [CX 2]
2024/12/10 20:02:23 ## TID: 4 - Ejecutando: JNZ - Parámetros: [CX 2]
2024/12/10 20:02:23 AX: 0, BX: 1, CX: 1, DX: 0, EX: 0, FX: 0, GX: 0, HX: 0, PC: 2
2024/12/10 20:02:23 Instrucción solicitada de PID: 1, TID: 4, PC: 2
2024/12/10 20:02:24 ## Obtener instrucción - (PID:TID) - (1:4) - Instrucción: SUB CX BX
2024/12/10 20:02:24 PID: 1 TID: 4 - FETCH - Program Counter: 2
2024/12/10 20:02:24 Instrucción decodificada: INSTUCCIÓN = SUB, PARÁMETROS = [CX BX]
2024/12/10 20:02:24 ## TID: 4 - Ejecutando: SUB - Parámetros: [CX BX]
2024/12/10 20:02:24 AX: 0, BX: 1, CX: 0, DX: 0, EX: 0, FX: 0, GX: 0, HX: 0, PC: 3
2024/12/10 20:02:24 Instrucción solicitada de PID: 1, TID: 4, PC: 3
2024/12/10 20:02:24 ## Obtener instrucción - (PID:TID) - (1:4) - Instrucción: JNZ CX 2
2024/12/10 20:02:24 PID: 1 TID: 4 - FETCH - Program Counter: 3
2024/12/10 20:02:24 Instrucción decodificada: INSTUCCIÓN = JNZ, PARÁMETROS = [CX 2]
2024/12/10 20:02:24 ## TID: 4 - Ejecutando: JNZ - Parámetros: [CX 2]
2024/12/10 20:02:24 AX: 0, BX: 1, CX: 0, DX: 0, EX: 0, FX: 0, GX: 0, HX: 0, PC: 4
2024/12/10 20:02:24 Instrucción solicitada de PID: 1, TID: 4, PC: 4
2024/12/10 20:02:25 ## Obtener instrucción - (PID:TID) - (1:4) - Instrucción: THREAD_EXIT
2024/12/10 20:02:25 PID: 1 TID: 4 - FETCH - Program Counter: 4
2024/12/10 20:02:25 Instrucción decodificada: INSTUCCIÓN = THREAD_EXIT, PARÁMETROS = []
2024/12/10 20:02:25 ## TID: 4 - Ejecutando: THREAD_EXIT - Parámetros: []
2024/12/10 20:02:26 ## Contexto Actualizado - (PID:TID) - (1:4)
2024/12/10 20:02:26 ## (<PID:1>:<TID:4>) - Solicito syscall: <THREAD_EXIT> ##
2024/12/10 20:02:26  ## (<PID: 1>:<TID: 4>) finaliza el hilo - Estado: EXIT ##
2024/12/10 20:02:26 ## (<PID 1>:<TID 0>) Se encola el Hilo - Estado: READY
2024/12/10 20:02:26  ## (<PID: 1>:<TID: 0>) - Pasa de Block a Ready ##
2024/12/10 20:02:26 ## Hilo Destruido - (PID:TID) - (1:4)
2024/12/10 20:02:26 AX: 0, BX: 1, CX: 0, DX: 0, EX: 0, FX: 0, GX: 0, HX: 0, PC: 5
2024/12/10 20:02:26 ## (<PID 1>:<TID 0>) Se ejecuta el Hilo - Estado: EXEC
2024/12/10 20:02:26 PCB : 1 TID : 0 - Solicita Contexto de Ejecucion
2024/12/10 20:02:27 ## Contexto <Solicitado> - (PID:TID) - (1:0)
2024/12/10 20:02:27 PCB : 1 TID : 0 - Solicitud Contexto de Ejecucion Exitosa
2024/12/10 20:02:27 Instrucción solicitada de PID: 1, TID: 0, PC: 11
2024/12/10 20:02:27 ## Obtener instrucción - (PID:TID) - (1:0) - Instrucción: PROCESS_EXIT
2024/12/10 20:02:27 PID: 1 TID: 0 - FETCH - Program Counter: 11
2024/12/10 20:02:27 Instrucción decodificada: INSTUCCIÓN = PROCESS_EXIT, PARÁMETROS = []
2024/12/10 20:02:27 ## TID: 0 - Ejecutando: PROCESS_EXIT - Parámetros: []
2024/12/10 20:02:27 Finalizando proceso PID: 1
2024/12/10 20:02:28 ## Contexto Actualizado - (PID:TID) - (1:0)
2024/12/10 20:02:28 ## (<PID:1>:<TID:0>) - Solicitó syscall: <PROCESS_EXIT> ##
2024/12/10 20:02:28  ## (<PID: 1>:<TID: 0>) finaliza el hilo - Estado: EXIT ##
2024/12/10 20:02:28 ## Hilo Destruido - (PID:TID) - (1:0)
2024/12/10 20:02:28  ## (<PID: 1>) finaliza el Proceso - Estado: EXIT ##
2024/12/10 20:02:28 ## Entro a terminate - PID: 1 
2024/12/10 20:02:28 ## Encuentro particion - PID: 1 - num: 0
2024/12/10 20:02:28 ## Proceso Destruido - PID: 1 - Tamaño: 32
2024/12/10 20:02:28 AX: 1, BX: 0, CX: 0, DX: 4, EX: 0, FX: 0, GX: 0, HX: 0, PC: 12
2024/12/10 20:02:28 ## No hay mas procesos Inicializados, se pausa la planificacion ##
