2024/12/10 20:49:33 ## Proceso Creado - PID: 1 - Tamaño: 12
2024/12/10 20:49:33 ## Hilo Creado - (PID:TID) - (1:0)
2024/12/10 20:49:33 ## (<PID 1>:<TID 0>) Se ejecuta el Hilo - Estado: EXEC
2024/12/10 20:49:33 PCB : 1 TID : 0 - Solicita Contexto de Ejecucion
2024/12/10 20:49:33 ## Contexto <Solicitado> - (PID:TID) - (1:0)
2024/12/10 20:49:33 PCB : 1 TID : 0 - Solicitud Contexto de Ejecucion Exitosa
2024/12/10 20:49:33 Instrucción solicitada de PID: 1, TID: 0, PC: 0
2024/12/10 20:49:34 ## Obtener instrucción - (PID:TID) - (1:0) - Instrucción: PROCESS_CREATE MEM_FIJAS 8 0
2024/12/10 20:49:34 PID: 1 TID: 0 - FETCH - Program Counter: 0
2024/12/10 20:49:34 Instrucción decodificada: INSTUCCIÓN = PROCESS_CREATE, PARÁMETROS = [MEM_FIJAS 8 0]
2024/12/10 20:49:34 ## TID: 0 - Ejecutando: PROCESS_CREATE - Parámetros: [MEM_FIJAS 8 0]
2024/12/10 20:49:34 ## Llega interrupcion al puerto Interrupt
2024/12/10 20:49:34 ## Se registra la interrupcion
2024/12/10 20:49:34 ## Contexto Actualizado - (PID:TID) - (1:0)
2024/12/10 20:49:34 ## (<PID:1>:<TID:0>) - Solicitó syscall: <PROCESS_CREATE> ##
2024/12/10 20:49:34  ## (<PID>:2) Se crea el proceso - Estado: NEW ##
2024/12/10 20:49:34 ## Proceso Creado - PID: 2 - Tamaño: 8
2024/12/10 20:49:34 ## Hilo Creado - (PID:TID) - (2:0)
2024/12/10 20:49:34 ## (<PID 2>:<TID 0>) Se encola el Hilo - Estado: READY
2024/12/10 20:49:34 PCB : 1 TID : 0 - Solicita Contexto de Ejecucion
2024/12/10 20:49:35 ## Contexto <Solicitado> - (PID:TID) - (1:0)
2024/12/10 20:49:35 PCB : 1 TID : 0 - Solicitud Contexto de Ejecucion Exitosa
2024/12/10 20:49:35 Entra a evaluar HILO ANTERIOR
2024/12/10 20:49:35 ## Contexto Actualizado - (PID:TID) - (1:0)
2024/12/10 20:49:35 ## (<PID:1>:<TID:0>) - Desalojado por: Quantum ##
2024/12/10 20:49:35 ## (<PID 1>:<TID 0>) Se encola el Hilo - Estado: READY
2024/12/10 20:49:35 ## TID: <0> - Actualizo Contexto Ejecución
2024/12/10 20:49:35 FINALIZA EJECUCION POR INTERRUPCION DE PID : 1 y TID : 0 
2024/12/10 20:49:35 AX: 0, BX: 0, CX: 0, DX: 0, EX: 0, FX: 0, GX: 0, HX: 0, PC: 1
2024/12/10 20:49:35 ## (<PID 2>:<TID 0>) Se ejecuta el Hilo - Estado: EXEC
2024/12/10 20:49:35 PCB : 2 TID : 0 - Solicita Contexto de Ejecucion
2024/12/10 20:49:35 ## Contexto <Solicitado> - (PID:TID) - (2:0)
2024/12/10 20:49:35 PCB : 2 TID : 0 - Solicitud Contexto de Ejecucion Exitosa
2024/12/10 20:49:35 Instrucción solicitada de PID: 2, TID: 0, PC: 0
2024/12/10 20:49:35 ## Obtener instrucción - (PID:TID) - (2:0) - Instrucción: SET DX 0
2024/12/10 20:49:35 PID: 2 TID: 0 - FETCH - Program Counter: 0
2024/12/10 20:49:35 Instrucción decodificada: INSTUCCIÓN = SET, PARÁMETROS = [DX 0]
2024/12/10 20:49:35 ## TID: 0 - Ejecutando: SET - Parámetros: [DX 0]
2024/12/10 20:49:35 AX: 0, BX: 0, CX: 0, DX: 0, EX: 0, FX: 0, GX: 0, HX: 0, PC: 1
2024/12/10 20:49:35 Instrucción solicitada de PID: 2, TID: 0, PC: 1
2024/12/10 20:49:35 ## Llega interrupcion al puerto Interrupt
2024/12/10 20:49:35 ## Se registra la interrupcion
2024/12/10 20:49:35 ## Obtener instrucción - (PID:TID) - (2:0) - Instrucción: SET AX 64
2024/12/10 20:49:35 PID: 2 TID: 0 - FETCH - Program Counter: 1
2024/12/10 20:49:35 Instrucción decodificada: INSTUCCIÓN = SET, PARÁMETROS = [AX 64]
2024/12/10 20:49:35 ## TID: 0 - Ejecutando: SET - Parámetros: [AX 64]
2024/12/10 20:49:35 AX: 64, BX: 0, CX: 0, DX: 0, EX: 0, FX: 0, GX: 0, HX: 0, PC: 2
2024/12/10 20:49:36 ## Contexto Actualizado - (PID:TID) - (2:0)
2024/12/10 20:49:36 ## (<PID:2>:<TID:0>) - Desalojado por: Quantum ##
2024/12/10 20:49:36 ## (<PID 2>:<TID 0>) Se encola el Hilo - Estado: READY
2024/12/10 20:49:36 ## TID: <0> - Actualizo Contexto Ejecución
2024/12/10 20:49:36 FINALIZA EJECUCION POR INTERRUPCION DE PID : 2 y TID : 0 
2024/12/10 20:49:36 ## (<PID 1>:<TID 0>) Se ejecuta el Hilo - Estado: EXEC
2024/12/10 20:49:36 PCB : 1 TID : 0 - Solicita Contexto de Ejecucion
2024/12/10 20:49:36 ## Contexto <Solicitado> - (PID:TID) - (1:0)
2024/12/10 20:49:36 PCB : 1 TID : 0 - Solicitud Contexto de Ejecucion Exitosa
2024/12/10 20:49:36 Instrucción solicitada de PID: 1, TID: 0, PC: 1
2024/12/10 20:49:36 ## Obtener instrucción - (PID:TID) - (1:0) - Instrucción: PROCESS_CREATE MEM_FIJAS 48 0
2024/12/10 20:49:36 PID: 1 TID: 0 - FETCH - Program Counter: 1
2024/12/10 20:49:36 Instrucción decodificada: INSTUCCIÓN = PROCESS_CREATE, PARÁMETROS = [MEM_FIJAS 48 0]
2024/12/10 20:49:36 ## TID: 0 - Ejecutando: PROCESS_CREATE - Parámetros: [MEM_FIJAS 48 0]
2024/12/10 20:49:36 ## Llega interrupcion al puerto Interrupt
2024/12/10 20:49:36 ## Se registra la interrupcion
2024/12/10 20:49:36 ## Contexto Actualizado - (PID:TID) - (1:0)
2024/12/10 20:49:36 ## (<PID:1>:<TID:0>) - Solicitó syscall: <PROCESS_CREATE> ##
2024/12/10 20:49:36  ## (<PID>:3) Se crea el proceso - Estado: NEW ##
2024/12/10 20:49:37 ## Proceso Creado - PID: 3 - Tamaño: 48
2024/12/10 20:49:37 ## Hilo Creado - (PID:TID) - (3:0)
2024/12/10 20:49:37 ## (<PID 3>:<TID 0>) Se encola el Hilo - Estado: READY
2024/12/10 20:49:37 PCB : 1 TID : 0 - Solicita Contexto de Ejecucion
2024/12/10 20:49:37 ## Contexto <Solicitado> - (PID:TID) - (1:0)
2024/12/10 20:49:37 PCB : 1 TID : 0 - Solicitud Contexto de Ejecucion Exitosa
2024/12/10 20:49:37 Entra a evaluar HILO ANTERIOR
2024/12/10 20:49:37 ## Contexto Actualizado - (PID:TID) - (1:0)
2024/12/10 20:49:37 ## (<PID:1>:<TID:0>) - Desalojado por: Quantum ##
2024/12/10 20:49:37 ## (<PID 1>:<TID 0>) Se encola el Hilo - Estado: READY
2024/12/10 20:49:37 ## TID: <0> - Actualizo Contexto Ejecución
2024/12/10 20:49:37 FINALIZA EJECUCION POR INTERRUPCION DE PID : 1 y TID : 0 
2024/12/10 20:49:37 AX: 0, BX: 0, CX: 0, DX: 0, EX: 0, FX: 0, GX: 0, HX: 0, PC: 2
2024/12/10 20:49:37 ## (<PID 2>:<TID 0>) Se ejecuta el Hilo - Estado: EXEC
2024/12/10 20:49:37 PCB : 2 TID : 0 - Solicita Contexto de Ejecucion
2024/12/10 20:49:38 ## Contexto <Solicitado> - (PID:TID) - (2:0)
2024/12/10 20:49:38 PCB : 2 TID : 0 - Solicitud Contexto de Ejecucion Exitosa
2024/12/10 20:49:38 Instrucción solicitada de PID: 2, TID: 0, PC: 2
2024/12/10 20:49:38 ## Obtener instrucción - (PID:TID) - (2:0) - Instrucción: WRITE_MEM DX AX
2024/12/10 20:49:38 PID: 2 TID: 0 - FETCH - Program Counter: 2
2024/12/10 20:49:38 Instrucción decodificada: INSTUCCIÓN = WRITE_MEM, PARÁMETROS = [DX AX]
2024/12/10 20:49:38 ## TID: 0 - Ejecutando: WRITE_MEM - Parámetros: [DX AX]
2024/12/10 20:49:38 ## TID: <0> - Accion: <ESCRIBIR> - Direccion Fisica: <240>
2024/12/10 20:49:38 ## Llega interrupcion al puerto Interrupt
2024/12/10 20:49:38 ## Se registra la interrupcion
2024/12/10 20:49:38 ## <Escritura> - (<PID:2> : <TID:0>) - Dir. Fisica: <240> - Tamanio <4>
2024/12/10 20:49:38 AX: 64, BX: 0, CX: 0, DX: 0, EX: 0, FX: 0, GX: 0, HX: 0, PC: 3
2024/12/10 20:49:38 ## Contexto Actualizado - (PID:TID) - (2:0)
2024/12/10 20:49:38 ## (<PID:2>:<TID:0>) - Desalojado por: Quantum ##
2024/12/10 20:49:38 ## (<PID 2>:<TID 0>) Se encola el Hilo - Estado: READY
2024/12/10 20:49:38 ## TID: <0> - Actualizo Contexto Ejecución
2024/12/10 20:49:38 FINALIZA EJECUCION POR INTERRUPCION DE PID : 2 y TID : 0 
2024/12/10 20:49:38 ## (<PID 3>:<TID 0>) Se ejecuta el Hilo - Estado: EXEC
2024/12/10 20:49:38 PCB : 3 TID : 0 - Solicita Contexto de Ejecucion
2024/12/10 20:49:38 ## Contexto <Solicitado> - (PID:TID) - (3:0)
2024/12/10 20:49:38 PCB : 3 TID : 0 - Solicitud Contexto de Ejecucion Exitosa
2024/12/10 20:49:38 Instrucción solicitada de PID: 3, TID: 0, PC: 0
2024/12/10 20:49:39 ## Obtener instrucción - (PID:TID) - (3:0) - Instrucción: SET DX 0
2024/12/10 20:49:39 PID: 3 TID: 0 - FETCH - Program Counter: 0
2024/12/10 20:49:39 Instrucción decodificada: INSTUCCIÓN = SET, PARÁMETROS = [DX 0]
2024/12/10 20:49:39 ## TID: 0 - Ejecutando: SET - Parámetros: [DX 0]
2024/12/10 20:49:39 AX: 0, BX: 0, CX: 0, DX: 0, EX: 0, FX: 0, GX: 0, HX: 0, PC: 1
2024/12/10 20:49:39 Instrucción solicitada de PID: 3, TID: 0, PC: 1
2024/12/10 20:49:39 ## Llega interrupcion al puerto Interrupt
2024/12/10 20:49:39 ## Se registra la interrupcion
2024/12/10 20:49:39 ## Obtener instrucción - (PID:TID) - (3:0) - Instrucción: SET AX 64
2024/12/10 20:49:39 PID: 3 TID: 0 - FETCH - Program Counter: 1
2024/12/10 20:49:39 Instrucción decodificada: INSTUCCIÓN = SET, PARÁMETROS = [AX 64]
2024/12/10 20:49:39 ## TID: 0 - Ejecutando: SET - Parámetros: [AX 64]
2024/12/10 20:49:39 AX: 64, BX: 0, CX: 0, DX: 0, EX: 0, FX: 0, GX: 0, HX: 0, PC: 2
2024/12/10 20:49:39 ## Contexto Actualizado - (PID:TID) - (3:0)
2024/12/10 20:49:39 ## (<PID:3>:<TID:0>) - Desalojado por: Quantum ##
2024/12/10 20:49:39 ## (<PID 3>:<TID 0>) Se encola el Hilo - Estado: READY
2024/12/10 20:49:39 ## TID: <0> - Actualizo Contexto Ejecución
2024/12/10 20:49:39 FINALIZA EJECUCION POR INTERRUPCION DE PID : 3 y TID : 0 
2024/12/10 20:49:39 ## (<PID 1>:<TID 0>) Se ejecuta el Hilo - Estado: EXEC
2024/12/10 20:49:39 PCB : 1 TID : 0 - Solicita Contexto de Ejecucion
2024/12/10 20:49:39 ## Contexto <Solicitado> - (PID:TID) - (1:0)
2024/12/10 20:49:39 PCB : 1 TID : 0 - Solicitud Contexto de Ejecucion Exitosa
2024/12/10 20:49:39 Instrucción solicitada de PID: 1, TID: 0, PC: 2
2024/12/10 20:49:39 ## Obtener instrucción - (PID:TID) - (1:0) - Instrucción: PROCESS_CREATE MEM_FIJAS 96 0
2024/12/10 20:49:39 PID: 1 TID: 0 - FETCH - Program Counter: 2
2024/12/10 20:49:39 Instrucción decodificada: INSTUCCIÓN = PROCESS_CREATE, PARÁMETROS = [MEM_FIJAS 96 0]
2024/12/10 20:49:39 ## TID: 0 - Ejecutando: PROCESS_CREATE - Parámetros: [MEM_FIJAS 96 0]
2024/12/10 20:49:39 ## Llega interrupcion al puerto Interrupt
2024/12/10 20:49:39 ## Se registra la interrupcion
2024/12/10 20:49:40 ## Contexto Actualizado - (PID:TID) - (1:0)
2024/12/10 20:49:40 ## (<PID:1>:<TID:0>) - Solicitó syscall: <PROCESS_CREATE> ##
2024/12/10 20:49:40  ## (<PID>:4) Se crea el proceso - Estado: NEW ##
2024/12/10 20:49:40 ## Proceso Creado - PID: 4 - Tamaño: 96
2024/12/10 20:49:40 ## Hilo Creado - (PID:TID) - (4:0)
2024/12/10 20:49:40 ## (<PID 4>:<TID 0>) Se encola el Hilo - Estado: READY
2024/12/10 20:49:40 PCB : 1 TID : 0 - Solicita Contexto de Ejecucion
2024/12/10 20:49:40 ## Contexto <Solicitado> - (PID:TID) - (1:0)
2024/12/10 20:49:40 PCB : 1 TID : 0 - Solicitud Contexto de Ejecucion Exitosa
2024/12/10 20:49:40 Entra a evaluar HILO ANTERIOR
2024/12/10 20:49:41 ## Contexto Actualizado - (PID:TID) - (1:0)
2024/12/10 20:49:41 ## (<PID:1>:<TID:0>) - Desalojado por: Quantum ##
2024/12/10 20:49:41 ## (<PID 1>:<TID 0>) Se encola el Hilo - Estado: READY
2024/12/10 20:49:41 ## TID: <0> - Actualizo Contexto Ejecución
2024/12/10 20:49:41 FINALIZA EJECUCION POR INTERRUPCION DE PID : 1 y TID : 0 
2024/12/10 20:49:41 AX: 0, BX: 0, CX: 0, DX: 0, EX: 0, FX: 0, GX: 0, HX: 0, PC: 3
2024/12/10 20:49:41 ## (<PID 2>:<TID 0>) Se ejecuta el Hilo - Estado: EXEC
2024/12/10 20:49:41 PCB : 2 TID : 0 - Solicita Contexto de Ejecucion
2024/12/10 20:49:41 ## Contexto <Solicitado> - (PID:TID) - (2:0)
2024/12/10 20:49:41 PCB : 2 TID : 0 - Solicitud Contexto de Ejecucion Exitosa
2024/12/10 20:49:41 Instrucción solicitada de PID: 2, TID: 0, PC: 3
2024/12/10 20:49:41 ## Obtener instrucción - (PID:TID) - (2:0) - Instrucción: READ_MEM BX DX
2024/12/10 20:49:41 PID: 2 TID: 0 - FETCH - Program Counter: 3
2024/12/10 20:49:41 Instrucción decodificada: INSTUCCIÓN = READ_MEM, PARÁMETROS = [BX DX]
2024/12/10 20:49:41 ## TID: 0 - Ejecutando: READ_MEM - Parámetros: [BX DX]
2024/12/10 20:49:41 ## TID: <0> - Accion: <LEER> - Direccion Fisica: <240>
2024/12/10 20:49:41 ## Llega interrupcion al puerto Interrupt
2024/12/10 20:49:41 ## Se registra la interrupcion
2024/12/10 20:49:41 ## <Lectura> - (<PID:2> : <TID:0>) - Dir. Fisica: <240> - Tamanio <4>
2024/12/10 20:49:41 AX: 64, BX: 64, CX: 0, DX: 0, EX: 0, FX: 0, GX: 0, HX: 0, PC: 4
2024/12/10 20:49:41 ## Contexto Actualizado - (PID:TID) - (2:0)
2024/12/10 20:49:41 ## (<PID:2>:<TID:0>) - Desalojado por: Quantum ##
2024/12/10 20:49:41 ## (<PID 2>:<TID 0>) Se encola el Hilo - Estado: READY
2024/12/10 20:49:41 ## TID: <0> - Actualizo Contexto Ejecución
2024/12/10 20:49:41 FINALIZA EJECUCION POR INTERRUPCION DE PID : 2 y TID : 0 
2024/12/10 20:49:41 ## (<PID 3>:<TID 0>) Se ejecuta el Hilo - Estado: EXEC
2024/12/10 20:49:41 PCB : 3 TID : 0 - Solicita Contexto de Ejecucion
2024/12/10 20:49:42 ## Contexto <Solicitado> - (PID:TID) - (3:0)
2024/12/10 20:49:42 PCB : 3 TID : 0 - Solicitud Contexto de Ejecucion Exitosa
2024/12/10 20:49:42 Instrucción solicitada de PID: 3, TID: 0, PC: 2
2024/12/10 20:49:42 ## Obtener instrucción - (PID:TID) - (3:0) - Instrucción: WRITE_MEM DX AX
2024/12/10 20:49:42 PID: 3 TID: 0 - FETCH - Program Counter: 2
2024/12/10 20:49:42 Instrucción decodificada: INSTUCCIÓN = WRITE_MEM, PARÁMETROS = [DX AX]
2024/12/10 20:49:42 ## TID: 0 - Ejecutando: WRITE_MEM - Parámetros: [DX AX]
2024/12/10 20:49:42 ## TID: <0> - Accion: <ESCRIBIR> - Direccion Fisica: <48>
2024/12/10 20:49:42 ## Llega interrupcion al puerto Interrupt
2024/12/10 20:49:42 ## Se registra la interrupcion
2024/12/10 20:49:42 ## <Escritura> - (<PID:3> : <TID:0>) - Dir. Fisica: <48> - Tamanio <4>
2024/12/10 20:49:42 AX: 64, BX: 0, CX: 0, DX: 0, EX: 0, FX: 0, GX: 0, HX: 0, PC: 3
2024/12/10 20:49:42 ## Contexto Actualizado - (PID:TID) - (3:0)
2024/12/10 20:49:42 ## (<PID:3>:<TID:0>) - Desalojado por: Quantum ##
2024/12/10 20:49:42 ## (<PID 3>:<TID 0>) Se encola el Hilo - Estado: READY
2024/12/10 20:49:42 ## TID: <0> - Actualizo Contexto Ejecución
2024/12/10 20:49:42 FINALIZA EJECUCION POR INTERRUPCION DE PID : 3 y TID : 0 
2024/12/10 20:49:42 ## (<PID 4>:<TID 0>) Se ejecuta el Hilo - Estado: EXEC
2024/12/10 20:49:42 PCB : 4 TID : 0 - Solicita Contexto de Ejecucion
2024/12/10 20:49:42 ## Contexto <Solicitado> - (PID:TID) - (4:0)
2024/12/10 20:49:42 PCB : 4 TID : 0 - Solicitud Contexto de Ejecucion Exitosa
2024/12/10 20:49:42 Instrucción solicitada de PID: 4, TID: 0, PC: 0
2024/12/10 20:49:43 ## Obtener instrucción - (PID:TID) - (4:0) - Instrucción: SET DX 0
2024/12/10 20:49:43 PID: 4 TID: 0 - FETCH - Program Counter: 0
2024/12/10 20:49:43 Instrucción decodificada: INSTUCCIÓN = SET, PARÁMETROS = [DX 0]
2024/12/10 20:49:43 ## TID: 0 - Ejecutando: SET - Parámetros: [DX 0]
2024/12/10 20:49:43 AX: 0, BX: 0, CX: 0, DX: 0, EX: 0, FX: 0, GX: 0, HX: 0, PC: 1
2024/12/10 20:49:43 Instrucción solicitada de PID: 4, TID: 0, PC: 1
2024/12/10 20:49:43 ## Llega interrupcion al puerto Interrupt
2024/12/10 20:49:43 ## Se registra la interrupcion
2024/12/10 20:49:43 ## Obtener instrucción - (PID:TID) - (4:0) - Instrucción: SET AX 64
2024/12/10 20:49:43 PID: 4 TID: 0 - FETCH - Program Counter: 1
2024/12/10 20:49:43 Instrucción decodificada: INSTUCCIÓN = SET, PARÁMETROS = [AX 64]
2024/12/10 20:49:43 ## TID: 0 - Ejecutando: SET - Parámetros: [AX 64]
2024/12/10 20:49:43 AX: 64, BX: 0, CX: 0, DX: 0, EX: 0, FX: 0, GX: 0, HX: 0, PC: 2
2024/12/10 20:49:43 ## Contexto Actualizado - (PID:TID) - (4:0)
2024/12/10 20:49:43 ## (<PID:4>:<TID:0>) - Desalojado por: Quantum ##
2024/12/10 20:49:43 ## (<PID 4>:<TID 0>) Se encola el Hilo - Estado: READY
2024/12/10 20:49:43 ## TID: <0> - Actualizo Contexto Ejecución
2024/12/10 20:49:43 FINALIZA EJECUCION POR INTERRUPCION DE PID : 4 y TID : 0 
2024/12/10 20:49:43 ## (<PID 1>:<TID 0>) Se ejecuta el Hilo - Estado: EXEC
2024/12/10 20:49:43 PCB : 1 TID : 0 - Solicita Contexto de Ejecucion
2024/12/10 20:49:43 ## Contexto <Solicitado> - (PID:TID) - (1:0)
2024/12/10 20:49:43 PCB : 1 TID : 0 - Solicitud Contexto de Ejecucion Exitosa
2024/12/10 20:49:43 Instrucción solicitada de PID: 1, TID: 0, PC: 3
2024/12/10 20:49:43 ## Obtener instrucción - (PID:TID) - (1:0) - Instrucción: PROCESS_CREATE MEM_FIJAS 12 0
2024/12/10 20:49:43 PID: 1 TID: 0 - FETCH - Program Counter: 3
2024/12/10 20:49:43 Instrucción decodificada: INSTUCCIÓN = PROCESS_CREATE, PARÁMETROS = [MEM_FIJAS 12 0]
2024/12/10 20:49:43 ## TID: 0 - Ejecutando: PROCESS_CREATE - Parámetros: [MEM_FIJAS 12 0]
2024/12/10 20:49:44 ## Llega interrupcion al puerto Interrupt
2024/12/10 20:49:44 ## Se registra la interrupcion
2024/12/10 20:49:44 ## Contexto Actualizado - (PID:TID) - (1:0)
2024/12/10 20:49:44 ## (<PID:1>:<TID:0>) - Solicitó syscall: <PROCESS_CREATE> ##
2024/12/10 20:49:44  ## (<PID>:5) Se crea el proceso - Estado: NEW ##
2024/12/10 20:49:44 ## Proceso Creado - PID: 5 - Tamaño: 12
2024/12/10 20:49:44 ## Hilo Creado - (PID:TID) - (5:0)
2024/12/10 20:49:44 ## (<PID 5>:<TID 0>) Se encola el Hilo - Estado: READY
2024/12/10 20:49:44 PCB : 1 TID : 0 - Solicita Contexto de Ejecucion
2024/12/10 20:49:44 ## Contexto <Solicitado> - (PID:TID) - (1:0)
2024/12/10 20:49:44 PCB : 1 TID : 0 - Solicitud Contexto de Ejecucion Exitosa
2024/12/10 20:49:44 Entra a evaluar HILO ANTERIOR
2024/12/10 20:49:45 ## Contexto Actualizado - (PID:TID) - (1:0)
2024/12/10 20:49:45 ## (<PID:1>:<TID:0>) - Desalojado por: Quantum ##
2024/12/10 20:49:45 ## (<PID 1>:<TID 0>) Se encola el Hilo - Estado: READY
2024/12/10 20:49:45 ## TID: <0> - Actualizo Contexto Ejecución
2024/12/10 20:49:45 FINALIZA EJECUCION POR INTERRUPCION DE PID : 1 y TID : 0 
2024/12/10 20:49:45 AX: 0, BX: 0, CX: 0, DX: 0, EX: 0, FX: 0, GX: 0, HX: 0, PC: 4
2024/12/10 20:49:45 ## (<PID 2>:<TID 0>) Se ejecuta el Hilo - Estado: EXEC
2024/12/10 20:49:45 PCB : 2 TID : 0 - Solicita Contexto de Ejecucion
2024/12/10 20:49:45 ## Contexto <Solicitado> - (PID:TID) - (2:0)
2024/12/10 20:49:45 PCB : 2 TID : 0 - Solicitud Contexto de Ejecucion Exitosa
2024/12/10 20:49:45 Instrucción solicitada de PID: 2, TID: 0, PC: 4
2024/12/10 20:49:45 ## Obtener instrucción - (PID:TID) - (2:0) - Instrucción: LOG BX
2024/12/10 20:49:45 PID: 2 TID: 0 - FETCH - Program Counter: 4
2024/12/10 20:49:45 Instrucción decodificada: INSTUCCIÓN = LOG, PARÁMETROS = [BX]
2024/12/10 20:49:45 ## TID: 0 - Ejecutando: LOG - Parámetros: [BX]
2024/12/10 20:49:45 El valor del registro BX es 64
2024/12/10 20:49:45 AX: 64, BX: 64, CX: 0, DX: 0, EX: 0, FX: 0, GX: 0, HX: 0, PC: 5
2024/12/10 20:49:45 Instrucción solicitada de PID: 2, TID: 0, PC: 5
2024/12/10 20:49:45 ## Llega interrupcion al puerto Interrupt
2024/12/10 20:49:45 ## Se registra la interrupcion
2024/12/10 20:49:45 ## Obtener instrucción - (PID:TID) - (2:0) - Instrucción: IO 120000
2024/12/10 20:49:45 PID: 2 TID: 0 - FETCH - Program Counter: 5
2024/12/10 20:49:45 Instrucción decodificada: INSTUCCIÓN = IO, PARÁMETROS = [120000]
2024/12/10 20:49:45 ## TID: 0 - Ejecutando: IO - Parámetros: [120000]
2024/12/10 20:49:45 ## Contexto Actualizado - (PID:TID) - (2:0)
2024/12/10 20:49:45 ## (<PID:2>:<TID:0>) - Solicitó syscall: <IO> ##
2024/12/10 20:49:45 (<PID: 2 >:<TID: 0 >) - Bloqueado por: IO
2024/12/10 20:49:45 AX: 64, BX: 64, CX: 0, DX: 0, EX: 0, FX: 0, GX: 0, HX: 0, PC: 6
2024/12/10 20:49:45 ## (<PID 3>:<TID 0>) Se ejecuta el Hilo - Estado: EXEC
2024/12/10 20:49:45 PCB : 3 TID : 0 - Solicita Contexto de Ejecucion
2024/12/10 20:49:46 ## Contexto <Solicitado> - (PID:TID) - (3:0)
2024/12/10 20:49:46 PCB : 3 TID : 0 - Solicitud Contexto de Ejecucion Exitosa
2024/12/10 20:49:46 Instrucción solicitada de PID: 3, TID: 0, PC: 3
2024/12/10 20:49:46 ## Obtener instrucción - (PID:TID) - (3:0) - Instrucción: READ_MEM BX DX
2024/12/10 20:49:46 PID: 3 TID: 0 - FETCH - Program Counter: 3
2024/12/10 20:49:46 Instrucción decodificada: INSTUCCIÓN = READ_MEM, PARÁMETROS = [BX DX]
2024/12/10 20:49:46 ## TID: 0 - Ejecutando: READ_MEM - Parámetros: [BX DX]
2024/12/10 20:49:46 ## TID: <0> - Accion: <LEER> - Direccion Fisica: <48>
2024/12/10 20:49:46 ## Llega interrupcion al puerto Interrupt
2024/12/10 20:49:46 ## Se registra la interrupcion
2024/12/10 20:49:46 ## <Lectura> - (<PID:3> : <TID:0>) - Dir. Fisica: <48> - Tamanio <4>
2024/12/10 20:49:46 AX: 64, BX: 64, CX: 0, DX: 0, EX: 0, FX: 0, GX: 0, HX: 0, PC: 4
2024/12/10 20:49:46 ## Contexto Actualizado - (PID:TID) - (3:0)
2024/12/10 20:49:46 ## (<PID:3>:<TID:0>) - Desalojado por: Quantum ##
2024/12/10 20:49:46 ## (<PID 3>:<TID 0>) Se encola el Hilo - Estado: READY
2024/12/10 20:49:46 ## TID: <0> - Actualizo Contexto Ejecución
2024/12/10 20:49:46 FINALIZA EJECUCION POR INTERRUPCION DE PID : 3 y TID : 0 
2024/12/10 20:49:46 ## (<PID 4>:<TID 0>) Se ejecuta el Hilo - Estado: EXEC
2024/12/10 20:49:46 PCB : 4 TID : 0 - Solicita Contexto de Ejecucion
2024/12/10 20:49:46 ## Contexto <Solicitado> - (PID:TID) - (4:0)
2024/12/10 20:49:46 PCB : 4 TID : 0 - Solicitud Contexto de Ejecucion Exitosa
2024/12/10 20:49:46 Instrucción solicitada de PID: 4, TID: 0, PC: 2
2024/12/10 20:49:47 ## Obtener instrucción - (PID:TID) - (4:0) - Instrucción: WRITE_MEM DX AX
2024/12/10 20:49:47 PID: 4 TID: 0 - FETCH - Program Counter: 2
2024/12/10 20:49:47 Instrucción decodificada: INSTUCCIÓN = WRITE_MEM, PARÁMETROS = [DX AX]
2024/12/10 20:49:47 ## TID: 0 - Ejecutando: WRITE_MEM - Parámetros: [DX AX]
2024/12/10 20:49:47 ## TID: <0> - Accion: <ESCRIBIR> - Direccion Fisica: <112>
2024/12/10 20:49:47 ## Llega interrupcion al puerto Interrupt
2024/12/10 20:49:47 ## Se registra la interrupcion
2024/12/10 20:49:47 ## <Escritura> - (<PID:4> : <TID:0>) - Dir. Fisica: <112> - Tamanio <4>
2024/12/10 20:49:47 AX: 64, BX: 0, CX: 0, DX: 0, EX: 0, FX: 0, GX: 0, HX: 0, PC: 3
2024/12/10 20:49:47 ## Contexto Actualizado - (PID:TID) - (4:0)
2024/12/10 20:49:47 ## (<PID:4>:<TID:0>) - Desalojado por: Quantum ##
2024/12/10 20:49:47 ## (<PID 4>:<TID 0>) Se encola el Hilo - Estado: READY
2024/12/10 20:49:47 ## TID: <0> - Actualizo Contexto Ejecución
2024/12/10 20:49:47 FINALIZA EJECUCION POR INTERRUPCION DE PID : 4 y TID : 0 
2024/12/10 20:49:47 ## (<PID 5>:<TID 0>) Se ejecuta el Hilo - Estado: EXEC
2024/12/10 20:49:47 PCB : 5 TID : 0 - Solicita Contexto de Ejecucion
2024/12/10 20:49:47 ## Contexto <Solicitado> - (PID:TID) - (5:0)
2024/12/10 20:49:47 PCB : 5 TID : 0 - Solicitud Contexto de Ejecucion Exitosa
2024/12/10 20:49:47 Instrucción solicitada de PID: 5, TID: 0, PC: 0
2024/12/10 20:49:47 ## Obtener instrucción - (PID:TID) - (5:0) - Instrucción: SET DX 0
2024/12/10 20:49:47 PID: 5 TID: 0 - FETCH - Program Counter: 0
2024/12/10 20:49:47 Instrucción decodificada: INSTUCCIÓN = SET, PARÁMETROS = [DX 0]
2024/12/10 20:49:47 ## TID: 0 - Ejecutando: SET - Parámetros: [DX 0]
2024/12/10 20:49:47 AX: 0, BX: 0, CX: 0, DX: 0, EX: 0, FX: 0, GX: 0, HX: 0, PC: 1
2024/12/10 20:49:47 Instrucción solicitada de PID: 5, TID: 0, PC: 1
2024/12/10 20:49:48 ## Llega interrupcion al puerto Interrupt
2024/12/10 20:49:48 ## Se registra la interrupcion
2024/12/10 20:49:48 ## Obtener instrucción - (PID:TID) - (5:0) - Instrucción: SET AX 64
2024/12/10 20:49:48 PID: 5 TID: 0 - FETCH - Program Counter: 1
2024/12/10 20:49:48 Instrucción decodificada: INSTUCCIÓN = SET, PARÁMETROS = [AX 64]
2024/12/10 20:49:48 ## TID: 0 - Ejecutando: SET - Parámetros: [AX 64]
2024/12/10 20:49:48 AX: 64, BX: 0, CX: 0, DX: 0, EX: 0, FX: 0, GX: 0, HX: 0, PC: 2
2024/12/10 20:49:48 ## Contexto Actualizado - (PID:TID) - (5:0)
2024/12/10 20:49:48 ## (<PID:5>:<TID:0>) - Desalojado por: Quantum ##
2024/12/10 20:49:48 ## (<PID 5>:<TID 0>) Se encola el Hilo - Estado: READY
2024/12/10 20:49:48 ## TID: <0> - Actualizo Contexto Ejecución
2024/12/10 20:49:48 FINALIZA EJECUCION POR INTERRUPCION DE PID : 5 y TID : 0 
2024/12/10 20:49:48 ## (<PID 1>:<TID 0>) Se ejecuta el Hilo - Estado: EXEC
2024/12/10 20:49:48 PCB : 1 TID : 0 - Solicita Contexto de Ejecucion
2024/12/10 20:49:48 ## Contexto <Solicitado> - (PID:TID) - (1:0)
2024/12/10 20:49:48 PCB : 1 TID : 0 - Solicitud Contexto de Ejecucion Exitosa
2024/12/10 20:49:48 Instrucción solicitada de PID: 1, TID: 0, PC: 4
2024/12/10 20:49:48 ## Obtener instrucción - (PID:TID) - (1:0) - Instrucción: PROCESS_CREATE MEM_FIJAS 8 0
2024/12/10 20:49:48 PID: 1 TID: 0 - FETCH - Program Counter: 4
2024/12/10 20:49:48 Instrucción decodificada: INSTUCCIÓN = PROCESS_CREATE, PARÁMETROS = [MEM_FIJAS 8 0]
2024/12/10 20:49:48 ## TID: 0 - Ejecutando: PROCESS_CREATE - Parámetros: [MEM_FIJAS 8 0]
2024/12/10 20:49:48 ## Llega interrupcion al puerto Interrupt
2024/12/10 20:49:48 ## Se registra la interrupcion
2024/12/10 20:49:48 ## Contexto Actualizado - (PID:TID) - (1:0)
2024/12/10 20:49:49 ## (<PID:1>:<TID:0>) - Solicitó syscall: <PROCESS_CREATE> ##
2024/12/10 20:49:49  ## (<PID>:6) Se crea el proceso - Estado: NEW ##
2024/12/10 20:49:49 ## (<PID: 6 >) NO HAY PARTICIONES DISPONIBLES PARA SU TAMANIO
2024/12/10 20:49:49 PCB : 1 TID : 0 - Solicita Contexto de Ejecucion
2024/12/10 20:49:49 ## Contexto <Solicitado> - (PID:TID) - (1:0)
2024/12/10 20:49:49 PCB : 1 TID : 0 - Solicitud Contexto de Ejecucion Exitosa
2024/12/10 20:49:49 Entra a evaluar HILO ANTERIOR
2024/12/10 20:49:49 ## Contexto Actualizado - (PID:TID) - (1:0)
2024/12/10 20:49:49 ## (<PID:1>:<TID:0>) - Desalojado por: Quantum ##
2024/12/10 20:49:49 ## (<PID 1>:<TID 0>) Se encola el Hilo - Estado: READY
2024/12/10 20:49:49 ## TID: <0> - Actualizo Contexto Ejecución
2024/12/10 20:49:49 FINALIZA EJECUCION POR INTERRUPCION DE PID : 1 y TID : 0 
2024/12/10 20:49:49 AX: 0, BX: 0, CX: 0, DX: 0, EX: 0, FX: 0, GX: 0, HX: 0, PC: 5
2024/12/10 20:49:49 ## (<PID 3>:<TID 0>) Se ejecuta el Hilo - Estado: EXEC
2024/12/10 20:49:49 PCB : 3 TID : 0 - Solicita Contexto de Ejecucion
2024/12/10 20:49:49 ## Contexto <Solicitado> - (PID:TID) - (3:0)
2024/12/10 20:49:49 PCB : 3 TID : 0 - Solicitud Contexto de Ejecucion Exitosa
2024/12/10 20:49:49 Instrucción solicitada de PID: 3, TID: 0, PC: 4
2024/12/10 20:49:50 ## Obtener instrucción - (PID:TID) - (3:0) - Instrucción: LOG BX
2024/12/10 20:49:50 PID: 3 TID: 0 - FETCH - Program Counter: 4
2024/12/10 20:49:50 Instrucción decodificada: INSTUCCIÓN = LOG, PARÁMETROS = [BX]
2024/12/10 20:49:50 ## TID: 0 - Ejecutando: LOG - Parámetros: [BX]
2024/12/10 20:49:50 El valor del registro BX es 64
2024/12/10 20:49:50 AX: 64, BX: 64, CX: 0, DX: 0, EX: 0, FX: 0, GX: 0, HX: 0, PC: 5
2024/12/10 20:49:50 Instrucción solicitada de PID: 3, TID: 0, PC: 5
2024/12/10 20:49:50 ## Llega interrupcion al puerto Interrupt
2024/12/10 20:49:50 ## Se registra la interrupcion
2024/12/10 20:49:50 ## Obtener instrucción - (PID:TID) - (3:0) - Instrucción: IO 120000
2024/12/10 20:49:50 PID: 3 TID: 0 - FETCH - Program Counter: 5
2024/12/10 20:49:50 Instrucción decodificada: INSTUCCIÓN = IO, PARÁMETROS = [120000]
2024/12/10 20:49:50 ## TID: 0 - Ejecutando: IO - Parámetros: [120000]
2024/12/10 20:49:50 ## Contexto Actualizado - (PID:TID) - (3:0)
2024/12/10 20:49:50 ## (<PID:3>:<TID:0>) - Solicitó syscall: <IO> ##
2024/12/10 20:49:50 (<PID: 3 >:<TID: 0 >) - Bloqueado por: IO
2024/12/10 20:49:50 AX: 64, BX: 64, CX: 0, DX: 0, EX: 0, FX: 0, GX: 0, HX: 0, PC: 6
2024/12/10 20:49:50 ## (<PID 4>:<TID 0>) Se ejecuta el Hilo - Estado: EXEC
2024/12/10 20:49:50 PCB : 4 TID : 0 - Solicita Contexto de Ejecucion
2024/12/10 20:49:50 ## Contexto <Solicitado> - (PID:TID) - (4:0)
2024/12/10 20:49:50 PCB : 4 TID : 0 - Solicitud Contexto de Ejecucion Exitosa
2024/12/10 20:49:50 Instrucción solicitada de PID: 4, TID: 0, PC: 3
2024/12/10 20:49:50 ## Obtener instrucción - (PID:TID) - (4:0) - Instrucción: READ_MEM BX DX
2024/12/10 20:49:50 PID: 4 TID: 0 - FETCH - Program Counter: 3
2024/12/10 20:49:50 Instrucción decodificada: INSTUCCIÓN = READ_MEM, PARÁMETROS = [BX DX]
2024/12/10 20:49:50 ## TID: 0 - Ejecutando: READ_MEM - Parámetros: [BX DX]
2024/12/10 20:49:50 ## TID: <0> - Accion: <LEER> - Direccion Fisica: <112>
2024/12/10 20:49:50 ## Llega interrupcion al puerto Interrupt
2024/12/10 20:49:50 ## Se registra la interrupcion
2024/12/10 20:49:51 ## <Lectura> - (<PID:4> : <TID:0>) - Dir. Fisica: <112> - Tamanio <4>
2024/12/10 20:49:51 AX: 64, BX: 64, CX: 0, DX: 0, EX: 0, FX: 0, GX: 0, HX: 0, PC: 4
2024/12/10 20:49:51 ## Contexto Actualizado - (PID:TID) - (4:0)
2024/12/10 20:49:51 ## (<PID:4>:<TID:0>) - Desalojado por: Quantum ##
2024/12/10 20:49:51 ## (<PID 4>:<TID 0>) Se encola el Hilo - Estado: READY
2024/12/10 20:49:51 ## TID: <0> - Actualizo Contexto Ejecución
2024/12/10 20:49:51 FINALIZA EJECUCION POR INTERRUPCION DE PID : 4 y TID : 0 
2024/12/10 20:49:51 ## (<PID 5>:<TID 0>) Se ejecuta el Hilo - Estado: EXEC
2024/12/10 20:49:51 PCB : 5 TID : 0 - Solicita Contexto de Ejecucion
2024/12/10 20:49:51 ## Contexto <Solicitado> - (PID:TID) - (5:0)
2024/12/10 20:49:51 PCB : 5 TID : 0 - Solicitud Contexto de Ejecucion Exitosa
2024/12/10 20:49:51 Instrucción solicitada de PID: 5, TID: 0, PC: 2
2024/12/10 20:49:51 ## Obtener instrucción - (PID:TID) - (5:0) - Instrucción: WRITE_MEM DX AX
2024/12/10 20:49:51 PID: 5 TID: 0 - FETCH - Program Counter: 2
2024/12/10 20:49:51 Instrucción decodificada: INSTUCCIÓN = WRITE_MEM, PARÁMETROS = [DX AX]
2024/12/10 20:49:51 ## TID: 0 - Ejecutando: WRITE_MEM - Parámetros: [DX AX]
2024/12/10 20:49:51 ## TID: <0> - Accion: <ESCRIBIR> - Direccion Fisica: <0>
2024/12/10 20:49:51 ## Llega interrupcion al puerto Interrupt
2024/12/10 20:49:51 ## Se registra la interrupcion
2024/12/10 20:49:51 ## <Escritura> - (<PID:5> : <TID:0>) - Dir. Fisica: <0> - Tamanio <4>
2024/12/10 20:49:51 AX: 64, BX: 0, CX: 0, DX: 0, EX: 0, FX: 0, GX: 0, HX: 0, PC: 3
2024/12/10 20:49:52 ## Contexto Actualizado - (PID:TID) - (5:0)
2024/12/10 20:49:52 ## (<PID:5>:<TID:0>) - Desalojado por: Quantum ##
2024/12/10 20:49:52 ## (<PID 5>:<TID 0>) Se encola el Hilo - Estado: READY
2024/12/10 20:49:52 ## TID: <0> - Actualizo Contexto Ejecución
2024/12/10 20:49:52 FINALIZA EJECUCION POR INTERRUPCION DE PID : 5 y TID : 0 
2024/12/10 20:49:52 ## (<PID 1>:<TID 0>) Se ejecuta el Hilo - Estado: EXEC
2024/12/10 20:49:52 PCB : 1 TID : 0 - Solicita Contexto de Ejecucion
2024/12/10 20:49:52 ## Contexto <Solicitado> - (PID:TID) - (1:0)
2024/12/10 20:49:52 PCB : 1 TID : 0 - Solicitud Contexto de Ejecucion Exitosa
2024/12/10 20:49:52 Instrucción solicitada de PID: 1, TID: 0, PC: 5
2024/12/10 20:49:52 ## Obtener instrucción - (PID:TID) - (1:0) - Instrucción: PROCESS_CREATE MEM_FIJAS 8 0
2024/12/10 20:49:52 PID: 1 TID: 0 - FETCH - Program Counter: 5
2024/12/10 20:49:52 Instrucción decodificada: INSTUCCIÓN = PROCESS_CREATE, PARÁMETROS = [MEM_FIJAS 8 0]
2024/12/10 20:49:52 ## TID: 0 - Ejecutando: PROCESS_CREATE - Parámetros: [MEM_FIJAS 8 0]
2024/12/10 20:49:52 ## Llega interrupcion al puerto Interrupt
2024/12/10 20:49:52 ## Se registra la interrupcion
2024/12/10 20:49:52 ## Contexto Actualizado - (PID:TID) - (1:0)
2024/12/10 20:49:52 ## (<PID:1>:<TID:0>) - Solicitó syscall: <PROCESS_CREATE> ##
2024/12/10 20:49:52  ## (<PID>:7) Se crea el proceso - Estado: NEW ##
2024/12/10 20:49:52 PCB : 1 TID : 0 - Solicita Contexto de Ejecucion
2024/12/10 20:49:52 ## Contexto <Solicitado> - (PID:TID) - (1:0)
2024/12/10 20:49:52 PCB : 1 TID : 0 - Solicitud Contexto de Ejecucion Exitosa
2024/12/10 20:49:52 Entra a evaluar HILO ANTERIOR
2024/12/10 20:49:53 ## Contexto Actualizado - (PID:TID) - (1:0)
2024/12/10 20:49:53 ## (<PID:1>:<TID:0>) - Desalojado por: Quantum ##
2024/12/10 20:49:53 ## (<PID 1>:<TID 0>) Se encola el Hilo - Estado: READY
2024/12/10 20:49:53 ## TID: <0> - Actualizo Contexto Ejecución
2024/12/10 20:49:53 FINALIZA EJECUCION POR INTERRUPCION DE PID : 1 y TID : 0 
2024/12/10 20:49:53 AX: 0, BX: 0, CX: 0, DX: 0, EX: 0, FX: 0, GX: 0, HX: 0, PC: 6
2024/12/10 20:49:53 ## (<PID 4>:<TID 0>) Se ejecuta el Hilo - Estado: EXEC
2024/12/10 20:49:53 PCB : 4 TID : 0 - Solicita Contexto de Ejecucion
2024/12/10 20:49:53 ## Contexto <Solicitado> - (PID:TID) - (4:0)
2024/12/10 20:49:53 PCB : 4 TID : 0 - Solicitud Contexto de Ejecucion Exitosa
2024/12/10 20:49:53 Instrucción solicitada de PID: 4, TID: 0, PC: 4
2024/12/10 20:49:53 ## Obtener instrucción - (PID:TID) - (4:0) - Instrucción: LOG BX
2024/12/10 20:49:53 PID: 4 TID: 0 - FETCH - Program Counter: 4
2024/12/10 20:49:53 Instrucción decodificada: INSTUCCIÓN = LOG, PARÁMETROS = [BX]
2024/12/10 20:49:53 ## TID: 0 - Ejecutando: LOG - Parámetros: [BX]
2024/12/10 20:49:53 El valor del registro BX es 64
2024/12/10 20:49:53 AX: 64, BX: 64, CX: 0, DX: 0, EX: 0, FX: 0, GX: 0, HX: 0, PC: 5
2024/12/10 20:49:53 Instrucción solicitada de PID: 4, TID: 0, PC: 5
2024/12/10 20:49:53 ## Llega interrupcion al puerto Interrupt
2024/12/10 20:49:53 ## Se registra la interrupcion
2024/12/10 20:49:53 ## Obtener instrucción - (PID:TID) - (4:0) - Instrucción: IO 120000
2024/12/10 20:49:53 PID: 4 TID: 0 - FETCH - Program Counter: 5
2024/12/10 20:49:53 Instrucción decodificada: INSTUCCIÓN = IO, PARÁMETROS = [120000]
2024/12/10 20:49:53 ## TID: 0 - Ejecutando: IO - Parámetros: [120000]
2024/12/10 20:49:53 ## Contexto Actualizado - (PID:TID) - (4:0)
2024/12/10 20:49:53 ## (<PID:4>:<TID:0>) - Solicitó syscall: <IO> ##
2024/12/10 20:49:53 (<PID: 4 >:<TID: 0 >) - Bloqueado por: IO
2024/12/10 20:49:53 AX: 64, BX: 64, CX: 0, DX: 0, EX: 0, FX: 0, GX: 0, HX: 0, PC: 6
2024/12/10 20:49:53 ## (<PID 5>:<TID 0>) Se ejecuta el Hilo - Estado: EXEC
2024/12/10 20:49:53 PCB : 5 TID : 0 - Solicita Contexto de Ejecucion
2024/12/10 20:49:54 ## Contexto <Solicitado> - (PID:TID) - (5:0)
2024/12/10 20:49:54 PCB : 5 TID : 0 - Solicitud Contexto de Ejecucion Exitosa
2024/12/10 20:49:54 Instrucción solicitada de PID: 5, TID: 0, PC: 3
2024/12/10 20:49:54 ## Obtener instrucción - (PID:TID) - (5:0) - Instrucción: READ_MEM BX DX
2024/12/10 20:49:54 PID: 5 TID: 0 - FETCH - Program Counter: 3
2024/12/10 20:49:54 Instrucción decodificada: INSTUCCIÓN = READ_MEM, PARÁMETROS = [BX DX]
2024/12/10 20:49:54 ## TID: 0 - Ejecutando: READ_MEM - Parámetros: [BX DX]
2024/12/10 20:49:54 ## TID: <0> - Accion: <LEER> - Direccion Fisica: <0>
2024/12/10 20:49:54 ## Llega interrupcion al puerto Interrupt
2024/12/10 20:49:54 ## Se registra la interrupcion
2024/12/10 20:49:54 ## <Lectura> - (<PID:5> : <TID:0>) - Dir. Fisica: <0> - Tamanio <4>
2024/12/10 20:49:54 AX: 64, BX: 64, CX: 0, DX: 0, EX: 0, FX: 0, GX: 0, HX: 0, PC: 4
2024/12/10 20:49:54 ## Contexto Actualizado - (PID:TID) - (5:0)
2024/12/10 20:49:54 ## (<PID:5>:<TID:0>) - Desalojado por: Quantum ##
2024/12/10 20:49:54 ## (<PID 5>:<TID 0>) Se encola el Hilo - Estado: READY
2024/12/10 20:49:54 ## TID: <0> - Actualizo Contexto Ejecución
2024/12/10 20:49:54 FINALIZA EJECUCION POR INTERRUPCION DE PID : 5 y TID : 0 
2024/12/10 20:49:54 ## (<PID 1>:<TID 0>) Se ejecuta el Hilo - Estado: EXEC
2024/12/10 20:49:54 PCB : 1 TID : 0 - Solicita Contexto de Ejecucion
2024/12/10 20:49:54 ## Contexto <Solicitado> - (PID:TID) - (1:0)
2024/12/10 20:49:54 PCB : 1 TID : 0 - Solicitud Contexto de Ejecucion Exitosa
2024/12/10 20:49:54 Instrucción solicitada de PID: 1, TID: 0, PC: 6
2024/12/10 20:49:55 ## Obtener instrucción - (PID:TID) - (1:0) - Instrucción: PROCESS_CREATE MEM_FIJAS 8 0
2024/12/10 20:49:55 PID: 1 TID: 0 - FETCH - Program Counter: 6
2024/12/10 20:49:55 Instrucción decodificada: INSTUCCIÓN = PROCESS_CREATE, PARÁMETROS = [MEM_FIJAS 8 0]
2024/12/10 20:49:55 ## TID: 0 - Ejecutando: PROCESS_CREATE - Parámetros: [MEM_FIJAS 8 0]
2024/12/10 20:49:55 ## Llega interrupcion al puerto Interrupt
2024/12/10 20:49:55 ## Se registra la interrupcion
2024/12/10 20:49:55 ## Contexto Actualizado - (PID:TID) - (1:0)
2024/12/10 20:49:55 ## (<PID:1>:<TID:0>) - Solicitó syscall: <PROCESS_CREATE> ##
2024/12/10 20:49:55  ## (<PID>:8) Se crea el proceso - Estado: NEW ##
2024/12/10 20:49:55 PCB : 1 TID : 0 - Solicita Contexto de Ejecucion
2024/12/10 20:49:55 ## Contexto <Solicitado> - (PID:TID) - (1:0)
2024/12/10 20:49:55 PCB : 1 TID : 0 - Solicitud Contexto de Ejecucion Exitosa
2024/12/10 20:49:55 Entra a evaluar HILO ANTERIOR
2024/12/10 20:49:55 ## Contexto Actualizado - (PID:TID) - (1:0)
2024/12/10 20:49:55 ## (<PID:1>:<TID:0>) - Desalojado por: Quantum ##
2024/12/10 20:49:55 ## (<PID 1>:<TID 0>) Se encola el Hilo - Estado: READY
2024/12/10 20:49:55 ## TID: <0> - Actualizo Contexto Ejecución
2024/12/10 20:49:55 FINALIZA EJECUCION POR INTERRUPCION DE PID : 1 y TID : 0 
2024/12/10 20:49:55 AX: 0, BX: 0, CX: 0, DX: 0, EX: 0, FX: 0, GX: 0, HX: 0, PC: 7
2024/12/10 20:49:55 ## (<PID 5>:<TID 0>) Se ejecuta el Hilo - Estado: EXEC
2024/12/10 20:49:55 PCB : 5 TID : 0 - Solicita Contexto de Ejecucion
2024/12/10 20:49:56 ## Contexto <Solicitado> - (PID:TID) - (5:0)
2024/12/10 20:49:56 PCB : 5 TID : 0 - Solicitud Contexto de Ejecucion Exitosa
2024/12/10 20:49:56 Instrucción solicitada de PID: 5, TID: 0, PC: 4
2024/12/10 20:49:56 ## Obtener instrucción - (PID:TID) - (5:0) - Instrucción: LOG BX
2024/12/10 20:49:56 PID: 5 TID: 0 - FETCH - Program Counter: 4
2024/12/10 20:49:56 Instrucción decodificada: INSTUCCIÓN = LOG, PARÁMETROS = [BX]
2024/12/10 20:49:56 ## TID: 0 - Ejecutando: LOG - Parámetros: [BX]
2024/12/10 20:49:56 El valor del registro BX es 64
2024/12/10 20:49:56 AX: 64, BX: 64, CX: 0, DX: 0, EX: 0, FX: 0, GX: 0, HX: 0, PC: 5
2024/12/10 20:49:56 Instrucción solicitada de PID: 5, TID: 0, PC: 5
2024/12/10 20:49:56 ## Llega interrupcion al puerto Interrupt
2024/12/10 20:49:56 ## Se registra la interrupcion
2024/12/10 20:49:56 ## Obtener instrucción - (PID:TID) - (5:0) - Instrucción: IO 120000
2024/12/10 20:49:56 PID: 5 TID: 0 - FETCH - Program Counter: 5
2024/12/10 20:49:56 Instrucción decodificada: INSTUCCIÓN = IO, PARÁMETROS = [120000]
2024/12/10 20:49:56 ## TID: 0 - Ejecutando: IO - Parámetros: [120000]
2024/12/10 20:49:56 ## Contexto Actualizado - (PID:TID) - (5:0)
2024/12/10 20:49:56 ## (<PID:5>:<TID:0>) - Solicitó syscall: <IO> ##
2024/12/10 20:49:56 (<PID: 5 >:<TID: 0 >) - Bloqueado por: IO
2024/12/10 20:49:56 AX: 64, BX: 64, CX: 0, DX: 0, EX: 0, FX: 0, GX: 0, HX: 0, PC: 6
2024/12/10 20:49:56 ## (<PID 1>:<TID 0>) Se ejecuta el Hilo - Estado: EXEC
2024/12/10 20:49:56 PCB : 1 TID : 0 - Solicita Contexto de Ejecucion
2024/12/10 20:49:56 ## Contexto <Solicitado> - (PID:TID) - (1:0)
2024/12/10 20:49:56 PCB : 1 TID : 0 - Solicitud Contexto de Ejecucion Exitosa
2024/12/10 20:49:56 Instrucción solicitada de PID: 1, TID: 0, PC: 7
2024/12/10 20:49:57 ## Obtener instrucción - (PID:TID) - (1:0) - Instrucción: PROCESS_CREATE MEM_FIJAS 8 0
2024/12/10 20:49:57 PID: 1 TID: 0 - FETCH - Program Counter: 7
2024/12/10 20:49:57 Instrucción decodificada: INSTUCCIÓN = PROCESS_CREATE, PARÁMETROS = [MEM_FIJAS 8 0]
2024/12/10 20:49:57 ## TID: 0 - Ejecutando: PROCESS_CREATE - Parámetros: [MEM_FIJAS 8 0]
2024/12/10 20:49:57 ## Llega interrupcion al puerto Interrupt
2024/12/10 20:49:57 ## Se registra la interrupcion
2024/12/10 20:49:57 ## Contexto Actualizado - (PID:TID) - (1:0)
2024/12/10 20:49:57 ## (<PID:1>:<TID:0>) - Solicitó syscall: <PROCESS_CREATE> ##
2024/12/10 20:49:57  ## (<PID>:9) Se crea el proceso - Estado: NEW ##
2024/12/10 20:49:57 PCB : 1 TID : 0 - Solicita Contexto de Ejecucion
2024/12/10 20:49:57 ## Contexto <Solicitado> - (PID:TID) - (1:0)
2024/12/10 20:49:57 PCB : 1 TID : 0 - Solicitud Contexto de Ejecucion Exitosa
2024/12/10 20:49:57 Entra a evaluar HILO ANTERIOR
2024/12/10 20:49:57 ## Contexto Actualizado - (PID:TID) - (1:0)
2024/12/10 20:49:57 ## (<PID:1>:<TID:0>) - Desalojado por: Quantum ##
2024/12/10 20:49:57 ## (<PID 1>:<TID 0>) Se encola el Hilo - Estado: READY
2024/12/10 20:49:57 ## TID: <0> - Actualizo Contexto Ejecución
2024/12/10 20:49:57 FINALIZA EJECUCION POR INTERRUPCION DE PID : 1 y TID : 0 
2024/12/10 20:49:57 AX: 0, BX: 0, CX: 0, DX: 0, EX: 0, FX: 0, GX: 0, HX: 0, PC: 8
2024/12/10 20:49:57 ## (<PID 1>:<TID 0>) Se ejecuta el Hilo - Estado: EXEC
2024/12/10 20:49:57 PCB : 1 TID : 0 - Solicita Contexto de Ejecucion
2024/12/10 20:49:57 ## Contexto <Solicitado> - (PID:TID) - (1:0)
2024/12/10 20:49:57 PCB : 1 TID : 0 - Solicitud Contexto de Ejecucion Exitosa
2024/12/10 20:49:57 Entra a evaluar HILO ANTERIOR
2024/12/10 20:49:57 Instrucción solicitada de PID: 1, TID: 0, PC: 8
2024/12/10 20:49:58 ## Obtener instrucción - (PID:TID) - (1:0) - Instrucción: SET DX 0
2024/12/10 20:49:58 PID: 1 TID: 0 - FETCH - Program Counter: 8
2024/12/10 20:49:58 Instrucción decodificada: INSTUCCIÓN = SET, PARÁMETROS = [DX 0]
2024/12/10 20:49:58 ## TID: 0 - Ejecutando: SET - Parámetros: [DX 0]
2024/12/10 20:49:58 AX: 0, BX: 0, CX: 0, DX: 0, EX: 0, FX: 0, GX: 0, HX: 0, PC: 9
2024/12/10 20:49:58 Instrucción solicitada de PID: 1, TID: 0, PC: 9
2024/12/10 20:49:58 ## Llega interrupcion al puerto Interrupt
2024/12/10 20:49:58 ## Se registra la interrupcion
2024/12/10 20:49:58 ## Obtener instrucción - (PID:TID) - (1:0) - Instrucción: SET AX 64
2024/12/10 20:49:58 PID: 1 TID: 0 - FETCH - Program Counter: 9
2024/12/10 20:49:58 Instrucción decodificada: INSTUCCIÓN = SET, PARÁMETROS = [AX 64]
2024/12/10 20:49:58 ## TID: 0 - Ejecutando: SET - Parámetros: [AX 64]
2024/12/10 20:49:58 AX: 64, BX: 0, CX: 0, DX: 0, EX: 0, FX: 0, GX: 0, HX: 0, PC: 10
2024/12/10 20:49:58 ## Contexto Actualizado - (PID:TID) - (1:0)
2024/12/10 20:49:58 ## (<PID:1>:<TID:0>) - Desalojado por: Quantum ##
2024/12/10 20:49:58 ## (<PID 1>:<TID 0>) Se encola el Hilo - Estado: READY
2024/12/10 20:49:58 ## TID: <0> - Actualizo Contexto Ejecución
2024/12/10 20:49:58 FINALIZA EJECUCION POR INTERRUPCION DE PID : 1 y TID : 0 
2024/12/10 20:49:58 ## (<PID 1>:<TID 0>) Se ejecuta el Hilo - Estado: EXEC
2024/12/10 20:49:58 PCB : 1 TID : 0 - Solicita Contexto de Ejecucion
2024/12/10 20:49:58 ## Contexto <Solicitado> - (PID:TID) - (1:0)
2024/12/10 20:49:58 PCB : 1 TID : 0 - Solicitud Contexto de Ejecucion Exitosa
2024/12/10 20:49:58 Entra a evaluar HILO ANTERIOR
2024/12/10 20:49:58 Instrucción solicitada de PID: 1, TID: 0, PC: 10
2024/12/10 20:49:58 ## Obtener instrucción - (PID:TID) - (1:0) - Instrucción: WRITE_MEM DX AX
2024/12/10 20:49:58 PID: 1 TID: 0 - FETCH - Program Counter: 10
2024/12/10 20:49:58 Instrucción decodificada: INSTUCCIÓN = WRITE_MEM, PARÁMETROS = [DX AX]
2024/12/10 20:49:58 ## TID: 0 - Ejecutando: WRITE_MEM - Parámetros: [DX AX]
2024/12/10 20:49:58 ## TID: <0> - Accion: <ESCRIBIR> - Direccion Fisica: <32>
2024/12/10 20:49:58 ## Llega interrupcion al puerto Interrupt
2024/12/10 20:49:58 ## Se registra la interrupcion
2024/12/10 20:49:59 ## <Escritura> - (<PID:1> : <TID:0>) - Dir. Fisica: <32> - Tamanio <4>
2024/12/10 20:49:59 AX: 64, BX: 0, CX: 0, DX: 0, EX: 0, FX: 0, GX: 0, HX: 0, PC: 11
2024/12/10 20:49:59 ## Contexto Actualizado - (PID:TID) - (1:0)
2024/12/10 20:49:59 ## (<PID:1>:<TID:0>) - Desalojado por: Quantum ##
2024/12/10 20:49:59 ## (<PID 1>:<TID 0>) Se encola el Hilo - Estado: READY
2024/12/10 20:49:59 ## TID: <0> - Actualizo Contexto Ejecución
2024/12/10 20:49:59 FINALIZA EJECUCION POR INTERRUPCION DE PID : 1 y TID : 0 
2024/12/10 20:49:59 ## (<PID 1>:<TID 0>) Se ejecuta el Hilo - Estado: EXEC
2024/12/10 20:49:59 PCB : 1 TID : 0 - Solicita Contexto de Ejecucion
2024/12/10 20:49:59 ## Contexto <Solicitado> - (PID:TID) - (1:0)
2024/12/10 20:49:59 PCB : 1 TID : 0 - Solicitud Contexto de Ejecucion Exitosa
2024/12/10 20:49:59 Entra a evaluar HILO ANTERIOR
2024/12/10 20:49:59 Instrucción solicitada de PID: 1, TID: 0, PC: 11
2024/12/10 20:49:59 ## Obtener instrucción - (PID:TID) - (1:0) - Instrucción: READ_MEM BX DX
2024/12/10 20:49:59 PID: 1 TID: 0 - FETCH - Program Counter: 11
2024/12/10 20:49:59 Instrucción decodificada: INSTUCCIÓN = READ_MEM, PARÁMETROS = [BX DX]
2024/12/10 20:49:59 ## TID: 0 - Ejecutando: READ_MEM - Parámetros: [BX DX]
2024/12/10 20:49:59 ## TID: <0> - Accion: <LEER> - Direccion Fisica: <32>
2024/12/10 20:49:59 ## Llega interrupcion al puerto Interrupt
2024/12/10 20:49:59 ## Se registra la interrupcion
2024/12/10 20:49:59 ## <Lectura> - (<PID:1> : <TID:0>) - Dir. Fisica: <32> - Tamanio <4>
2024/12/10 20:49:59 AX: 64, BX: 64, CX: 0, DX: 0, EX: 0, FX: 0, GX: 0, HX: 0, PC: 12
2024/12/10 20:50:00 ## Contexto Actualizado - (PID:TID) - (1:0)
2024/12/10 20:50:00 ## (<PID:1>:<TID:0>) - Desalojado por: Quantum ##
2024/12/10 20:50:00 ## (<PID 1>:<TID 0>) Se encola el Hilo - Estado: READY
2024/12/10 20:50:00 ## TID: <0> - Actualizo Contexto Ejecución
2024/12/10 20:50:00 FINALIZA EJECUCION POR INTERRUPCION DE PID : 1 y TID : 0 
2024/12/10 20:50:00 ## (<PID 1>:<TID 0>) Se ejecuta el Hilo - Estado: EXEC
2024/12/10 20:50:00 PCB : 1 TID : 0 - Solicita Contexto de Ejecucion
2024/12/10 20:50:00 ## Contexto <Solicitado> - (PID:TID) - (1:0)
2024/12/10 20:50:00 PCB : 1 TID : 0 - Solicitud Contexto de Ejecucion Exitosa
2024/12/10 20:50:00 Entra a evaluar HILO ANTERIOR
2024/12/10 20:50:00 Instrucción solicitada de PID: 1, TID: 0, PC: 12
2024/12/10 20:50:00 ## Obtener instrucción - (PID:TID) - (1:0) - Instrucción: LOG BX
2024/12/10 20:50:00 PID: 1 TID: 0 - FETCH - Program Counter: 12
2024/12/10 20:50:00 Instrucción decodificada: INSTUCCIÓN = LOG, PARÁMETROS = [BX]
2024/12/10 20:50:00 ## TID: 0 - Ejecutando: LOG - Parámetros: [BX]
2024/12/10 20:50:00 El valor del registro BX es 64
2024/12/10 20:50:00 AX: 64, BX: 64, CX: 0, DX: 0, EX: 0, FX: 0, GX: 0, HX: 0, PC: 13
2024/12/10 20:50:00 Instrucción solicitada de PID: 1, TID: 0, PC: 13
2024/12/10 20:50:00 ## Llega interrupcion al puerto Interrupt
2024/12/10 20:50:00 ## Se registra la interrupcion
2024/12/10 20:50:00 ## Obtener instrucción - (PID:TID) - (1:0) - Instrucción: IO 120000
2024/12/10 20:50:00 PID: 1 TID: 0 - FETCH - Program Counter: 13
2024/12/10 20:50:00 Instrucción decodificada: INSTUCCIÓN = IO, PARÁMETROS = [120000]
2024/12/10 20:50:00 ## TID: 0 - Ejecutando: IO - Parámetros: [120000]
2024/12/10 20:50:00 ## Contexto Actualizado - (PID:TID) - (1:0)
2024/12/10 20:50:00 ## (<PID:1>:<TID:0>) - Solicitó syscall: <IO> ##
2024/12/10 20:50:00 (<PID: 1 >:<TID: 0 >) - Bloqueado por: IO
2024/12/10 20:50:00 AX: 64, BX: 64, CX: 0, DX: 0, EX: 0, FX: 0, GX: 0, HX: 0, PC: 14
2024/12/10 20:51:45 ## (<PID 2>:<TID 0>) Se ejecuta el Hilo - Estado: EXEC
2024/12/10 20:51:45 ## (<PID 2>:<TID 0>) Se encola el Hilo - Estado: READY
2024/12/10 20:51:45 PCB : 2 TID : 0 - Solicita Contexto de Ejecucion
2024/12/10 20:51:46 ## Contexto <Solicitado> - (PID:TID) - (2:0)
2024/12/10 20:51:46 PCB : 2 TID : 0 - Solicitud Contexto de Ejecucion Exitosa
2024/12/10 20:51:46 Instrucción solicitada de PID: 2, TID: 0, PC: 6
2024/12/10 20:51:46 ## Obtener instrucción - (PID:TID) - (2:0) - Instrucción: PROCESS_EXIT
2024/12/10 20:51:46 PID: 2 TID: 0 - FETCH - Program Counter: 6
2024/12/10 20:51:46 Instrucción decodificada: INSTUCCIÓN = PROCESS_EXIT, PARÁMETROS = []
2024/12/10 20:51:46 ## TID: 0 - Ejecutando: PROCESS_EXIT - Parámetros: []
2024/12/10 20:51:46 Finalizando proceso PID: 2
2024/12/10 20:51:46 ## Llega interrupcion al puerto Interrupt
2024/12/10 20:51:46 ## Se registra la interrupcion
2024/12/10 20:51:46 ## Contexto Actualizado - (PID:TID) - (2:0)
2024/12/10 20:51:46 ## (<PID:2>:<TID:0>) - Solicitó syscall: <PROCESS_EXIT> ##
2024/12/10 20:51:46  ## (<PID: 2>:<TID: 0>) finaliza el hilo - Estado: EXIT ##
2024/12/10 20:51:46 ## Hilo Destruido - (PID:TID) - (2:0)
2024/12/10 20:51:46  ## (<PID: 2>) finaliza el Proceso - Estado: EXIT ##
2024/12/10 20:51:46 ## Entro a terminate - PID: 2 
2024/12/10 20:51:46 ## Encuentro particion - PID: 2 - num: 4
2024/12/10 20:51:46 ## Proceso Destruido - PID: 2 - Tamaño: 16
2024/12/10 20:51:46  ## (<PID>:6) Se crea el proceso - Estado: NEW ##
2024/12/10 20:51:47 ## Proceso Creado - PID: 6 - Tamaño: 8
2024/12/10 20:51:47 ## Hilo Creado - (PID:TID) - (6:0)
2024/12/10 20:51:47 ## (<PID 6>:<TID 0>) Se encola el Hilo - Estado: READY
2024/12/10 20:51:47  ## (<PID>:7) Se crea el proceso - Estado: NEW ##
2024/12/10 20:51:47 ## (<PID: 7 >) NO HAY PARTICIONES DISPONIBLES PARA SU TAMANIO
2024/12/10 20:51:47 AX: 64, BX: 64, CX: 0, DX: 0, EX: 0, FX: 0, GX: 0, HX: 0, PC: 7
2024/12/10 20:51:47 ## (<PID 6>:<TID 0>) Se ejecuta el Hilo - Estado: EXEC
2024/12/10 20:51:47 PCB : 6 TID : 0 - Solicita Contexto de Ejecucion
2024/12/10 20:51:47 ## Contexto <Solicitado> - (PID:TID) - (6:0)
2024/12/10 20:51:47 PCB : 6 TID : 0 - Solicitud Contexto de Ejecucion Exitosa
2024/12/10 20:51:47 Instrucción solicitada de PID: 6, TID: 0, PC: 0
2024/12/10 20:51:48 ## Obtener instrucción - (PID:TID) - (6:0) - Instrucción: SET DX 0
2024/12/10 20:51:48 PID: 6 TID: 0 - FETCH - Program Counter: 0
2024/12/10 20:51:48 Instrucción decodificada: INSTUCCIÓN = SET, PARÁMETROS = [DX 0]
2024/12/10 20:51:48 ## TID: 0 - Ejecutando: SET - Parámetros: [DX 0]
2024/12/10 20:51:48 AX: 0, BX: 0, CX: 0, DX: 0, EX: 0, FX: 0, GX: 0, HX: 0, PC: 1
2024/12/10 20:51:48 Instrucción solicitada de PID: 6, TID: 0, PC: 1
2024/12/10 20:51:48 ## Llega interrupcion al puerto Interrupt
2024/12/10 20:51:48 ## Se registra la interrupcion
2024/12/10 20:51:48 ## Obtener instrucción - (PID:TID) - (6:0) - Instrucción: SET AX 64
2024/12/10 20:51:48 PID: 6 TID: 0 - FETCH - Program Counter: 1
2024/12/10 20:51:48 Instrucción decodificada: INSTUCCIÓN = SET, PARÁMETROS = [AX 64]
2024/12/10 20:51:48 ## TID: 0 - Ejecutando: SET - Parámetros: [AX 64]
2024/12/10 20:51:48 AX: 64, BX: 0, CX: 0, DX: 0, EX: 0, FX: 0, GX: 0, HX: 0, PC: 2
2024/12/10 20:51:48 ## Contexto Actualizado - (PID:TID) - (6:0)
2024/12/10 20:51:48 ## (<PID:6>:<TID:0>) - Desalojado por: Quantum ##
2024/12/10 20:51:48 ## (<PID 6>:<TID 0>) Se encola el Hilo - Estado: READY
2024/12/10 20:51:48 ## TID: <0> - Actualizo Contexto Ejecución
2024/12/10 20:51:48 FINALIZA EJECUCION POR INTERRUPCION DE PID : 6 y TID : 0 
2024/12/10 20:51:48 ## (<PID 6>:<TID 0>) Se ejecuta el Hilo - Estado: EXEC
2024/12/10 20:51:48 PCB : 6 TID : 0 - Solicita Contexto de Ejecucion
2024/12/10 20:51:48 ## Contexto <Solicitado> - (PID:TID) - (6:0)
2024/12/10 20:51:48 PCB : 6 TID : 0 - Solicitud Contexto de Ejecucion Exitosa
2024/12/10 20:51:48 Entra a evaluar HILO ANTERIOR
2024/12/10 20:51:48 Instrucción solicitada de PID: 6, TID: 0, PC: 2
2024/12/10 20:51:48 ## Obtener instrucción - (PID:TID) - (6:0) - Instrucción: WRITE_MEM DX AX
2024/12/10 20:51:48 PID: 6 TID: 0 - FETCH - Program Counter: 2
2024/12/10 20:51:48 Instrucción decodificada: INSTUCCIÓN = WRITE_MEM, PARÁMETROS = [DX AX]
2024/12/10 20:51:48 ## TID: 0 - Ejecutando: WRITE_MEM - Parámetros: [DX AX]
2024/12/10 20:51:48 ## TID: <0> - Accion: <ESCRIBIR> - Direccion Fisica: <240>
2024/12/10 20:51:48 ## Llega interrupcion al puerto Interrupt
2024/12/10 20:51:48 ## Se registra la interrupcion
2024/12/10 20:51:49 ## <Escritura> - (<PID:6> : <TID:0>) - Dir. Fisica: <240> - Tamanio <4>
2024/12/10 20:51:49 AX: 64, BX: 0, CX: 0, DX: 0, EX: 0, FX: 0, GX: 0, HX: 0, PC: 3
2024/12/10 20:51:49 ## Contexto Actualizado - (PID:TID) - (6:0)
2024/12/10 20:51:49 ## (<PID:6>:<TID:0>) - Desalojado por: Quantum ##
2024/12/10 20:51:49 ## (<PID 6>:<TID 0>) Se encola el Hilo - Estado: READY
2024/12/10 20:51:49 ## TID: <0> - Actualizo Contexto Ejecución
2024/12/10 20:51:49 FINALIZA EJECUCION POR INTERRUPCION DE PID : 6 y TID : 0 
2024/12/10 20:51:49 ## (<PID 6>:<TID 0>) Se ejecuta el Hilo - Estado: EXEC
2024/12/10 20:51:49 PCB : 6 TID : 0 - Solicita Contexto de Ejecucion
2024/12/10 20:51:49 ## Contexto <Solicitado> - (PID:TID) - (6:0)
2024/12/10 20:51:49 PCB : 6 TID : 0 - Solicitud Contexto de Ejecucion Exitosa
2024/12/10 20:51:49 Entra a evaluar HILO ANTERIOR
2024/12/10 20:51:49 Instrucción solicitada de PID: 6, TID: 0, PC: 3
2024/12/10 20:51:49 ## Obtener instrucción - (PID:TID) - (6:0) - Instrucción: READ_MEM BX DX
2024/12/10 20:51:49 PID: 6 TID: 0 - FETCH - Program Counter: 3
2024/12/10 20:51:49 Instrucción decodificada: INSTUCCIÓN = READ_MEM, PARÁMETROS = [BX DX]
2024/12/10 20:51:49 ## TID: 0 - Ejecutando: READ_MEM - Parámetros: [BX DX]
2024/12/10 20:51:49 ## TID: <0> - Accion: <LEER> - Direccion Fisica: <240>
2024/12/10 20:51:49 ## Llega interrupcion al puerto Interrupt
2024/12/10 20:51:49 ## Se registra la interrupcion
2024/12/10 20:51:49 ## <Lectura> - (<PID:6> : <TID:0>) - Dir. Fisica: <240> - Tamanio <4>
2024/12/10 20:51:49 AX: 64, BX: 64, CX: 0, DX: 0, EX: 0, FX: 0, GX: 0, HX: 0, PC: 4
2024/12/10 20:51:50 ## Contexto Actualizado - (PID:TID) - (6:0)
2024/12/10 20:51:50 ## (<PID:6>:<TID:0>) - Desalojado por: Quantum ##
2024/12/10 20:51:50 ## (<PID 6>:<TID 0>) Se encola el Hilo - Estado: READY
2024/12/10 20:51:50 ## TID: <0> - Actualizo Contexto Ejecución
2024/12/10 20:51:50 FINALIZA EJECUCION POR INTERRUPCION DE PID : 6 y TID : 0 
2024/12/10 20:51:50 ## (<PID 6>:<TID 0>) Se ejecuta el Hilo - Estado: EXEC
2024/12/10 20:51:50 PCB : 6 TID : 0 - Solicita Contexto de Ejecucion
2024/12/10 20:51:50 ## Contexto <Solicitado> - (PID:TID) - (6:0)
2024/12/10 20:51:50 PCB : 6 TID : 0 - Solicitud Contexto de Ejecucion Exitosa
2024/12/10 20:51:50 Entra a evaluar HILO ANTERIOR
2024/12/10 20:51:50 Instrucción solicitada de PID: 6, TID: 0, PC: 4
2024/12/10 20:51:50 ## (<PID 3>:<TID 0>) Se encola el Hilo - Estado: READY
2024/12/10 20:51:50 ## Obtener instrucción - (PID:TID) - (6:0) - Instrucción: LOG BX
2024/12/10 20:51:50 PID: 6 TID: 0 - FETCH - Program Counter: 4
2024/12/10 20:51:50 Instrucción decodificada: INSTUCCIÓN = LOG, PARÁMETROS = [BX]
2024/12/10 20:51:50 ## TID: 0 - Ejecutando: LOG - Parámetros: [BX]
2024/12/10 20:51:50 El valor del registro BX es 64
2024/12/10 20:51:50 AX: 64, BX: 64, CX: 0, DX: 0, EX: 0, FX: 0, GX: 0, HX: 0, PC: 5
2024/12/10 20:51:50 Instrucción solicitada de PID: 6, TID: 0, PC: 5
2024/12/10 20:51:50 ## Llega interrupcion al puerto Interrupt
2024/12/10 20:51:50 ## Se registra la interrupcion
2024/12/10 20:51:50 ## Obtener instrucción - (PID:TID) - (6:0) - Instrucción: IO 120000
2024/12/10 20:51:50 PID: 6 TID: 0 - FETCH - Program Counter: 5
2024/12/10 20:51:50 Instrucción decodificada: INSTUCCIÓN = IO, PARÁMETROS = [120000]
2024/12/10 20:51:50 ## TID: 0 - Ejecutando: IO - Parámetros: [120000]
2024/12/10 20:51:50 ## Contexto Actualizado - (PID:TID) - (6:0)
2024/12/10 20:51:50 ## (<PID:6>:<TID:0>) - Solicitó syscall: <IO> ##
2024/12/10 20:51:50 (<PID: 6 >:<TID: 0 >) - Bloqueado por: IO
2024/12/10 20:51:50 AX: 64, BX: 64, CX: 0, DX: 0, EX: 0, FX: 0, GX: 0, HX: 0, PC: 6
2024/12/10 20:51:50 ## (<PID 3>:<TID 0>) Se ejecuta el Hilo - Estado: EXEC
2024/12/10 20:51:50 PCB : 3 TID : 0 - Solicita Contexto de Ejecucion
2024/12/10 20:51:51 ## Contexto <Solicitado> - (PID:TID) - (3:0)
2024/12/10 20:51:51 PCB : 3 TID : 0 - Solicitud Contexto de Ejecucion Exitosa
2024/12/10 20:51:51 Instrucción solicitada de PID: 3, TID: 0, PC: 6
2024/12/10 20:51:51 ## Obtener instrucción - (PID:TID) - (3:0) - Instrucción: PROCESS_EXIT
2024/12/10 20:51:51 PID: 3 TID: 0 - FETCH - Program Counter: 6
2024/12/10 20:51:51 Instrucción decodificada: INSTUCCIÓN = PROCESS_EXIT, PARÁMETROS = []
2024/12/10 20:51:51 ## TID: 0 - Ejecutando: PROCESS_EXIT - Parámetros: []
2024/12/10 20:51:51 Finalizando proceso PID: 3
2024/12/10 20:51:51 ## Llega interrupcion al puerto Interrupt
2024/12/10 20:51:51 ## Se registra la interrupcion
2024/12/10 20:51:51 ## Contexto Actualizado - (PID:TID) - (3:0)
2024/12/10 20:51:51 ## (<PID:3>:<TID:0>) - Solicitó syscall: <PROCESS_EXIT> ##
2024/12/10 20:51:51  ## (<PID: 3>:<TID: 0>) finaliza el hilo - Estado: EXIT ##
2024/12/10 20:51:51 ## Hilo Destruido - (PID:TID) - (3:0)
2024/12/10 20:51:51  ## (<PID: 3>) finaliza el Proceso - Estado: EXIT ##
2024/12/10 20:51:51 ## Entro a terminate - PID: 3 
2024/12/10 20:51:51 ## Encuentro particion - PID: 3 - num: 2
2024/12/10 20:51:51 ## Proceso Destruido - PID: 3 - Tamaño: 64
2024/12/10 20:51:51  ## (<PID>:7) Se crea el proceso - Estado: NEW ##
2024/12/10 20:51:51 ## Proceso Creado - PID: 7 - Tamaño: 8
2024/12/10 20:51:52 ## Hilo Creado - (PID:TID) - (7:0)
2024/12/10 20:51:52 ## (<PID 7>:<TID 0>) Se encola el Hilo - Estado: READY
2024/12/10 20:51:52  ## (<PID>:8) Se crea el proceso - Estado: NEW ##
2024/12/10 20:51:52 ## (<PID: 8 >) NO HAY PARTICIONES DISPONIBLES PARA SU TAMANIO
2024/12/10 20:51:52 AX: 64, BX: 64, CX: 0, DX: 0, EX: 0, FX: 0, GX: 0, HX: 0, PC: 7
2024/12/10 20:51:52 ## (<PID 7>:<TID 0>) Se ejecuta el Hilo - Estado: EXEC
2024/12/10 20:51:52 PCB : 7 TID : 0 - Solicita Contexto de Ejecucion
2024/12/10 20:51:52 ## Contexto <Solicitado> - (PID:TID) - (7:0)
2024/12/10 20:51:52 PCB : 7 TID : 0 - Solicitud Contexto de Ejecucion Exitosa
2024/12/10 20:51:52 Instrucción solicitada de PID: 7, TID: 0, PC: 0
2024/12/10 20:51:52 ## Obtener instrucción - (PID:TID) - (7:0) - Instrucción: SET DX 0
2024/12/10 20:51:52 PID: 7 TID: 0 - FETCH - Program Counter: 0
2024/12/10 20:51:52 Instrucción decodificada: INSTUCCIÓN = SET, PARÁMETROS = [DX 0]
2024/12/10 20:51:52 ## TID: 0 - Ejecutando: SET - Parámetros: [DX 0]
2024/12/10 20:51:52 AX: 0, BX: 0, CX: 0, DX: 0, EX: 0, FX: 0, GX: 0, HX: 0, PC: 1
2024/12/10 20:51:52 Instrucción solicitada de PID: 7, TID: 0, PC: 1
2024/12/10 20:51:53 ## Llega interrupcion al puerto Interrupt
2024/12/10 20:51:53 ## Se registra la interrupcion
2024/12/10 20:51:53 ## Obtener instrucción - (PID:TID) - (7:0) - Instrucción: SET AX 64
2024/12/10 20:51:53 PID: 7 TID: 0 - FETCH - Program Counter: 1
2024/12/10 20:51:53 Instrucción decodificada: INSTUCCIÓN = SET, PARÁMETROS = [AX 64]
2024/12/10 20:51:53 ## TID: 0 - Ejecutando: SET - Parámetros: [AX 64]
2024/12/10 20:51:53 AX: 64, BX: 0, CX: 0, DX: 0, EX: 0, FX: 0, GX: 0, HX: 0, PC: 2
2024/12/10 20:51:53 ## Contexto Actualizado - (PID:TID) - (7:0)
2024/12/10 20:51:53 ## (<PID:7>:<TID:0>) - Desalojado por: Quantum ##
2024/12/10 20:51:53 ## (<PID 7>:<TID 0>) Se encola el Hilo - Estado: READY
2024/12/10 20:51:53 ## TID: <0> - Actualizo Contexto Ejecución
2024/12/10 20:51:53 FINALIZA EJECUCION POR INTERRUPCION DE PID : 7 y TID : 0 
2024/12/10 20:51:53 ## (<PID 7>:<TID 0>) Se ejecuta el Hilo - Estado: EXEC
2024/12/10 20:51:53 PCB : 7 TID : 0 - Solicita Contexto de Ejecucion
2024/12/10 20:51:53 ## Contexto <Solicitado> - (PID:TID) - (7:0)
2024/12/10 20:51:53 PCB : 7 TID : 0 - Solicitud Contexto de Ejecucion Exitosa
2024/12/10 20:51:53 Entra a evaluar HILO ANTERIOR
2024/12/10 20:51:53 Instrucción solicitada de PID: 7, TID: 0, PC: 2
2024/12/10 20:51:53 ## Obtener instrucción - (PID:TID) - (7:0) - Instrucción: WRITE_MEM DX AX
2024/12/10 20:51:53 PID: 7 TID: 0 - FETCH - Program Counter: 2
2024/12/10 20:51:53 Instrucción decodificada: INSTUCCIÓN = WRITE_MEM, PARÁMETROS = [DX AX]
2024/12/10 20:51:53 ## TID: 0 - Ejecutando: WRITE_MEM - Parámetros: [DX AX]
2024/12/10 20:51:53 ## TID: <0> - Accion: <ESCRIBIR> - Direccion Fisica: <48>
2024/12/10 20:51:53 ## Llega interrupcion al puerto Interrupt
2024/12/10 20:51:53 ## Se registra la interrupcion
2024/12/10 20:51:53 ## (<PID 4>:<TID 0>) Se encola el Hilo - Estado: READY
2024/12/10 20:51:53 ## <Escritura> - (<PID:7> : <TID:0>) - Dir. Fisica: <48> - Tamanio <4>
2024/12/10 20:51:53 AX: 64, BX: 0, CX: 0, DX: 0, EX: 0, FX: 0, GX: 0, HX: 0, PC: 3
2024/12/10 20:51:54 ## Contexto Actualizado - (PID:TID) - (7:0)
2024/12/10 20:51:54 ## (<PID:7>:<TID:0>) - Desalojado por: Quantum ##
2024/12/10 20:51:54 ## (<PID 7>:<TID 0>) Se encola el Hilo - Estado: READY
2024/12/10 20:51:54 ## TID: <0> - Actualizo Contexto Ejecución
2024/12/10 20:51:54 FINALIZA EJECUCION POR INTERRUPCION DE PID : 7 y TID : 0 
2024/12/10 20:51:54 ## (<PID 4>:<TID 0>) Se ejecuta el Hilo - Estado: EXEC
2024/12/10 20:51:54 PCB : 4 TID : 0 - Solicita Contexto de Ejecucion
2024/12/10 20:51:54 ## Contexto <Solicitado> - (PID:TID) - (4:0)
2024/12/10 20:51:54 PCB : 4 TID : 0 - Solicitud Contexto de Ejecucion Exitosa
2024/12/10 20:51:54 Instrucción solicitada de PID: 4, TID: 0, PC: 6
2024/12/10 20:51:54 ## Obtener instrucción - (PID:TID) - (4:0) - Instrucción: PROCESS_EXIT
2024/12/10 20:51:54 PID: 4 TID: 0 - FETCH - Program Counter: 6
2024/12/10 20:51:54 Instrucción decodificada: INSTUCCIÓN = PROCESS_EXIT, PARÁMETROS = []
2024/12/10 20:51:54 ## TID: 0 - Ejecutando: PROCESS_EXIT - Parámetros: []
2024/12/10 20:51:54 Finalizando proceso PID: 4
2024/12/10 20:51:54 ## Llega interrupcion al puerto Interrupt
2024/12/10 20:51:54 ## Se registra la interrupcion
2024/12/10 20:51:54 ## Contexto Actualizado - (PID:TID) - (4:0)
2024/12/10 20:51:54 ## (<PID:4>:<TID:0>) - Solicitó syscall: <PROCESS_EXIT> ##
2024/12/10 20:51:54  ## (<PID: 4>:<TID: 0>) finaliza el hilo - Estado: EXIT ##
2024/12/10 20:51:54 ## Hilo Destruido - (PID:TID) - (4:0)
2024/12/10 20:51:54  ## (<PID: 4>) finaliza el Proceso - Estado: EXIT ##
2024/12/10 20:51:54 ## Entro a terminate - PID: 4 
2024/12/10 20:51:54 ## Encuentro particion - PID: 4 - num: 3
2024/12/10 20:51:54 ## Proceso Destruido - PID: 4 - Tamaño: 128
2024/12/10 20:51:54  ## (<PID>:8) Se crea el proceso - Estado: NEW ##
2024/12/10 20:51:55 ## Proceso Creado - PID: 8 - Tamaño: 8
2024/12/10 20:51:55 ## Hilo Creado - (PID:TID) - (8:0)
2024/12/10 20:51:55 ## (<PID 8>:<TID 0>) Se encola el Hilo - Estado: READY
2024/12/10 20:51:55  ## (<PID>:9) Se crea el proceso - Estado: NEW ##
2024/12/10 20:51:55 ## (<PID: 9 >) NO HAY PARTICIONES DISPONIBLES PARA SU TAMANIO
2024/12/10 20:51:55 AX: 64, BX: 64, CX: 0, DX: 0, EX: 0, FX: 0, GX: 0, HX: 0, PC: 7
2024/12/10 20:51:55 ## (<PID 7>:<TID 0>) Se ejecuta el Hilo - Estado: EXEC
2024/12/10 20:51:55 PCB : 7 TID : 0 - Solicita Contexto de Ejecucion
2024/12/10 20:51:55 ## Contexto <Solicitado> - (PID:TID) - (7:0)
2024/12/10 20:51:55 PCB : 7 TID : 0 - Solicitud Contexto de Ejecucion Exitosa
2024/12/10 20:51:55 Instrucción solicitada de PID: 7, TID: 0, PC: 3
2024/12/10 20:51:56 ## Obtener instrucción - (PID:TID) - (7:0) - Instrucción: READ_MEM BX DX
2024/12/10 20:51:56 PID: 7 TID: 0 - FETCH - Program Counter: 3
2024/12/10 20:51:56 Instrucción decodificada: INSTUCCIÓN = READ_MEM, PARÁMETROS = [BX DX]
2024/12/10 20:51:56 ## TID: 0 - Ejecutando: READ_MEM - Parámetros: [BX DX]
2024/12/10 20:51:56 ## TID: <0> - Accion: <LEER> - Direccion Fisica: <48>
2024/12/10 20:51:56 ## Llega interrupcion al puerto Interrupt
2024/12/10 20:51:56 ## Se registra la interrupcion
2024/12/10 20:51:56 ## <Lectura> - (<PID:7> : <TID:0>) - Dir. Fisica: <48> - Tamanio <4>
2024/12/10 20:51:56 AX: 64, BX: 64, CX: 0, DX: 0, EX: 0, FX: 0, GX: 0, HX: 0, PC: 4
2024/12/10 20:51:56 ## Contexto Actualizado - (PID:TID) - (7:0)
2024/12/10 20:51:56 ## (<PID:7>:<TID:0>) - Desalojado por: Quantum ##
2024/12/10 20:51:56 ## (<PID 7>:<TID 0>) Se encola el Hilo - Estado: READY
2024/12/10 20:51:56 ## TID: <0> - Actualizo Contexto Ejecución
2024/12/10 20:51:56 FINALIZA EJECUCION POR INTERRUPCION DE PID : 7 y TID : 0 
2024/12/10 20:51:56 ## (<PID 8>:<TID 0>) Se ejecuta el Hilo - Estado: EXEC
2024/12/10 20:51:56 PCB : 8 TID : 0 - Solicita Contexto de Ejecucion
2024/12/10 20:51:56 ## (<PID 5>:<TID 0>) Se encola el Hilo - Estado: READY
2024/12/10 20:51:56 ## Contexto <Solicitado> - (PID:TID) - (8:0)
2024/12/10 20:51:56 PCB : 8 TID : 0 - Solicitud Contexto de Ejecucion Exitosa
2024/12/10 20:51:56 Instrucción solicitada de PID: 8, TID: 0, PC: 0
2024/12/10 20:51:57 ## Obtener instrucción - (PID:TID) - (8:0) - Instrucción: SET DX 0
2024/12/10 20:51:57 PID: 8 TID: 0 - FETCH - Program Counter: 0
2024/12/10 20:51:57 Instrucción decodificada: INSTUCCIÓN = SET, PARÁMETROS = [DX 0]
2024/12/10 20:51:57 ## TID: 0 - Ejecutando: SET - Parámetros: [DX 0]
2024/12/10 20:51:57 AX: 0, BX: 0, CX: 0, DX: 0, EX: 0, FX: 0, GX: 0, HX: 0, PC: 1
2024/12/10 20:51:57 Instrucción solicitada de PID: 8, TID: 0, PC: 1
2024/12/10 20:51:57 ## Llega interrupcion al puerto Interrupt
2024/12/10 20:51:57 ## Se registra la interrupcion
2024/12/10 20:51:57 ## Obtener instrucción - (PID:TID) - (8:0) - Instrucción: SET AX 64
2024/12/10 20:51:57 PID: 8 TID: 0 - FETCH - Program Counter: 1
2024/12/10 20:51:57 Instrucción decodificada: INSTUCCIÓN = SET, PARÁMETROS = [AX 64]
2024/12/10 20:51:57 ## TID: 0 - Ejecutando: SET - Parámetros: [AX 64]
2024/12/10 20:51:57 AX: 64, BX: 0, CX: 0, DX: 0, EX: 0, FX: 0, GX: 0, HX: 0, PC: 2
2024/12/10 20:51:57 ## Contexto Actualizado - (PID:TID) - (8:0)
2024/12/10 20:51:57 ## (<PID:8>:<TID:0>) - Desalojado por: Quantum ##
2024/12/10 20:51:57 ## (<PID 8>:<TID 0>) Se encola el Hilo - Estado: READY
2024/12/10 20:51:57 ## TID: <0> - Actualizo Contexto Ejecución
2024/12/10 20:51:57 FINALIZA EJECUCION POR INTERRUPCION DE PID : 8 y TID : 0 
2024/12/10 20:51:57 ## (<PID 7>:<TID 0>) Se ejecuta el Hilo - Estado: EXEC
2024/12/10 20:51:57 PCB : 7 TID : 0 - Solicita Contexto de Ejecucion
2024/12/10 20:51:57 ## Contexto <Solicitado> - (PID:TID) - (7:0)
2024/12/10 20:51:57 PCB : 7 TID : 0 - Solicitud Contexto de Ejecucion Exitosa
2024/12/10 20:51:57 Instrucción solicitada de PID: 7, TID: 0, PC: 4
2024/12/10 20:51:57 ## Obtener instrucción - (PID:TID) - (7:0) - Instrucción: LOG BX
2024/12/10 20:51:57 PID: 7 TID: 0 - FETCH - Program Counter: 4
2024/12/10 20:51:57 Instrucción decodificada: INSTUCCIÓN = LOG, PARÁMETROS = [BX]
2024/12/10 20:51:57 ## TID: 0 - Ejecutando: LOG - Parámetros: [BX]
2024/12/10 20:51:57 El valor del registro BX es 64
2024/12/10 20:51:57 AX: 64, BX: 64, CX: 0, DX: 0, EX: 0, FX: 0, GX: 0, HX: 0, PC: 5
2024/12/10 20:51:57 Instrucción solicitada de PID: 7, TID: 0, PC: 5
2024/12/10 20:51:57 ## Llega interrupcion al puerto Interrupt
2024/12/10 20:51:57 ## Se registra la interrupcion
2024/12/10 20:51:58 ## Obtener instrucción - (PID:TID) - (7:0) - Instrucción: IO 120000
2024/12/10 20:51:58 PID: 7 TID: 0 - FETCH - Program Counter: 5
2024/12/10 20:51:58 Instrucción decodificada: INSTUCCIÓN = IO, PARÁMETROS = [120000]
2024/12/10 20:51:58 ## TID: 0 - Ejecutando: IO - Parámetros: [120000]
2024/12/10 20:51:58 ## Contexto Actualizado - (PID:TID) - (7:0)
2024/12/10 20:51:58 ## (<PID:7>:<TID:0>) - Solicitó syscall: <IO> ##
2024/12/10 20:51:58 (<PID: 7 >:<TID: 0 >) - Bloqueado por: IO
2024/12/10 20:51:58 AX: 64, BX: 64, CX: 0, DX: 0, EX: 0, FX: 0, GX: 0, HX: 0, PC: 6
2024/12/10 20:51:58 ## (<PID 5>:<TID 0>) Se ejecuta el Hilo - Estado: EXEC
2024/12/10 20:51:58 PCB : 5 TID : 0 - Solicita Contexto de Ejecucion
2024/12/10 20:51:58 ## Contexto <Solicitado> - (PID:TID) - (5:0)
2024/12/10 20:51:58 PCB : 5 TID : 0 - Solicitud Contexto de Ejecucion Exitosa
2024/12/10 20:51:58 Instrucción solicitada de PID: 5, TID: 0, PC: 6
2024/12/10 20:51:58 ## Obtener instrucción - (PID:TID) - (5:0) - Instrucción: PROCESS_EXIT
2024/12/10 20:51:58 PID: 5 TID: 0 - FETCH - Program Counter: 6
2024/12/10 20:51:58 Instrucción decodificada: INSTUCCIÓN = PROCESS_EXIT, PARÁMETROS = []
2024/12/10 20:51:58 ## TID: 0 - Ejecutando: PROCESS_EXIT - Parámetros: []
2024/12/10 20:51:58 Finalizando proceso PID: 5
2024/12/10 20:51:58 ## Llega interrupcion al puerto Interrupt
2024/12/10 20:51:58 ## Se registra la interrupcion
2024/12/10 20:51:58 ## Contexto Actualizado - (PID:TID) - (5:0)
2024/12/10 20:51:58 ## (<PID:5>:<TID:0>) - Solicitó syscall: <PROCESS_EXIT> ##
2024/12/10 20:51:58  ## (<PID: 5>:<TID: 0>) finaliza el hilo - Estado: EXIT ##
2024/12/10 20:51:59 ## Hilo Destruido - (PID:TID) - (5:0)
2024/12/10 20:51:59  ## (<PID: 5>) finaliza el Proceso - Estado: EXIT ##
2024/12/10 20:51:59 ## Entro a terminate - PID: 5 
2024/12/10 20:51:59 ## Encuentro particion - PID: 5 - num: 0
2024/12/10 20:51:59 ## Proceso Destruido - PID: 5 - Tamaño: 32
2024/12/10 20:51:59  ## (<PID>:9) Se crea el proceso - Estado: NEW ##
2024/12/10 20:51:59 ## Proceso Creado - PID: 9 - Tamaño: 8
2024/12/10 20:51:59 ## Hilo Creado - (PID:TID) - (9:0)
2024/12/10 20:51:59 ## (<PID 9>:<TID 0>) Se encola el Hilo - Estado: READY
2024/12/10 20:51:59 AX: 64, BX: 64, CX: 0, DX: 0, EX: 0, FX: 0, GX: 0, HX: 0, PC: 7
2024/12/10 20:51:59 ## (<PID 8>:<TID 0>) Se ejecuta el Hilo - Estado: EXEC
2024/12/10 20:51:59 PCB : 8 TID : 0 - Solicita Contexto de Ejecucion
2024/12/10 20:51:59 ## Contexto <Solicitado> - (PID:TID) - (8:0)
2024/12/10 20:51:59 PCB : 8 TID : 0 - Solicitud Contexto de Ejecucion Exitosa
2024/12/10 20:51:59 Instrucción solicitada de PID: 8, TID: 0, PC: 2
2024/12/10 20:52:00 ## Obtener instrucción - (PID:TID) - (8:0) - Instrucción: WRITE_MEM DX AX
2024/12/10 20:52:00 PID: 8 TID: 0 - FETCH - Program Counter: 2
2024/12/10 20:52:00 Instrucción decodificada: INSTUCCIÓN = WRITE_MEM, PARÁMETROS = [DX AX]
2024/12/10 20:52:00 ## TID: 0 - Ejecutando: WRITE_MEM - Parámetros: [DX AX]
2024/12/10 20:52:00 ## TID: <0> - Accion: <ESCRIBIR> - Direccion Fisica: <112>
2024/12/10 20:52:00 ## Llega interrupcion al puerto Interrupt
2024/12/10 20:52:00 ## Se registra la interrupcion
2024/12/10 20:52:00 ## <Escritura> - (<PID:8> : <TID:0>) - Dir. Fisica: <112> - Tamanio <4>
2024/12/10 20:52:00 AX: 64, BX: 0, CX: 0, DX: 0, EX: 0, FX: 0, GX: 0, HX: 0, PC: 3
2024/12/10 20:52:00 ## Contexto Actualizado - (PID:TID) - (8:0)
2024/12/10 20:52:00 ## (<PID:8>:<TID:0>) - Desalojado por: Quantum ##
2024/12/10 20:52:00 ## (<PID 8>:<TID 0>) Se encola el Hilo - Estado: READY
2024/12/10 20:52:00 ## TID: <0> - Actualizo Contexto Ejecución
2024/12/10 20:52:00 FINALIZA EJECUCION POR INTERRUPCION DE PID : 8 y TID : 0 
2024/12/10 20:52:00 ## (<PID 9>:<TID 0>) Se ejecuta el Hilo - Estado: EXEC
2024/12/10 20:52:00 PCB : 9 TID : 0 - Solicita Contexto de Ejecucion
2024/12/10 20:52:00 ## Contexto <Solicitado> - (PID:TID) - (9:0)
2024/12/10 20:52:00 PCB : 9 TID : 0 - Solicitud Contexto de Ejecucion Exitosa
2024/12/10 20:52:00 Instrucción solicitada de PID: 9, TID: 0, PC: 0
2024/12/10 20:52:00 ## Obtener instrucción - (PID:TID) - (9:0) - Instrucción: SET DX 0
2024/12/10 20:52:00 PID: 9 TID: 0 - FETCH - Program Counter: 0
2024/12/10 20:52:00 Instrucción decodificada: INSTUCCIÓN = SET, PARÁMETROS = [DX 0]
2024/12/10 20:52:00 ## TID: 0 - Ejecutando: SET - Parámetros: [DX 0]
2024/12/10 20:52:00 AX: 0, BX: 0, CX: 0, DX: 0, EX: 0, FX: 0, GX: 0, HX: 0, PC: 1
2024/12/10 20:52:00 Instrucción solicitada de PID: 9, TID: 0, PC: 1
2024/12/10 20:52:00 ## (<PID 1>:<TID 0>) Se encola el Hilo - Estado: READY
2024/12/10 20:52:00 ## Llega interrupcion al puerto Interrupt
2024/12/10 20:52:00 ## Se registra la interrupcion
2024/12/10 20:52:01 ## Obtener instrucción - (PID:TID) - (9:0) - Instrucción: SET AX 64
2024/12/10 20:52:01 PID: 9 TID: 0 - FETCH - Program Counter: 1
2024/12/10 20:52:01 Instrucción decodificada: INSTUCCIÓN = SET, PARÁMETROS = [AX 64]
2024/12/10 20:52:01 ## TID: 0 - Ejecutando: SET - Parámetros: [AX 64]
2024/12/10 20:52:01 AX: 64, BX: 0, CX: 0, DX: 0, EX: 0, FX: 0, GX: 0, HX: 0, PC: 2
2024/12/10 20:52:01 ## Contexto Actualizado - (PID:TID) - (9:0)
2024/12/10 20:52:01 ## (<PID:9>:<TID:0>) - Desalojado por: Quantum ##
2024/12/10 20:52:01 ## (<PID 9>:<TID 0>) Se encola el Hilo - Estado: READY
2024/12/10 20:52:01 ## TID: <0> - Actualizo Contexto Ejecución
2024/12/10 20:52:01 FINALIZA EJECUCION POR INTERRUPCION DE PID : 9 y TID : 0 
2024/12/10 20:52:01 ## (<PID 8>:<TID 0>) Se ejecuta el Hilo - Estado: EXEC
2024/12/10 20:52:01 PCB : 8 TID : 0 - Solicita Contexto de Ejecucion
2024/12/10 20:52:01 ## Contexto <Solicitado> - (PID:TID) - (8:0)
2024/12/10 20:52:01 PCB : 8 TID : 0 - Solicitud Contexto de Ejecucion Exitosa
2024/12/10 20:52:01 Instrucción solicitada de PID: 8, TID: 0, PC: 3
2024/12/10 20:52:01 ## Obtener instrucción - (PID:TID) - (8:0) - Instrucción: READ_MEM BX DX
2024/12/10 20:52:01 PID: 8 TID: 0 - FETCH - Program Counter: 3
2024/12/10 20:52:01 Instrucción decodificada: INSTUCCIÓN = READ_MEM, PARÁMETROS = [BX DX]
2024/12/10 20:52:01 ## TID: 0 - Ejecutando: READ_MEM - Parámetros: [BX DX]
2024/12/10 20:52:01 ## TID: <0> - Accion: <LEER> - Direccion Fisica: <112>
2024/12/10 20:52:01 ## Llega interrupcion al puerto Interrupt
2024/12/10 20:52:01 ## Se registra la interrupcion
2024/12/10 20:52:01 ## <Lectura> - (<PID:8> : <TID:0>) - Dir. Fisica: <112> - Tamanio <4>
2024/12/10 20:52:01 AX: 64, BX: 64, CX: 0, DX: 0, EX: 0, FX: 0, GX: 0, HX: 0, PC: 4
2024/12/10 20:52:02 ## Contexto Actualizado - (PID:TID) - (8:0)
2024/12/10 20:52:02 ## (<PID:8>:<TID:0>) - Desalojado por: Quantum ##
2024/12/10 20:52:02 ## (<PID 8>:<TID 0>) Se encola el Hilo - Estado: READY
2024/12/10 20:52:02 ## TID: <0> - Actualizo Contexto Ejecución
2024/12/10 20:52:02 FINALIZA EJECUCION POR INTERRUPCION DE PID : 8 y TID : 0 
2024/12/10 20:52:02 ## (<PID 1>:<TID 0>) Se ejecuta el Hilo - Estado: EXEC
2024/12/10 20:52:02 PCB : 1 TID : 0 - Solicita Contexto de Ejecucion
2024/12/10 20:52:02 ## Contexto <Solicitado> - (PID:TID) - (1:0)
2024/12/10 20:52:02 PCB : 1 TID : 0 - Solicitud Contexto de Ejecucion Exitosa
2024/12/10 20:52:02 Instrucción solicitada de PID: 1, TID: 0, PC: 14
2024/12/10 20:52:02 ## Obtener instrucción - (PID:TID) - (1:0) - Instrucción: PROCESS_EXIT
2024/12/10 20:52:02 PID: 1 TID: 0 - FETCH - Program Counter: 14
2024/12/10 20:52:02 Instrucción decodificada: INSTUCCIÓN = PROCESS_EXIT, PARÁMETROS = []
2024/12/10 20:52:02 ## TID: 0 - Ejecutando: PROCESS_EXIT - Parámetros: []
2024/12/10 20:52:02 Finalizando proceso PID: 1
2024/12/10 20:52:02 ## Llega interrupcion al puerto Interrupt
2024/12/10 20:52:02 ## Se registra la interrupcion
2024/12/10 20:52:02 ## Contexto Actualizado - (PID:TID) - (1:0)
2024/12/10 20:52:02 ## (<PID:1>:<TID:0>) - Solicitó syscall: <PROCESS_EXIT> ##
2024/12/10 20:52:02  ## (<PID: 1>:<TID: 0>) finaliza el hilo - Estado: EXIT ##
2024/12/10 20:52:02 ## Hilo Destruido - (PID:TID) - (1:0)
2024/12/10 20:52:02  ## (<PID: 1>) finaliza el Proceso - Estado: EXIT ##
2024/12/10 20:52:02 ## Entro a terminate - PID: 1 
2024/12/10 20:52:02 ## Encuentro particion - PID: 1 - num: 1
2024/12/10 20:52:02 ## Proceso Destruido - PID: 1 - Tamaño: 16
2024/12/10 20:52:02 AX: 64, BX: 64, CX: 0, DX: 0, EX: 0, FX: 0, GX: 0, HX: 0, PC: 15
2024/12/10 20:52:02 ## (<PID 9>:<TID 0>) Se ejecuta el Hilo - Estado: EXEC
2024/12/10 20:52:02 PCB : 9 TID : 0 - Solicita Contexto de Ejecucion
2024/12/10 20:52:03 ## Contexto <Solicitado> - (PID:TID) - (9:0)
2024/12/10 20:52:03 PCB : 9 TID : 0 - Solicitud Contexto de Ejecucion Exitosa
2024/12/10 20:52:03 Instrucción solicitada de PID: 9, TID: 0, PC: 2
2024/12/10 20:52:03 ## Obtener instrucción - (PID:TID) - (9:0) - Instrucción: WRITE_MEM DX AX
2024/12/10 20:52:03 PID: 9 TID: 0 - FETCH - Program Counter: 2
2024/12/10 20:52:03 Instrucción decodificada: INSTUCCIÓN = WRITE_MEM, PARÁMETROS = [DX AX]
2024/12/10 20:52:03 ## TID: 0 - Ejecutando: WRITE_MEM - Parámetros: [DX AX]
2024/12/10 20:52:03 ## TID: <0> - Accion: <ESCRIBIR> - Direccion Fisica: <0>
2024/12/10 20:52:03 ## Llega interrupcion al puerto Interrupt
2024/12/10 20:52:03 ## Se registra la interrupcion
2024/12/10 20:52:03 ## <Escritura> - (<PID:9> : <TID:0>) - Dir. Fisica: <0> - Tamanio <4>
2024/12/10 20:52:03 AX: 64, BX: 0, CX: 0, DX: 0, EX: 0, FX: 0, GX: 0, HX: 0, PC: 3
2024/12/10 20:52:03 ## Contexto Actualizado - (PID:TID) - (9:0)
2024/12/10 20:52:03 ## (<PID:9>:<TID:0>) - Desalojado por: Quantum ##
2024/12/10 20:52:03 ## (<PID 9>:<TID 0>) Se encola el Hilo - Estado: READY
2024/12/10 20:52:03 ## TID: <0> - Actualizo Contexto Ejecución
2024/12/10 20:52:03 FINALIZA EJECUCION POR INTERRUPCION DE PID : 9 y TID : 0 
2024/12/10 20:52:03 ## (<PID 8>:<TID 0>) Se ejecuta el Hilo - Estado: EXEC
2024/12/10 20:52:03 PCB : 8 TID : 0 - Solicita Contexto de Ejecucion
2024/12/10 20:52:03 ## Contexto <Solicitado> - (PID:TID) - (8:0)
2024/12/10 20:52:03 PCB : 8 TID : 0 - Solicitud Contexto de Ejecucion Exitosa
2024/12/10 20:52:03 Instrucción solicitada de PID: 8, TID: 0, PC: 4
2024/12/10 20:52:04 ## Obtener instrucción - (PID:TID) - (8:0) - Instrucción: LOG BX
2024/12/10 20:52:04 PID: 8 TID: 0 - FETCH - Program Counter: 4
2024/12/10 20:52:04 Instrucción decodificada: INSTUCCIÓN = LOG, PARÁMETROS = [BX]
2024/12/10 20:52:04 ## TID: 0 - Ejecutando: LOG - Parámetros: [BX]
2024/12/10 20:52:04 El valor del registro BX es 64
2024/12/10 20:52:04 AX: 64, BX: 64, CX: 0, DX: 0, EX: 0, FX: 0, GX: 0, HX: 0, PC: 5
2024/12/10 20:52:04 Instrucción solicitada de PID: 8, TID: 0, PC: 5
2024/12/10 20:52:04 ## Llega interrupcion al puerto Interrupt
2024/12/10 20:52:04 ## Se registra la interrupcion
2024/12/10 20:52:04 ## Obtener instrucción - (PID:TID) - (8:0) - Instrucción: IO 120000
2024/12/10 20:52:04 PID: 8 TID: 0 - FETCH - Program Counter: 5
2024/12/10 20:52:04 Instrucción decodificada: INSTUCCIÓN = IO, PARÁMETROS = [120000]
2024/12/10 20:52:04 ## TID: 0 - Ejecutando: IO - Parámetros: [120000]
2024/12/10 20:52:04 ## Contexto Actualizado - (PID:TID) - (8:0)
2024/12/10 20:52:04 ## (<PID:8>:<TID:0>) - Solicitó syscall: <IO> ##
2024/12/10 20:52:04 (<PID: 8 >:<TID: 0 >) - Bloqueado por: IO
2024/12/10 20:52:04 AX: 64, BX: 64, CX: 0, DX: 0, EX: 0, FX: 0, GX: 0, HX: 0, PC: 6
2024/12/10 20:52:04 ## (<PID 9>:<TID 0>) Se ejecuta el Hilo - Estado: EXEC
2024/12/10 20:52:04 PCB : 9 TID : 0 - Solicita Contexto de Ejecucion
2024/12/10 20:52:04 ## Contexto <Solicitado> - (PID:TID) - (9:0)
2024/12/10 20:52:04 PCB : 9 TID : 0 - Solicitud Contexto de Ejecucion Exitosa
2024/12/10 20:52:04 Instrucción solicitada de PID: 9, TID: 0, PC: 3
2024/12/10 20:52:04 ## Obtener instrucción - (PID:TID) - (9:0) - Instrucción: READ_MEM BX DX
2024/12/10 20:52:04 PID: 9 TID: 0 - FETCH - Program Counter: 3
2024/12/10 20:52:04 Instrucción decodificada: INSTUCCIÓN = READ_MEM, PARÁMETROS = [BX DX]
2024/12/10 20:52:04 ## TID: 0 - Ejecutando: READ_MEM - Parámetros: [BX DX]
2024/12/10 20:52:04 ## TID: <0> - Accion: <LEER> - Direccion Fisica: <0>
2024/12/10 20:52:05 ## Llega interrupcion al puerto Interrupt
2024/12/10 20:52:05 ## Se registra la interrupcion
2024/12/10 20:52:05 ## <Lectura> - (<PID:9> : <TID:0>) - Dir. Fisica: <0> - Tamanio <4>
2024/12/10 20:52:05 AX: 64, BX: 64, CX: 0, DX: 0, EX: 0, FX: 0, GX: 0, HX: 0, PC: 4
2024/12/10 20:52:05 ## Contexto Actualizado - (PID:TID) - (9:0)
2024/12/10 20:52:05 ## (<PID:9>:<TID:0>) - Desalojado por: Quantum ##
2024/12/10 20:52:05 ## (<PID 9>:<TID 0>) Se encola el Hilo - Estado: READY
2024/12/10 20:52:05 ## TID: <0> - Actualizo Contexto Ejecución
2024/12/10 20:52:05 FINALIZA EJECUCION POR INTERRUPCION DE PID : 9 y TID : 0 
2024/12/10 20:52:05 ## (<PID 9>:<TID 0>) Se ejecuta el Hilo - Estado: EXEC
2024/12/10 20:52:05 PCB : 9 TID : 0 - Solicita Contexto de Ejecucion
2024/12/10 20:52:05 ## Contexto <Solicitado> - (PID:TID) - (9:0)
2024/12/10 20:52:05 PCB : 9 TID : 0 - Solicitud Contexto de Ejecucion Exitosa
2024/12/10 20:52:05 Entra a evaluar HILO ANTERIOR
2024/12/10 20:52:05 Instrucción solicitada de PID: 9, TID: 0, PC: 4
2024/12/10 20:52:05 ## Obtener instrucción - (PID:TID) - (9:0) - Instrucción: LOG BX
2024/12/10 20:52:05 PID: 9 TID: 0 - FETCH - Program Counter: 4
2024/12/10 20:52:05 Instrucción decodificada: INSTUCCIÓN = LOG, PARÁMETROS = [BX]
2024/12/10 20:52:05 ## TID: 0 - Ejecutando: LOG - Parámetros: [BX]
2024/12/10 20:52:05 El valor del registro BX es 64
2024/12/10 20:52:05 AX: 64, BX: 64, CX: 0, DX: 0, EX: 0, FX: 0, GX: 0, HX: 0, PC: 5
2024/12/10 20:52:05 Instrucción solicitada de PID: 9, TID: 0, PC: 5
2024/12/10 20:52:05 ## Llega interrupcion al puerto Interrupt
2024/12/10 20:52:05 ## Se registra la interrupcion
2024/12/10 20:52:06 ## Obtener instrucción - (PID:TID) - (9:0) - Instrucción: IO 120000
2024/12/10 20:52:06 PID: 9 TID: 0 - FETCH - Program Counter: 5
2024/12/10 20:52:06 Instrucción decodificada: INSTUCCIÓN = IO, PARÁMETROS = [120000]
2024/12/10 20:52:06 ## TID: 0 - Ejecutando: IO - Parámetros: [120000]
2024/12/10 20:52:06 ## Contexto Actualizado - (PID:TID) - (9:0)
2024/12/10 20:52:06 ## (<PID:9>:<TID:0>) - Solicitó syscall: <IO> ##
2024/12/10 20:52:06 (<PID: 9 >:<TID: 0 >) - Bloqueado por: IO
2024/12/10 20:52:06 AX: 64, BX: 64, CX: 0, DX: 0, EX: 0, FX: 0, GX: 0, HX: 0, PC: 6
2024/12/10 20:53:50 ## (<PID 6>:<TID 0>) Se encola el Hilo - Estado: READY
2024/12/10 20:53:50 ## (<PID 6>:<TID 0>) Se ejecuta el Hilo - Estado: EXEC
2024/12/10 20:53:50 PCB : 6 TID : 0 - Solicita Contexto de Ejecucion
2024/12/10 20:53:51 ## Contexto <Solicitado> - (PID:TID) - (6:0)
2024/12/10 20:53:51 PCB : 6 TID : 0 - Solicitud Contexto de Ejecucion Exitosa
2024/12/10 20:53:51 Instrucción solicitada de PID: 6, TID: 0, PC: 6
2024/12/10 20:53:51 ## Obtener instrucción - (PID:TID) - (6:0) - Instrucción: PROCESS_EXIT
2024/12/10 20:53:51 PID: 6 TID: 0 - FETCH - Program Counter: 6
2024/12/10 20:53:51 Instrucción decodificada: INSTUCCIÓN = PROCESS_EXIT, PARÁMETROS = []
2024/12/10 20:53:51 ## TID: 0 - Ejecutando: PROCESS_EXIT - Parámetros: []
2024/12/10 20:53:51 Finalizando proceso PID: 6
2024/12/10 20:53:51 ## Llega interrupcion al puerto Interrupt
2024/12/10 20:53:51 ## Se registra la interrupcion
2024/12/10 20:53:51 ## Contexto Actualizado - (PID:TID) - (6:0)
2024/12/10 20:53:51 ## (<PID:6>:<TID:0>) - Solicitó syscall: <PROCESS_EXIT> ##
2024/12/10 20:53:51  ## (<PID: 6>:<TID: 0>) finaliza el hilo - Estado: EXIT ##
2024/12/10 20:53:51 ## Hilo Destruido - (PID:TID) - (6:0)
2024/12/10 20:53:51  ## (<PID: 6>) finaliza el Proceso - Estado: EXIT ##
2024/12/10 20:53:51 ## Entro a terminate - PID: 6 
2024/12/10 20:53:51 ## Encuentro particion - PID: 6 - num: 4
2024/12/10 20:53:51 ## Proceso Destruido - PID: 6 - Tamaño: 16
2024/12/10 20:53:51 AX: 64, BX: 64, CX: 0, DX: 0, EX: 0, FX: 0, GX: 0, HX: 0, PC: 7
2024/12/10 20:53:58 ## (<PID 7>:<TID 0>) Se ejecuta el Hilo - Estado: EXEC
2024/12/10 20:53:58 ## (<PID 7>:<TID 0>) Se encola el Hilo - Estado: READY
2024/12/10 20:53:58 PCB : 7 TID : 0 - Solicita Contexto de Ejecucion
2024/12/10 20:53:58 ## Contexto <Solicitado> - (PID:TID) - (7:0)
2024/12/10 20:53:58 PCB : 7 TID : 0 - Solicitud Contexto de Ejecucion Exitosa
2024/12/10 20:53:58 Instrucción solicitada de PID: 7, TID: 0, PC: 6
2024/12/10 20:53:58 ## Obtener instrucción - (PID:TID) - (7:0) - Instrucción: PROCESS_EXIT
2024/12/10 20:53:58 PID: 7 TID: 0 - FETCH - Program Counter: 6
2024/12/10 20:53:58 Instrucción decodificada: INSTUCCIÓN = PROCESS_EXIT, PARÁMETROS = []
2024/12/10 20:53:58 ## TID: 0 - Ejecutando: PROCESS_EXIT - Parámetros: []
2024/12/10 20:53:58 Finalizando proceso PID: 7
2024/12/10 20:53:58 ## Llega interrupcion al puerto Interrupt
2024/12/10 20:53:58 ## Se registra la interrupcion
2024/12/10 20:53:58 ## Contexto Actualizado - (PID:TID) - (7:0)
2024/12/10 20:53:58 ## (<PID:7>:<TID:0>) - Solicitó syscall: <PROCESS_EXIT> ##
2024/12/10 20:53:58  ## (<PID: 7>:<TID: 0>) finaliza el hilo - Estado: EXIT ##
2024/12/10 20:53:59 ## Hilo Destruido - (PID:TID) - (7:0)
2024/12/10 20:53:59  ## (<PID: 7>) finaliza el Proceso - Estado: EXIT ##
2024/12/10 20:53:59 ## Entro a terminate - PID: 7 
2024/12/10 20:53:59 ## Encuentro particion - PID: 7 - num: 2
2024/12/10 20:53:59 ## Proceso Destruido - PID: 7 - Tamaño: 64
2024/12/10 20:53:59 AX: 64, BX: 64, CX: 0, DX: 0, EX: 0, FX: 0, GX: 0, HX: 0, PC: 7
2024/12/10 20:54:04 ## (<PID 8>:<TID 0>) Se encola el Hilo - Estado: READY
2024/12/10 20:54:04 ## (<PID 8>:<TID 0>) Se ejecuta el Hilo - Estado: EXEC
2024/12/10 20:54:04 PCB : 8 TID : 0 - Solicita Contexto de Ejecucion
2024/12/10 20:54:04 ## Contexto <Solicitado> - (PID:TID) - (8:0)
2024/12/10 20:54:04 PCB : 8 TID : 0 - Solicitud Contexto de Ejecucion Exitosa
2024/12/10 20:54:04 Instrucción solicitada de PID: 8, TID: 0, PC: 6
2024/12/10 20:54:04 ## Obtener instrucción - (PID:TID) - (8:0) - Instrucción: PROCESS_EXIT
2024/12/10 20:54:04 PID: 8 TID: 0 - FETCH - Program Counter: 6
2024/12/10 20:54:04 Instrucción decodificada: INSTUCCIÓN = PROCESS_EXIT, PARÁMETROS = []
2024/12/10 20:54:04 ## TID: 0 - Ejecutando: PROCESS_EXIT - Parámetros: []
2024/12/10 20:54:04 Finalizando proceso PID: 8
2024/12/10 20:54:05 ## Llega interrupcion al puerto Interrupt
2024/12/10 20:54:05 ## Se registra la interrupcion
2024/12/10 20:54:05 ## Contexto Actualizado - (PID:TID) - (8:0)
2024/12/10 20:54:05 ## (<PID:8>:<TID:0>) - Solicitó syscall: <PROCESS_EXIT> ##
2024/12/10 20:54:05  ## (<PID: 8>:<TID: 0>) finaliza el hilo - Estado: EXIT ##
2024/12/10 20:54:05 ## Hilo Destruido - (PID:TID) - (8:0)
2024/12/10 20:54:05  ## (<PID: 8>) finaliza el Proceso - Estado: EXIT ##
2024/12/10 20:54:05 ## Entro a terminate - PID: 8 
2024/12/10 20:54:05 ## Encuentro particion - PID: 8 - num: 3
2024/12/10 20:54:05 ## Proceso Destruido - PID: 8 - Tamaño: 128
2024/12/10 20:54:05 AX: 64, BX: 64, CX: 0, DX: 0, EX: 0, FX: 0, GX: 0, HX: 0, PC: 7
2024/12/10 20:54:06 ## (<PID 9>:<TID 0>) Se ejecuta el Hilo - Estado: EXEC
2024/12/10 20:54:06 ## (<PID 9>:<TID 0>) Se encola el Hilo - Estado: READY
2024/12/10 20:54:06 PCB : 9 TID : 0 - Solicita Contexto de Ejecucion
2024/12/10 20:54:06 ## Contexto <Solicitado> - (PID:TID) - (9:0)
2024/12/10 20:54:06 PCB : 9 TID : 0 - Solicitud Contexto de Ejecucion Exitosa
2024/12/10 20:54:06 Instrucción solicitada de PID: 9, TID: 0, PC: 6
2024/12/10 20:54:06 ## Obtener instrucción - (PID:TID) - (9:0) - Instrucción: PROCESS_EXIT
2024/12/10 20:54:06 PID: 9 TID: 0 - FETCH - Program Counter: 6
2024/12/10 20:54:06 Instrucción decodificada: INSTUCCIÓN = PROCESS_EXIT, PARÁMETROS = []
2024/12/10 20:54:06 ## TID: 0 - Ejecutando: PROCESS_EXIT - Parámetros: []
2024/12/10 20:54:06 Finalizando proceso PID: 9
2024/12/10 20:54:06 ## Llega interrupcion al puerto Interrupt
2024/12/10 20:54:06 ## Se registra la interrupcion
2024/12/10 20:54:06 ## Contexto Actualizado - (PID:TID) - (9:0)
2024/12/10 20:54:06 ## (<PID:9>:<TID:0>) - Solicitó syscall: <PROCESS_EXIT> ##
2024/12/10 20:54:06  ## (<PID: 9>:<TID: 0>) finaliza el hilo - Estado: EXIT ##
2024/12/10 20:54:07 ## Hilo Destruido - (PID:TID) - (9:0)
2024/12/10 20:54:07  ## (<PID: 9>) finaliza el Proceso - Estado: EXIT ##
2024/12/10 20:54:07 ## Entro a terminate - PID: 9 
2024/12/10 20:54:07 ## Encuentro particion - PID: 9 - num: 0
2024/12/10 20:54:07 ## Proceso Destruido - PID: 9 - Tamaño: 32
2024/12/10 20:54:07 AX: 64, BX: 64, CX: 0, DX: 0, EX: 0, FX: 0, GX: 0, HX: 0, PC: 7
2024/12/10 20:54:07 ## No hay mas procesos Inicializados, se pausa la planificacion ##
