2024/12/10 20:03:18 ## Proceso Creado - PID: 1 - Tamaño: 32
2024/12/10 20:03:19 ## Hilo Creado - (PID:TID) - (1:0)
2024/12/10 20:03:19 ## (<PID 1>:<TID 0>) Se ejecuta el Hilo - Estado: EXEC
2024/12/10 20:03:19 PCB : 1 TID : 0 - Solicita Contexto de Ejecucion
2024/12/10 20:03:19 ## Contexto <Solicitado> - (PID:TID) - (1:0)
2024/12/10 20:03:19 PCB : 1 TID : 0 - Solicitud Contexto de Ejecucion Exitosa
2024/12/10 20:03:19 Instrucción solicitada de PID: 1, TID: 0, PC: 0
2024/12/10 20:03:20 ## Llega interrupcion al puerto Interrupt
2024/12/10 20:03:20 ## Se registra la interrupcion
2024/12/10 20:03:20 ## Obtener instrucción - (PID:TID) - (1:0) - Instrucción: SET DX 0
2024/12/10 20:03:20 PID: 1 TID: 0 - FETCH - Program Counter: 0
2024/12/10 20:03:20 Instrucción decodificada: INSTUCCIÓN = SET, PARÁMETROS = [DX 0]
2024/12/10 20:03:20 ## TID: 0 - Ejecutando: SET - Parámetros: [DX 0]
2024/12/10 20:03:20 AX: 0, BX: 0, CX: 0, DX: 0, EX: 0, FX: 0, GX: 0, HX: 0, PC: 1
2024/12/10 20:03:20 ## Contexto Actualizado - (PID:TID) - (1:0)
2024/12/10 20:03:20 ## (<PID:1>:<TID:0>) - Desalojado por: Quantum ##
2024/12/10 20:03:20 ## (<PID 1>:<TID 0>) Se encola el Hilo - Estado: READY
2024/12/10 20:03:20 ## TID: <0> - Actualizo Contexto Ejecución
2024/12/10 20:03:20 FINALIZA EJECUCION POR INTERRUPCION DE PID : 1 y TID : 0 
2024/12/10 20:03:20 ## (<PID 1>:<TID 0>) Se ejecuta el Hilo - Estado: EXEC
2024/12/10 20:03:20 PCB : 1 TID : 0 - Solicita Contexto de Ejecucion
2024/12/10 20:03:21 ## Contexto <Solicitado> - (PID:TID) - (1:0)
2024/12/10 20:03:21 PCB : 1 TID : 0 - Solicitud Contexto de Ejecucion Exitosa
2024/12/10 20:03:21 Entra a evaluar HILO ANTERIOR
2024/12/10 20:03:21 Instrucción solicitada de PID: 1, TID: 0, PC: 1
2024/12/10 20:03:21 ## Llega interrupcion al puerto Interrupt
2024/12/10 20:03:21 ## Se registra la interrupcion
2024/12/10 20:03:21 ## Obtener instrucción - (PID:TID) - (1:0) - Instrucción: SET AX 1
2024/12/10 20:03:21 PID: 1 TID: 0 - FETCH - Program Counter: 1
2024/12/10 20:03:21 Instrucción decodificada: INSTUCCIÓN = SET, PARÁMETROS = [AX 1]
2024/12/10 20:03:21 ## TID: 0 - Ejecutando: SET - Parámetros: [AX 1]
2024/12/10 20:03:21 AX: 1, BX: 0, CX: 0, DX: 0, EX: 0, FX: 0, GX: 0, HX: 0, PC: 2
2024/12/10 20:03:22 ## Contexto Actualizado - (PID:TID) - (1:0)
2024/12/10 20:03:22 ## (<PID:1>:<TID:0>) - Desalojado por: Quantum ##
2024/12/10 20:03:22 ## (<PID 1>:<TID 0>) Se encola el Hilo - Estado: READY
2024/12/10 20:03:22 ## TID: <0> - Actualizo Contexto Ejecución
2024/12/10 20:03:22 FINALIZA EJECUCION POR INTERRUPCION DE PID : 1 y TID : 0 
2024/12/10 20:03:22 ## (<PID 1>:<TID 0>) Se ejecuta el Hilo - Estado: EXEC
2024/12/10 20:03:22 PCB : 1 TID : 0 - Solicita Contexto de Ejecucion
2024/12/10 20:03:22 ## Contexto <Solicitado> - (PID:TID) - (1:0)
2024/12/10 20:03:22 PCB : 1 TID : 0 - Solicitud Contexto de Ejecucion Exitosa
2024/12/10 20:03:22 Entra a evaluar HILO ANTERIOR
2024/12/10 20:03:22 Instrucción solicitada de PID: 1, TID: 0, PC: 2
2024/12/10 20:03:23 ## Llega interrupcion al puerto Interrupt
2024/12/10 20:03:23 ## Se registra la interrupcion
2024/12/10 20:03:23 ## Obtener instrucción - (PID:TID) - (1:0) - Instrucción: THREAD_CREATE PLANI_THREAD 6
2024/12/10 20:03:23 PID: 1 TID: 0 - FETCH - Program Counter: 2
2024/12/10 20:03:23 Instrucción decodificada: INSTUCCIÓN = THREAD_CREATE, PARÁMETROS = [PLANI_THREAD 6]
2024/12/10 20:03:23 ## TID: 0 - Ejecutando: THREAD_CREATE - Parámetros: [PLANI_THREAD 6]
2024/12/10 20:03:23 ## Contexto Actualizado - (PID:TID) - (1:0)
2024/12/10 20:03:23 ## (<PID:1>:<TID:0>) - Solicitó syscall: <THREAD_CREATE> ##
2024/12/10 20:03:24 ## Hilo Creado - (PID:TID) - (1:1)
2024/12/10 20:03:24 ## (<PID 1>:<TID 1>) Se encola el Hilo - Estado: READY
2024/12/10 20:03:24 ## (<PID 1>:<TID 1>) Se crea el Hilo - Estado: READY
2024/12/10 20:03:24 PCB : 1 TID : 0 - Solicita Contexto de Ejecucion
2024/12/10 20:03:25 ## Contexto <Solicitado> - (PID:TID) - (1:0)
2024/12/10 20:03:25 PCB : 1 TID : 0 - Solicitud Contexto de Ejecucion Exitosa
2024/12/10 20:03:25 Entra a evaluar HILO ANTERIOR
2024/12/10 20:03:25 ## Contexto Actualizado - (PID:TID) - (1:0)
2024/12/10 20:03:25 ## (<PID:1>:<TID:0>) - Desalojado por: Quantum ##
2024/12/10 20:03:25 ## (<PID 1>:<TID 0>) Se encola el Hilo - Estado: READY
2024/12/10 20:03:25 ## TID: <0> - Actualizo Contexto Ejecución
2024/12/10 20:03:25 FINALIZA EJECUCION POR INTERRUPCION DE PID : 1 y TID : 0 
2024/12/10 20:03:25 AX: 1, BX: 0, CX: 0, DX: 0, EX: 0, FX: 0, GX: 0, HX: 0, PC: 3
2024/12/10 20:03:25 ## (<PID 1>:<TID 0>) Se ejecuta el Hilo - Estado: EXEC
2024/12/10 20:03:25 PCB : 1 TID : 0 - Solicita Contexto de Ejecucion
2024/12/10 20:03:26 ## Contexto <Solicitado> - (PID:TID) - (1:0)
2024/12/10 20:03:26 PCB : 1 TID : 0 - Solicitud Contexto de Ejecucion Exitosa
2024/12/10 20:03:26 Entra a evaluar HILO ANTERIOR
2024/12/10 20:03:26 Instrucción solicitada de PID: 1, TID: 0, PC: 3
2024/12/10 20:03:26 ## Llega interrupcion al puerto Interrupt
2024/12/10 20:03:26 ## Se registra la interrupcion
2024/12/10 20:03:26 ## Obtener instrucción - (PID:TID) - (1:0) - Instrucción: SUM DX AX
2024/12/10 20:03:26 PID: 1 TID: 0 - FETCH - Program Counter: 3
2024/12/10 20:03:26 Instrucción decodificada: INSTUCCIÓN = SUM, PARÁMETROS = [DX AX]
2024/12/10 20:03:26 ## TID: 0 - Ejecutando: SUM - Parámetros: [DX AX]
2024/12/10 20:03:26 AX: 1, BX: 0, CX: 0, DX: 1, EX: 0, FX: 0, GX: 0, HX: 0, PC: 4
2024/12/10 20:03:27 ## Contexto Actualizado - (PID:TID) - (1:0)
2024/12/10 20:03:27 ## (<PID:1>:<TID:0>) - Desalojado por: Quantum ##
2024/12/10 20:03:27 ## (<PID 1>:<TID 0>) Se encola el Hilo - Estado: READY
2024/12/10 20:03:27 ## TID: <0> - Actualizo Contexto Ejecución
2024/12/10 20:03:27 FINALIZA EJECUCION POR INTERRUPCION DE PID : 1 y TID : 0 
2024/12/10 20:03:27 ## (<PID 1>:<TID 0>) Se ejecuta el Hilo - Estado: EXEC
2024/12/10 20:03:27 PCB : 1 TID : 0 - Solicita Contexto de Ejecucion
2024/12/10 20:03:27 ## Contexto <Solicitado> - (PID:TID) - (1:0)
2024/12/10 20:03:27 PCB : 1 TID : 0 - Solicitud Contexto de Ejecucion Exitosa
2024/12/10 20:03:27 Entra a evaluar HILO ANTERIOR
2024/12/10 20:03:27 Instrucción solicitada de PID: 1, TID: 0, PC: 4
2024/12/10 20:03:28 ## Llega interrupcion al puerto Interrupt
2024/12/10 20:03:28 ## Se registra la interrupcion
2024/12/10 20:03:28 ## Obtener instrucción - (PID:TID) - (1:0) - Instrucción: THREAD_CREATE PLANI_THREAD 5
2024/12/10 20:03:28 PID: 1 TID: 0 - FETCH - Program Counter: 4
2024/12/10 20:03:28 Instrucción decodificada: INSTUCCIÓN = THREAD_CREATE, PARÁMETROS = [PLANI_THREAD 5]
2024/12/10 20:03:28 ## TID: 0 - Ejecutando: THREAD_CREATE - Parámetros: [PLANI_THREAD 5]
2024/12/10 20:03:28 ## Contexto Actualizado - (PID:TID) - (1:0)
2024/12/10 20:03:28 ## (<PID:1>:<TID:0>) - Solicitó syscall: <THREAD_CREATE> ##
2024/12/10 20:03:29 ## Hilo Creado - (PID:TID) - (1:2)
2024/12/10 20:03:29 ## (<PID 1>:<TID 2>) Se encola el Hilo - Estado: READY
2024/12/10 20:03:29 ## (<PID 1>:<TID 2>) Se crea el Hilo - Estado: READY
2024/12/10 20:03:29 PCB : 1 TID : 0 - Solicita Contexto de Ejecucion
2024/12/10 20:03:30 ## Contexto <Solicitado> - (PID:TID) - (1:0)
2024/12/10 20:03:30 PCB : 1 TID : 0 - Solicitud Contexto de Ejecucion Exitosa
2024/12/10 20:03:30 Entra a evaluar HILO ANTERIOR
2024/12/10 20:03:30 ## Contexto Actualizado - (PID:TID) - (1:0)
2024/12/10 20:03:30 ## (<PID:1>:<TID:0>) - Desalojado por: Quantum ##
2024/12/10 20:03:30 ## (<PID 1>:<TID 0>) Se encola el Hilo - Estado: READY
2024/12/10 20:03:30 ## TID: <0> - Actualizo Contexto Ejecución
2024/12/10 20:03:30 FINALIZA EJECUCION POR INTERRUPCION DE PID : 1 y TID : 0 
2024/12/10 20:03:30 AX: 1, BX: 0, CX: 0, DX: 1, EX: 0, FX: 0, GX: 0, HX: 0, PC: 5
2024/12/10 20:03:30 ## (<PID 1>:<TID 0>) Se ejecuta el Hilo - Estado: EXEC
2024/12/10 20:03:30 PCB : 1 TID : 0 - Solicita Contexto de Ejecucion
2024/12/10 20:03:31 ## Contexto <Solicitado> - (PID:TID) - (1:0)
2024/12/10 20:03:31 PCB : 1 TID : 0 - Solicitud Contexto de Ejecucion Exitosa
2024/12/10 20:03:31 Entra a evaluar HILO ANTERIOR
2024/12/10 20:03:31 Instrucción solicitada de PID: 1, TID: 0, PC: 5
2024/12/10 20:03:31 ## Llega interrupcion al puerto Interrupt
2024/12/10 20:03:31 ## Se registra la interrupcion
2024/12/10 20:03:31 ## Obtener instrucción - (PID:TID) - (1:0) - Instrucción: SUM DX AX
2024/12/10 20:03:31 PID: 1 TID: 0 - FETCH - Program Counter: 5
2024/12/10 20:03:31 Instrucción decodificada: INSTUCCIÓN = SUM, PARÁMETROS = [DX AX]
2024/12/10 20:03:31 ## TID: 0 - Ejecutando: SUM - Parámetros: [DX AX]
2024/12/10 20:03:31 AX: 1, BX: 0, CX: 0, DX: 2, EX: 0, FX: 0, GX: 0, HX: 0, PC: 6
2024/12/10 20:03:32 ## Contexto Actualizado - (PID:TID) - (1:0)
2024/12/10 20:03:32 ## (<PID:1>:<TID:0>) - Desalojado por: Quantum ##
2024/12/10 20:03:32 ## (<PID 1>:<TID 0>) Se encola el Hilo - Estado: READY
2024/12/10 20:03:32 ## TID: <0> - Actualizo Contexto Ejecución
2024/12/10 20:03:32 FINALIZA EJECUCION POR INTERRUPCION DE PID : 1 y TID : 0 
2024/12/10 20:03:32 ## (<PID 1>:<TID 0>) Se ejecuta el Hilo - Estado: EXEC
2024/12/10 20:03:32 PCB : 1 TID : 0 - Solicita Contexto de Ejecucion
2024/12/10 20:03:32 ## Contexto <Solicitado> - (PID:TID) - (1:0)
2024/12/10 20:03:32 PCB : 1 TID : 0 - Solicitud Contexto de Ejecucion Exitosa
2024/12/10 20:03:32 Entra a evaluar HILO ANTERIOR
2024/12/10 20:03:32 Instrucción solicitada de PID: 1, TID: 0, PC: 6
2024/12/10 20:03:33 ## Llega interrupcion al puerto Interrupt
2024/12/10 20:03:33 ## Se registra la interrupcion
2024/12/10 20:03:33 ## Obtener instrucción - (PID:TID) - (1:0) - Instrucción: THREAD_CREATE PLANI_THREAD 5
2024/12/10 20:03:33 PID: 1 TID: 0 - FETCH - Program Counter: 6
2024/12/10 20:03:33 Instrucción decodificada: INSTUCCIÓN = THREAD_CREATE, PARÁMETROS = [PLANI_THREAD 5]
2024/12/10 20:03:33 ## TID: 0 - Ejecutando: THREAD_CREATE - Parámetros: [PLANI_THREAD 5]
2024/12/10 20:03:33 ## Contexto Actualizado - (PID:TID) - (1:0)
2024/12/10 20:03:33 ## (<PID:1>:<TID:0>) - Solicitó syscall: <THREAD_CREATE> ##
2024/12/10 20:03:34 ## Hilo Creado - (PID:TID) - (1:3)
2024/12/10 20:03:34 ## (<PID 1>:<TID 3>) Se encola el Hilo - Estado: READY
2024/12/10 20:03:34 ## (<PID 1>:<TID 3>) Se crea el Hilo - Estado: READY
2024/12/10 20:03:34 PCB : 1 TID : 0 - Solicita Contexto de Ejecucion
2024/12/10 20:03:35 ## Contexto <Solicitado> - (PID:TID) - (1:0)
2024/12/10 20:03:35 PCB : 1 TID : 0 - Solicitud Contexto de Ejecucion Exitosa
2024/12/10 20:03:35 Entra a evaluar HILO ANTERIOR
2024/12/10 20:03:35 ## Contexto Actualizado - (PID:TID) - (1:0)
2024/12/10 20:03:35 ## (<PID:1>:<TID:0>) - Desalojado por: Quantum ##
2024/12/10 20:03:35 ## (<PID 1>:<TID 0>) Se encola el Hilo - Estado: READY
2024/12/10 20:03:35 ## TID: <0> - Actualizo Contexto Ejecución
2024/12/10 20:03:35 FINALIZA EJECUCION POR INTERRUPCION DE PID : 1 y TID : 0 
2024/12/10 20:03:35 AX: 1, BX: 0, CX: 0, DX: 2, EX: 0, FX: 0, GX: 0, HX: 0, PC: 7
2024/12/10 20:03:35 ## (<PID 1>:<TID 0>) Se ejecuta el Hilo - Estado: EXEC
2024/12/10 20:03:35 PCB : 1 TID : 0 - Solicita Contexto de Ejecucion
2024/12/10 20:03:36 ## Contexto <Solicitado> - (PID:TID) - (1:0)
2024/12/10 20:03:36 PCB : 1 TID : 0 - Solicitud Contexto de Ejecucion Exitosa
2024/12/10 20:03:36 Entra a evaluar HILO ANTERIOR
2024/12/10 20:03:36 Instrucción solicitada de PID: 1, TID: 0, PC: 7
2024/12/10 20:03:36 ## Llega interrupcion al puerto Interrupt
2024/12/10 20:03:36 ## Se registra la interrupcion
2024/12/10 20:03:36 ## Obtener instrucción - (PID:TID) - (1:0) - Instrucción: SUM DX AX
2024/12/10 20:03:36 PID: 1 TID: 0 - FETCH - Program Counter: 7
2024/12/10 20:03:36 Instrucción decodificada: INSTUCCIÓN = SUM, PARÁMETROS = [DX AX]
2024/12/10 20:03:36 ## TID: 0 - Ejecutando: SUM - Parámetros: [DX AX]
2024/12/10 20:03:36 AX: 1, BX: 0, CX: 0, DX: 3, EX: 0, FX: 0, GX: 0, HX: 0, PC: 8
2024/12/10 20:03:37 ## Contexto Actualizado - (PID:TID) - (1:0)
2024/12/10 20:03:37 ## (<PID:1>:<TID:0>) - Desalojado por: Quantum ##
2024/12/10 20:03:37 ## (<PID 1>:<TID 0>) Se encola el Hilo - Estado: READY
2024/12/10 20:03:37 ## TID: <0> - Actualizo Contexto Ejecución
2024/12/10 20:03:37 FINALIZA EJECUCION POR INTERRUPCION DE PID : 1 y TID : 0 
2024/12/10 20:03:37 ## (<PID 1>:<TID 0>) Se ejecuta el Hilo - Estado: EXEC
2024/12/10 20:03:37 PCB : 1 TID : 0 - Solicita Contexto de Ejecucion
2024/12/10 20:03:37 ## Contexto <Solicitado> - (PID:TID) - (1:0)
2024/12/10 20:03:37 PCB : 1 TID : 0 - Solicitud Contexto de Ejecucion Exitosa
2024/12/10 20:03:37 Entra a evaluar HILO ANTERIOR
2024/12/10 20:03:37 Instrucción solicitada de PID: 1, TID: 0, PC: 8
2024/12/10 20:03:38 ## Llega interrupcion al puerto Interrupt
2024/12/10 20:03:38 ## Se registra la interrupcion
2024/12/10 20:03:38 ## Obtener instrucción - (PID:TID) - (1:0) - Instrucción: THREAD_CREATE PLANI_THREAD 6
2024/12/10 20:03:38 PID: 1 TID: 0 - FETCH - Program Counter: 8
2024/12/10 20:03:38 Instrucción decodificada: INSTUCCIÓN = THREAD_CREATE, PARÁMETROS = [PLANI_THREAD 6]
2024/12/10 20:03:38 ## TID: 0 - Ejecutando: THREAD_CREATE - Parámetros: [PLANI_THREAD 6]
2024/12/10 20:03:38 ## Contexto Actualizado - (PID:TID) - (1:0)
2024/12/10 20:03:38 ## (<PID:1>:<TID:0>) - Solicitó syscall: <THREAD_CREATE> ##
2024/12/10 20:03:39 ## Hilo Creado - (PID:TID) - (1:4)
2024/12/10 20:03:39 ## (<PID 1>:<TID 4>) Se encola el Hilo - Estado: READY
2024/12/10 20:03:39 ## (<PID 1>:<TID 4>) Se crea el Hilo - Estado: READY
2024/12/10 20:03:39 PCB : 1 TID : 0 - Solicita Contexto de Ejecucion
2024/12/10 20:03:40 ## Contexto <Solicitado> - (PID:TID) - (1:0)
2024/12/10 20:03:40 PCB : 1 TID : 0 - Solicitud Contexto de Ejecucion Exitosa
2024/12/10 20:03:40 Entra a evaluar HILO ANTERIOR
2024/12/10 20:03:40 ## Contexto Actualizado - (PID:TID) - (1:0)
2024/12/10 20:03:40 ## (<PID:1>:<TID:0>) - Desalojado por: Quantum ##
2024/12/10 20:03:40 ## (<PID 1>:<TID 0>) Se encola el Hilo - Estado: READY
2024/12/10 20:03:40 ## TID: <0> - Actualizo Contexto Ejecución
2024/12/10 20:03:40 FINALIZA EJECUCION POR INTERRUPCION DE PID : 1 y TID : 0 
2024/12/10 20:03:40 AX: 1, BX: 0, CX: 0, DX: 3, EX: 0, FX: 0, GX: 0, HX: 0, PC: 9
2024/12/10 20:03:40 ## (<PID 1>:<TID 0>) Se ejecuta el Hilo - Estado: EXEC
2024/12/10 20:03:40 PCB : 1 TID : 0 - Solicita Contexto de Ejecucion
2024/12/10 20:03:41 ## Contexto <Solicitado> - (PID:TID) - (1:0)
2024/12/10 20:03:41 PCB : 1 TID : 0 - Solicitud Contexto de Ejecucion Exitosa
2024/12/10 20:03:41 Entra a evaluar HILO ANTERIOR
2024/12/10 20:03:41 Instrucción solicitada de PID: 1, TID: 0, PC: 9
2024/12/10 20:03:41 ## Llega interrupcion al puerto Interrupt
2024/12/10 20:03:41 ## Se registra la interrupcion
2024/12/10 20:03:41 ## Obtener instrucción - (PID:TID) - (1:0) - Instrucción: SUM DX AX
2024/12/10 20:03:41 PID: 1 TID: 0 - FETCH - Program Counter: 9
2024/12/10 20:03:41 Instrucción decodificada: INSTUCCIÓN = SUM, PARÁMETROS = [DX AX]
2024/12/10 20:03:41 ## TID: 0 - Ejecutando: SUM - Parámetros: [DX AX]
2024/12/10 20:03:41 AX: 1, BX: 0, CX: 0, DX: 4, EX: 0, FX: 0, GX: 0, HX: 0, PC: 10
2024/12/10 20:03:42 ## Contexto Actualizado - (PID:TID) - (1:0)
2024/12/10 20:03:42 ## (<PID:1>:<TID:0>) - Desalojado por: Quantum ##
2024/12/10 20:03:42 ## (<PID 1>:<TID 0>) Se encola el Hilo - Estado: READY
2024/12/10 20:03:42 ## TID: <0> - Actualizo Contexto Ejecución
2024/12/10 20:03:42 FINALIZA EJECUCION POR INTERRUPCION DE PID : 1 y TID : 0 
2024/12/10 20:03:42 ## (<PID 1>:<TID 0>) Se ejecuta el Hilo - Estado: EXEC
2024/12/10 20:03:42 PCB : 1 TID : 0 - Solicita Contexto de Ejecucion
2024/12/10 20:03:42 ## Contexto <Solicitado> - (PID:TID) - (1:0)
2024/12/10 20:03:42 PCB : 1 TID : 0 - Solicitud Contexto de Ejecucion Exitosa
2024/12/10 20:03:42 Entra a evaluar HILO ANTERIOR
2024/12/10 20:03:42 Instrucción solicitada de PID: 1, TID: 0, PC: 10
2024/12/10 20:03:43 ## Llega interrupcion al puerto Interrupt
2024/12/10 20:03:43 ## Se registra la interrupcion
2024/12/10 20:03:43 ## Obtener instrucción - (PID:TID) - (1:0) - Instrucción: THREAD_JOIN 4
2024/12/10 20:03:43 PID: 1 TID: 0 - FETCH - Program Counter: 10
2024/12/10 20:03:43 Instrucción decodificada: INSTUCCIÓN = THREAD_JOIN, PARÁMETROS = [4]
2024/12/10 20:03:43 ## TID: 0 - Ejecutando: THREAD_JOIN - Parámetros: [4]
2024/12/10 20:03:43 ## Contexto Actualizado - (PID:TID) - (1:0)
2024/12/10 20:03:43 ## (<PID:1>:<TID:0>) - Solicito syscall: <THREAD_JOIN> ##
2024/12/10 20:03:43 (<PID: 1 >:<TID: 0 >) - Bloqueado por: PTHREAD_JOIN
2024/12/10 20:03:43 AX: 1, BX: 0, CX: 0, DX: 4, EX: 0, FX: 0, GX: 0, HX: 0, PC: 11
2024/12/10 20:03:43 ## (<PID 1>:<TID 2>) Se ejecuta el Hilo - Estado: EXEC
2024/12/10 20:03:43 PCB : 1 TID : 2 - Solicita Contexto de Ejecucion
2024/12/10 20:03:44 ## Contexto <Solicitado> - (PID:TID) - (1:2)
2024/12/10 20:03:44 PCB : 1 TID : 2 - Solicitud Contexto de Ejecucion Exitosa
2024/12/10 20:03:44 Instrucción solicitada de PID: 1, TID: 2, PC: 0
2024/12/10 20:03:44 ## Llega interrupcion al puerto Interrupt
2024/12/10 20:03:44 ## Se registra la interrupcion
2024/12/10 20:03:44 ## Obtener instrucción - (PID:TID) - (1:2) - Instrucción: SET CX 5
2024/12/10 20:03:44 PID: 1 TID: 2 - FETCH - Program Counter: 0
2024/12/10 20:03:44 Instrucción decodificada: INSTUCCIÓN = SET, PARÁMETROS = [CX 5]
2024/12/10 20:03:44 ## TID: 2 - Ejecutando: SET - Parámetros: [CX 5]
2024/12/10 20:03:44 AX: 0, BX: 0, CX: 5, DX: 0, EX: 0, FX: 0, GX: 0, HX: 0, PC: 1
2024/12/10 20:03:45 ## Contexto Actualizado - (PID:TID) - (1:2)
2024/12/10 20:03:45 ## (<PID:1>:<TID:2>) - Desalojado por: Quantum ##
2024/12/10 20:03:45 ## (<PID 1>:<TID 2>) Se encola el Hilo - Estado: READY
2024/12/10 20:03:45 ## TID: <2> - Actualizo Contexto Ejecución
2024/12/10 20:03:45 FINALIZA EJECUCION POR INTERRUPCION DE PID : 1 y TID : 2 
2024/12/10 20:03:45 ## (<PID 1>:<TID 3>) Se ejecuta el Hilo - Estado: EXEC
2024/12/10 20:03:45 PCB : 1 TID : 3 - Solicita Contexto de Ejecucion
2024/12/10 20:03:45 ## Contexto <Solicitado> - (PID:TID) - (1:3)
2024/12/10 20:03:45 PCB : 1 TID : 3 - Solicitud Contexto de Ejecucion Exitosa
2024/12/10 20:03:45 Instrucción solicitada de PID: 1, TID: 3, PC: 0
2024/12/10 20:03:46 ## Llega interrupcion al puerto Interrupt
2024/12/10 20:03:46 ## Se registra la interrupcion
2024/12/10 20:03:46 ## Obtener instrucción - (PID:TID) - (1:3) - Instrucción: SET CX 5
2024/12/10 20:03:46 PID: 1 TID: 3 - FETCH - Program Counter: 0
2024/12/10 20:03:46 Instrucción decodificada: INSTUCCIÓN = SET, PARÁMETROS = [CX 5]
2024/12/10 20:03:46 ## TID: 3 - Ejecutando: SET - Parámetros: [CX 5]
2024/12/10 20:03:46 AX: 0, BX: 0, CX: 5, DX: 0, EX: 0, FX: 0, GX: 0, HX: 0, PC: 1
2024/12/10 20:03:46 ## Contexto Actualizado - (PID:TID) - (1:3)
2024/12/10 20:03:46 ## (<PID:1>:<TID:3>) - Desalojado por: Quantum ##
2024/12/10 20:03:46 ## (<PID 1>:<TID 3>) Se encola el Hilo - Estado: READY
2024/12/10 20:03:46 ## TID: <3> - Actualizo Contexto Ejecución
2024/12/10 20:03:46 FINALIZA EJECUCION POR INTERRUPCION DE PID : 1 y TID : 3 
2024/12/10 20:03:46 ## (<PID 1>:<TID 2>) Se ejecuta el Hilo - Estado: EXEC
2024/12/10 20:03:46 PCB : 1 TID : 2 - Solicita Contexto de Ejecucion
2024/12/10 20:03:47 ## Contexto <Solicitado> - (PID:TID) - (1:2)
2024/12/10 20:03:47 PCB : 1 TID : 2 - Solicitud Contexto de Ejecucion Exitosa
2024/12/10 20:03:47 Instrucción solicitada de PID: 1, TID: 2, PC: 1
2024/12/10 20:03:47 ## Llega interrupcion al puerto Interrupt
2024/12/10 20:03:47 ## Se registra la interrupcion
2024/12/10 20:03:47 ## Obtener instrucción - (PID:TID) - (1:2) - Instrucción: SET BX 1
2024/12/10 20:03:47 PID: 1 TID: 2 - FETCH - Program Counter: 1
2024/12/10 20:03:47 Instrucción decodificada: INSTUCCIÓN = SET, PARÁMETROS = [BX 1]
2024/12/10 20:03:47 ## TID: 2 - Ejecutando: SET - Parámetros: [BX 1]
2024/12/10 20:03:47 AX: 0, BX: 1, CX: 5, DX: 0, EX: 0, FX: 0, GX: 0, HX: 0, PC: 2
2024/12/10 20:03:48 ## Contexto Actualizado - (PID:TID) - (1:2)
2024/12/10 20:03:48 ## (<PID:1>:<TID:2>) - Desalojado por: Quantum ##
2024/12/10 20:03:48 ## (<PID 1>:<TID 2>) Se encola el Hilo - Estado: READY
2024/12/10 20:03:48 ## TID: <2> - Actualizo Contexto Ejecución
2024/12/10 20:03:48 FINALIZA EJECUCION POR INTERRUPCION DE PID : 1 y TID : 2 
2024/12/10 20:03:48 ## (<PID 1>:<TID 3>) Se ejecuta el Hilo - Estado: EXEC
2024/12/10 20:03:48 PCB : 1 TID : 3 - Solicita Contexto de Ejecucion
2024/12/10 20:03:48 ## Contexto <Solicitado> - (PID:TID) - (1:3)
2024/12/10 20:03:48 PCB : 1 TID : 3 - Solicitud Contexto de Ejecucion Exitosa
2024/12/10 20:03:48 Instrucción solicitada de PID: 1, TID: 3, PC: 1
2024/12/10 20:03:49 ## Llega interrupcion al puerto Interrupt
2024/12/10 20:03:49 ## Se registra la interrupcion
2024/12/10 20:03:49 ## Obtener instrucción - (PID:TID) - (1:3) - Instrucción: SET BX 1
2024/12/10 20:03:49 PID: 1 TID: 3 - FETCH - Program Counter: 1
2024/12/10 20:03:49 Instrucción decodificada: INSTUCCIÓN = SET, PARÁMETROS = [BX 1]
2024/12/10 20:03:49 ## TID: 3 - Ejecutando: SET - Parámetros: [BX 1]
2024/12/10 20:03:49 AX: 0, BX: 1, CX: 5, DX: 0, EX: 0, FX: 0, GX: 0, HX: 0, PC: 2
2024/12/10 20:03:49 ## Contexto Actualizado - (PID:TID) - (1:3)
2024/12/10 20:03:49 ## (<PID:1>:<TID:3>) - Desalojado por: Quantum ##
2024/12/10 20:03:49 ## (<PID 1>:<TID 3>) Se encola el Hilo - Estado: READY
2024/12/10 20:03:49 ## TID: <3> - Actualizo Contexto Ejecución
2024/12/10 20:03:49 FINALIZA EJECUCION POR INTERRUPCION DE PID : 1 y TID : 3 
2024/12/10 20:03:49 ## (<PID 1>:<TID 2>) Se ejecuta el Hilo - Estado: EXEC
2024/12/10 20:03:49 PCB : 1 TID : 2 - Solicita Contexto de Ejecucion
2024/12/10 20:03:50 ## Contexto <Solicitado> - (PID:TID) - (1:2)
2024/12/10 20:03:50 PCB : 1 TID : 2 - Solicitud Contexto de Ejecucion Exitosa
2024/12/10 20:03:50 Instrucción solicitada de PID: 1, TID: 2, PC: 2
2024/12/10 20:03:50 ## Llega interrupcion al puerto Interrupt
2024/12/10 20:03:50 ## Se registra la interrupcion
2024/12/10 20:03:50 ## Obtener instrucción - (PID:TID) - (1:2) - Instrucción: SUB CX BX
2024/12/10 20:03:50 PID: 1 TID: 2 - FETCH - Program Counter: 2
2024/12/10 20:03:50 Instrucción decodificada: INSTUCCIÓN = SUB, PARÁMETROS = [CX BX]
2024/12/10 20:03:50 ## TID: 2 - Ejecutando: SUB - Parámetros: [CX BX]
2024/12/10 20:03:50 AX: 0, BX: 1, CX: 4, DX: 0, EX: 0, FX: 0, GX: 0, HX: 0, PC: 3
2024/12/10 20:03:51 ## Contexto Actualizado - (PID:TID) - (1:2)
2024/12/10 20:03:51 ## (<PID:1>:<TID:2>) - Desalojado por: Quantum ##
2024/12/10 20:03:51 ## (<PID 1>:<TID 2>) Se encola el Hilo - Estado: READY
2024/12/10 20:03:51 ## TID: <2> - Actualizo Contexto Ejecución
2024/12/10 20:03:51 FINALIZA EJECUCION POR INTERRUPCION DE PID : 1 y TID : 2 
2024/12/10 20:03:51 ## (<PID 1>:<TID 3>) Se ejecuta el Hilo - Estado: EXEC
2024/12/10 20:03:51 PCB : 1 TID : 3 - Solicita Contexto de Ejecucion
2024/12/10 20:03:51 ## Contexto <Solicitado> - (PID:TID) - (1:3)
2024/12/10 20:03:51 PCB : 1 TID : 3 - Solicitud Contexto de Ejecucion Exitosa
2024/12/10 20:03:51 Instrucción solicitada de PID: 1, TID: 3, PC: 2
2024/12/10 20:03:52 ## Llega interrupcion al puerto Interrupt
2024/12/10 20:03:52 ## Se registra la interrupcion
2024/12/10 20:03:52 ## Obtener instrucción - (PID:TID) - (1:3) - Instrucción: SUB CX BX
2024/12/10 20:03:52 PID: 1 TID: 3 - FETCH - Program Counter: 2
2024/12/10 20:03:52 Instrucción decodificada: INSTUCCIÓN = SUB, PARÁMETROS = [CX BX]
2024/12/10 20:03:52 ## TID: 3 - Ejecutando: SUB - Parámetros: [CX BX]
2024/12/10 20:03:52 AX: 0, BX: 1, CX: 4, DX: 0, EX: 0, FX: 0, GX: 0, HX: 0, PC: 3
2024/12/10 20:03:52 ## Contexto Actualizado - (PID:TID) - (1:3)
2024/12/10 20:03:52 ## (<PID:1>:<TID:3>) - Desalojado por: Quantum ##
2024/12/10 20:03:52 ## (<PID 1>:<TID 3>) Se encola el Hilo - Estado: READY
2024/12/10 20:03:52 ## TID: <3> - Actualizo Contexto Ejecución
2024/12/10 20:03:52 FINALIZA EJECUCION POR INTERRUPCION DE PID : 1 y TID : 3 
2024/12/10 20:03:52 ## (<PID 1>:<TID 2>) Se ejecuta el Hilo - Estado: EXEC
2024/12/10 20:03:52 PCB : 1 TID : 2 - Solicita Contexto de Ejecucion
2024/12/10 20:03:53 ## Contexto <Solicitado> - (PID:TID) - (1:2)
2024/12/10 20:03:53 PCB : 1 TID : 2 - Solicitud Contexto de Ejecucion Exitosa
2024/12/10 20:03:53 Instrucción solicitada de PID: 1, TID: 2, PC: 3
2024/12/10 20:03:53 ## Llega interrupcion al puerto Interrupt
2024/12/10 20:03:53 ## Se registra la interrupcion
2024/12/10 20:03:53 ## Obtener instrucción - (PID:TID) - (1:2) - Instrucción: JNZ CX 2
2024/12/10 20:03:53 PID: 1 TID: 2 - FETCH - Program Counter: 3
2024/12/10 20:03:53 Instrucción decodificada: INSTUCCIÓN = JNZ, PARÁMETROS = [CX 2]
2024/12/10 20:03:53 ## TID: 2 - Ejecutando: JNZ - Parámetros: [CX 2]
2024/12/10 20:03:53 AX: 0, BX: 1, CX: 4, DX: 0, EX: 0, FX: 0, GX: 0, HX: 0, PC: 2
2024/12/10 20:03:54 ## Contexto Actualizado - (PID:TID) - (1:2)
2024/12/10 20:03:54 ## (<PID:1>:<TID:2>) - Desalojado por: Quantum ##
2024/12/10 20:03:54 ## (<PID 1>:<TID 2>) Se encola el Hilo - Estado: READY
2024/12/10 20:03:54 ## TID: <2> - Actualizo Contexto Ejecución
2024/12/10 20:03:54 FINALIZA EJECUCION POR INTERRUPCION DE PID : 1 y TID : 2 
2024/12/10 20:03:54 ## (<PID 1>:<TID 3>) Se ejecuta el Hilo - Estado: EXEC
2024/12/10 20:03:54 PCB : 1 TID : 3 - Solicita Contexto de Ejecucion
2024/12/10 20:03:55 ## Contexto <Solicitado> - (PID:TID) - (1:3)
2024/12/10 20:03:55 PCB : 1 TID : 3 - Solicitud Contexto de Ejecucion Exitosa
2024/12/10 20:03:55 Instrucción solicitada de PID: 1, TID: 3, PC: 3
2024/12/10 20:03:55 ## Llega interrupcion al puerto Interrupt
2024/12/10 20:03:55 ## Se registra la interrupcion
2024/12/10 20:03:55 ## Obtener instrucción - (PID:TID) - (1:3) - Instrucción: JNZ CX 2
2024/12/10 20:03:55 PID: 1 TID: 3 - FETCH - Program Counter: 3
2024/12/10 20:03:55 Instrucción decodificada: INSTUCCIÓN = JNZ, PARÁMETROS = [CX 2]
2024/12/10 20:03:55 ## TID: 3 - Ejecutando: JNZ - Parámetros: [CX 2]
2024/12/10 20:03:55 AX: 0, BX: 1, CX: 4, DX: 0, EX: 0, FX: 0, GX: 0, HX: 0, PC: 2
2024/12/10 20:03:56 ## Contexto Actualizado - (PID:TID) - (1:3)
2024/12/10 20:03:56 ## (<PID:1>:<TID:3>) - Desalojado por: Quantum ##
2024/12/10 20:03:56 ## (<PID 1>:<TID 3>) Se encola el Hilo - Estado: READY
2024/12/10 20:03:56 ## TID: <3> - Actualizo Contexto Ejecución
2024/12/10 20:03:56 FINALIZA EJECUCION POR INTERRUPCION DE PID : 1 y TID : 3 
2024/12/10 20:03:56 ## (<PID 1>:<TID 2>) Se ejecuta el Hilo - Estado: EXEC
2024/12/10 20:03:56 PCB : 1 TID : 2 - Solicita Contexto de Ejecucion
2024/12/10 20:03:56 ## Contexto <Solicitado> - (PID:TID) - (1:2)
2024/12/10 20:03:56 PCB : 1 TID : 2 - Solicitud Contexto de Ejecucion Exitosa
2024/12/10 20:03:56 Instrucción solicitada de PID: 1, TID: 2, PC: 2
2024/12/10 20:03:56 ## Llega interrupcion al puerto Interrupt
2024/12/10 20:03:56 ## Se registra la interrupcion
2024/12/10 20:03:57 ## Obtener instrucción - (PID:TID) - (1:2) - Instrucción: SUB CX BX
2024/12/10 20:03:57 PID: 1 TID: 2 - FETCH - Program Counter: 2
2024/12/10 20:03:57 Instrucción decodificada: INSTUCCIÓN = SUB, PARÁMETROS = [CX BX]
2024/12/10 20:03:57 ## TID: 2 - Ejecutando: SUB - Parámetros: [CX BX]
2024/12/10 20:03:57 AX: 0, BX: 1, CX: 3, DX: 0, EX: 0, FX: 0, GX: 0, HX: 0, PC: 3
2024/12/10 20:03:57 ## Contexto Actualizado - (PID:TID) - (1:2)
2024/12/10 20:03:57 ## (<PID:1>:<TID:2>) - Desalojado por: Quantum ##
2024/12/10 20:03:57 ## (<PID 1>:<TID 2>) Se encola el Hilo - Estado: READY
2024/12/10 20:03:57 ## TID: <2> - Actualizo Contexto Ejecución
2024/12/10 20:03:57 FINALIZA EJECUCION POR INTERRUPCION DE PID : 1 y TID : 2 
2024/12/10 20:03:57 ## (<PID 1>:<TID 3>) Se ejecuta el Hilo - Estado: EXEC
2024/12/10 20:03:57 PCB : 1 TID : 3 - Solicita Contexto de Ejecucion
2024/12/10 20:03:58 ## Contexto <Solicitado> - (PID:TID) - (1:3)
2024/12/10 20:03:58 PCB : 1 TID : 3 - Solicitud Contexto de Ejecucion Exitosa
2024/12/10 20:03:58 Instrucción solicitada de PID: 1, TID: 3, PC: 2
2024/12/10 20:03:58 ## Llega interrupcion al puerto Interrupt
2024/12/10 20:03:58 ## Se registra la interrupcion
2024/12/10 20:03:58 ## Obtener instrucción - (PID:TID) - (1:3) - Instrucción: SUB CX BX
2024/12/10 20:03:58 PID: 1 TID: 3 - FETCH - Program Counter: 2
2024/12/10 20:03:58 Instrucción decodificada: INSTUCCIÓN = SUB, PARÁMETROS = [CX BX]
2024/12/10 20:03:58 ## TID: 3 - Ejecutando: SUB - Parámetros: [CX BX]
2024/12/10 20:03:58 AX: 0, BX: 1, CX: 3, DX: 0, EX: 0, FX: 0, GX: 0, HX: 0, PC: 3
2024/12/10 20:03:59 ## Contexto Actualizado - (PID:TID) - (1:3)
2024/12/10 20:03:59 ## (<PID:1>:<TID:3>) - Desalojado por: Quantum ##
2024/12/10 20:03:59 ## (<PID 1>:<TID 3>) Se encola el Hilo - Estado: READY
2024/12/10 20:03:59 ## TID: <3> - Actualizo Contexto Ejecución
2024/12/10 20:03:59 FINALIZA EJECUCION POR INTERRUPCION DE PID : 1 y TID : 3 
2024/12/10 20:03:59 ## (<PID 1>:<TID 2>) Se ejecuta el Hilo - Estado: EXEC
2024/12/10 20:03:59 PCB : 1 TID : 2 - Solicita Contexto de Ejecucion
2024/12/10 20:03:59 ## Contexto <Solicitado> - (PID:TID) - (1:2)
2024/12/10 20:03:59 PCB : 1 TID : 2 - Solicitud Contexto de Ejecucion Exitosa
2024/12/10 20:03:59 Instrucción solicitada de PID: 1, TID: 2, PC: 3
2024/12/10 20:03:59 ## Llega interrupcion al puerto Interrupt
2024/12/10 20:03:59 ## Se registra la interrupcion
2024/12/10 20:04:00 ## Obtener instrucción - (PID:TID) - (1:2) - Instrucción: JNZ CX 2
2024/12/10 20:04:00 PID: 1 TID: 2 - FETCH - Program Counter: 3
2024/12/10 20:04:00 Instrucción decodificada: INSTUCCIÓN = JNZ, PARÁMETROS = [CX 2]
2024/12/10 20:04:00 ## TID: 2 - Ejecutando: JNZ - Parámetros: [CX 2]
2024/12/10 20:04:00 AX: 0, BX: 1, CX: 3, DX: 0, EX: 0, FX: 0, GX: 0, HX: 0, PC: 2
2024/12/10 20:04:00 ## Contexto Actualizado - (PID:TID) - (1:2)
2024/12/10 20:04:00 ## (<PID:1>:<TID:2>) - Desalojado por: Quantum ##
2024/12/10 20:04:00 ## (<PID 1>:<TID 2>) Se encola el Hilo - Estado: READY
2024/12/10 20:04:00 ## TID: <2> - Actualizo Contexto Ejecución
2024/12/10 20:04:00 FINALIZA EJECUCION POR INTERRUPCION DE PID : 1 y TID : 2 
2024/12/10 20:04:00 ## (<PID 1>:<TID 3>) Se ejecuta el Hilo - Estado: EXEC
2024/12/10 20:04:00 PCB : 1 TID : 3 - Solicita Contexto de Ejecucion
2024/12/10 20:04:01 ## Contexto <Solicitado> - (PID:TID) - (1:3)
2024/12/10 20:04:01 PCB : 1 TID : 3 - Solicitud Contexto de Ejecucion Exitosa
2024/12/10 20:04:01 Instrucción solicitada de PID: 1, TID: 3, PC: 3
2024/12/10 20:04:01 ## Llega interrupcion al puerto Interrupt
2024/12/10 20:04:01 ## Se registra la interrupcion
2024/12/10 20:04:01 ## Obtener instrucción - (PID:TID) - (1:3) - Instrucción: JNZ CX 2
2024/12/10 20:04:01 PID: 1 TID: 3 - FETCH - Program Counter: 3
2024/12/10 20:04:01 Instrucción decodificada: INSTUCCIÓN = JNZ, PARÁMETROS = [CX 2]
2024/12/10 20:04:01 ## TID: 3 - Ejecutando: JNZ - Parámetros: [CX 2]
2024/12/10 20:04:01 AX: 0, BX: 1, CX: 3, DX: 0, EX: 0, FX: 0, GX: 0, HX: 0, PC: 2
2024/12/10 20:04:02 ## Contexto Actualizado - (PID:TID) - (1:3)
2024/12/10 20:04:02 ## (<PID:1>:<TID:3>) - Desalojado por: Quantum ##
2024/12/10 20:04:02 ## (<PID 1>:<TID 3>) Se encola el Hilo - Estado: READY
2024/12/10 20:04:02 ## TID: <3> - Actualizo Contexto Ejecución
2024/12/10 20:04:02 FINALIZA EJECUCION POR INTERRUPCION DE PID : 1 y TID : 3 
2024/12/10 20:04:02 ## (<PID 1>:<TID 2>) Se ejecuta el Hilo - Estado: EXEC
2024/12/10 20:04:02 PCB : 1 TID : 2 - Solicita Contexto de Ejecucion
2024/12/10 20:04:02 ## Contexto <Solicitado> - (PID:TID) - (1:2)
2024/12/10 20:04:02 PCB : 1 TID : 2 - Solicitud Contexto de Ejecucion Exitosa
2024/12/10 20:04:02 Instrucción solicitada de PID: 1, TID: 2, PC: 2
2024/12/10 20:04:02 ## Llega interrupcion al puerto Interrupt
2024/12/10 20:04:02 ## Se registra la interrupcion
2024/12/10 20:04:03 ## Obtener instrucción - (PID:TID) - (1:2) - Instrucción: SUB CX BX
2024/12/10 20:04:03 PID: 1 TID: 2 - FETCH - Program Counter: 2
2024/12/10 20:04:03 Instrucción decodificada: INSTUCCIÓN = SUB, PARÁMETROS = [CX BX]
2024/12/10 20:04:03 ## TID: 2 - Ejecutando: SUB - Parámetros: [CX BX]
2024/12/10 20:04:03 AX: 0, BX: 1, CX: 2, DX: 0, EX: 0, FX: 0, GX: 0, HX: 0, PC: 3
2024/12/10 20:04:03 ## Contexto Actualizado - (PID:TID) - (1:2)
2024/12/10 20:04:03 ## (<PID:1>:<TID:2>) - Desalojado por: Quantum ##
2024/12/10 20:04:03 ## (<PID 1>:<TID 2>) Se encola el Hilo - Estado: READY
2024/12/10 20:04:03 ## TID: <2> - Actualizo Contexto Ejecución
2024/12/10 20:04:03 FINALIZA EJECUCION POR INTERRUPCION DE PID : 1 y TID : 2 
2024/12/10 20:04:03 ## (<PID 1>:<TID 3>) Se ejecuta el Hilo - Estado: EXEC
2024/12/10 20:04:03 PCB : 1 TID : 3 - Solicita Contexto de Ejecucion
2024/12/10 20:04:04 ## Contexto <Solicitado> - (PID:TID) - (1:3)
2024/12/10 20:04:04 PCB : 1 TID : 3 - Solicitud Contexto de Ejecucion Exitosa
2024/12/10 20:04:04 Instrucción solicitada de PID: 1, TID: 3, PC: 2
2024/12/10 20:04:04 ## Llega interrupcion al puerto Interrupt
2024/12/10 20:04:04 ## Se registra la interrupcion
2024/12/10 20:04:04 ## Obtener instrucción - (PID:TID) - (1:3) - Instrucción: SUB CX BX
2024/12/10 20:04:04 PID: 1 TID: 3 - FETCH - Program Counter: 2
2024/12/10 20:04:04 Instrucción decodificada: INSTUCCIÓN = SUB, PARÁMETROS = [CX BX]
2024/12/10 20:04:04 ## TID: 3 - Ejecutando: SUB - Parámetros: [CX BX]
2024/12/10 20:04:04 AX: 0, BX: 1, CX: 2, DX: 0, EX: 0, FX: 0, GX: 0, HX: 0, PC: 3
2024/12/10 20:04:05 ## Contexto Actualizado - (PID:TID) - (1:3)
2024/12/10 20:04:05 ## (<PID:1>:<TID:3>) - Desalojado por: Quantum ##
2024/12/10 20:04:05 ## (<PID 1>:<TID 3>) Se encola el Hilo - Estado: READY
2024/12/10 20:04:05 ## TID: <3> - Actualizo Contexto Ejecución
2024/12/10 20:04:05 FINALIZA EJECUCION POR INTERRUPCION DE PID : 1 y TID : 3 
2024/12/10 20:04:05 ## (<PID 1>:<TID 2>) Se ejecuta el Hilo - Estado: EXEC
2024/12/10 20:04:05 PCB : 1 TID : 2 - Solicita Contexto de Ejecucion
2024/12/10 20:04:05 ## Contexto <Solicitado> - (PID:TID) - (1:2)
2024/12/10 20:04:05 PCB : 1 TID : 2 - Solicitud Contexto de Ejecucion Exitosa
2024/12/10 20:04:05 Instrucción solicitada de PID: 1, TID: 2, PC: 3
2024/12/10 20:04:06 ## Llega interrupcion al puerto Interrupt
2024/12/10 20:04:06 ## Se registra la interrupcion
2024/12/10 20:04:06 ## Obtener instrucción - (PID:TID) - (1:2) - Instrucción: JNZ CX 2
2024/12/10 20:04:06 PID: 1 TID: 2 - FETCH - Program Counter: 3
2024/12/10 20:04:06 Instrucción decodificada: INSTUCCIÓN = JNZ, PARÁMETROS = [CX 2]
2024/12/10 20:04:06 ## TID: 2 - Ejecutando: JNZ - Parámetros: [CX 2]
2024/12/10 20:04:06 AX: 0, BX: 1, CX: 2, DX: 0, EX: 0, FX: 0, GX: 0, HX: 0, PC: 2
2024/12/10 20:04:06 ## Contexto Actualizado - (PID:TID) - (1:2)
2024/12/10 20:04:06 ## (<PID:1>:<TID:2>) - Desalojado por: Quantum ##
2024/12/10 20:04:06 ## (<PID 1>:<TID 2>) Se encola el Hilo - Estado: READY
2024/12/10 20:04:06 ## TID: <2> - Actualizo Contexto Ejecución
2024/12/10 20:04:06 FINALIZA EJECUCION POR INTERRUPCION DE PID : 1 y TID : 2 
2024/12/10 20:04:06 ## (<PID 1>:<TID 3>) Se ejecuta el Hilo - Estado: EXEC
2024/12/10 20:04:06 PCB : 1 TID : 3 - Solicita Contexto de Ejecucion
2024/12/10 20:04:07 ## Contexto <Solicitado> - (PID:TID) - (1:3)
2024/12/10 20:04:07 PCB : 1 TID : 3 - Solicitud Contexto de Ejecucion Exitosa
2024/12/10 20:04:07 Instrucción solicitada de PID: 1, TID: 3, PC: 3
2024/12/10 20:04:07 ## Llega interrupcion al puerto Interrupt
2024/12/10 20:04:07 ## Se registra la interrupcion
2024/12/10 20:04:07 ## Obtener instrucción - (PID:TID) - (1:3) - Instrucción: JNZ CX 2
2024/12/10 20:04:07 PID: 1 TID: 3 - FETCH - Program Counter: 3
2024/12/10 20:04:07 Instrucción decodificada: INSTUCCIÓN = JNZ, PARÁMETROS = [CX 2]
2024/12/10 20:04:07 ## TID: 3 - Ejecutando: JNZ - Parámetros: [CX 2]
2024/12/10 20:04:07 AX: 0, BX: 1, CX: 2, DX: 0, EX: 0, FX: 0, GX: 0, HX: 0, PC: 2
2024/12/10 20:04:08 ## Contexto Actualizado - (PID:TID) - (1:3)
2024/12/10 20:04:08 ## (<PID:1>:<TID:3>) - Desalojado por: Quantum ##
2024/12/10 20:04:08 ## (<PID 1>:<TID 3>) Se encola el Hilo - Estado: READY
2024/12/10 20:04:08 ## TID: <3> - Actualizo Contexto Ejecución
2024/12/10 20:04:08 FINALIZA EJECUCION POR INTERRUPCION DE PID : 1 y TID : 3 
2024/12/10 20:04:08 ## (<PID 1>:<TID 2>) Se ejecuta el Hilo - Estado: EXEC
2024/12/10 20:04:08 PCB : 1 TID : 2 - Solicita Contexto de Ejecucion
2024/12/10 20:04:08 ## Contexto <Solicitado> - (PID:TID) - (1:2)
2024/12/10 20:04:08 PCB : 1 TID : 2 - Solicitud Contexto de Ejecucion Exitosa
2024/12/10 20:04:08 Instrucción solicitada de PID: 1, TID: 2, PC: 2
2024/12/10 20:04:09 ## Llega interrupcion al puerto Interrupt
2024/12/10 20:04:09 ## Se registra la interrupcion
2024/12/10 20:04:09 ## Obtener instrucción - (PID:TID) - (1:2) - Instrucción: SUB CX BX
2024/12/10 20:04:09 PID: 1 TID: 2 - FETCH - Program Counter: 2
2024/12/10 20:04:09 Instrucción decodificada: INSTUCCIÓN = SUB, PARÁMETROS = [CX BX]
2024/12/10 20:04:09 ## TID: 2 - Ejecutando: SUB - Parámetros: [CX BX]
2024/12/10 20:04:09 AX: 0, BX: 1, CX: 1, DX: 0, EX: 0, FX: 0, GX: 0, HX: 0, PC: 3
2024/12/10 20:04:09 ## Contexto Actualizado - (PID:TID) - (1:2)
2024/12/10 20:04:09 ## (<PID:1>:<TID:2>) - Desalojado por: Quantum ##
2024/12/10 20:04:09 ## (<PID 1>:<TID 2>) Se encola el Hilo - Estado: READY
2024/12/10 20:04:09 ## TID: <2> - Actualizo Contexto Ejecución
2024/12/10 20:04:09 FINALIZA EJECUCION POR INTERRUPCION DE PID : 1 y TID : 2 
2024/12/10 20:04:09 ## (<PID 1>:<TID 3>) Se ejecuta el Hilo - Estado: EXEC
2024/12/10 20:04:09 PCB : 1 TID : 3 - Solicita Contexto de Ejecucion
2024/12/10 20:04:10 ## Contexto <Solicitado> - (PID:TID) - (1:3)
2024/12/10 20:04:10 PCB : 1 TID : 3 - Solicitud Contexto de Ejecucion Exitosa
2024/12/10 20:04:10 Instrucción solicitada de PID: 1, TID: 3, PC: 2
2024/12/10 20:04:10 ## Llega interrupcion al puerto Interrupt
2024/12/10 20:04:10 ## Se registra la interrupcion
2024/12/10 20:04:10 ## Obtener instrucción - (PID:TID) - (1:3) - Instrucción: SUB CX BX
2024/12/10 20:04:10 PID: 1 TID: 3 - FETCH - Program Counter: 2
2024/12/10 20:04:10 Instrucción decodificada: INSTUCCIÓN = SUB, PARÁMETROS = [CX BX]
2024/12/10 20:04:10 ## TID: 3 - Ejecutando: SUB - Parámetros: [CX BX]
2024/12/10 20:04:10 AX: 0, BX: 1, CX: 1, DX: 0, EX: 0, FX: 0, GX: 0, HX: 0, PC: 3
2024/12/10 20:04:11 ## Contexto Actualizado - (PID:TID) - (1:3)
2024/12/10 20:04:11 ## (<PID:1>:<TID:3>) - Desalojado por: Quantum ##
2024/12/10 20:04:11 ## (<PID 1>:<TID 3>) Se encola el Hilo - Estado: READY
2024/12/10 20:04:11 ## TID: <3> - Actualizo Contexto Ejecución
2024/12/10 20:04:11 FINALIZA EJECUCION POR INTERRUPCION DE PID : 1 y TID : 3 
2024/12/10 20:04:11 ## (<PID 1>:<TID 2>) Se ejecuta el Hilo - Estado: EXEC
2024/12/10 20:04:11 PCB : 1 TID : 2 - Solicita Contexto de Ejecucion
2024/12/10 20:04:11 ## Contexto <Solicitado> - (PID:TID) - (1:2)
2024/12/10 20:04:11 PCB : 1 TID : 2 - Solicitud Contexto de Ejecucion Exitosa
2024/12/10 20:04:11 Instrucción solicitada de PID: 1, TID: 2, PC: 3
2024/12/10 20:04:12 ## Llega interrupcion al puerto Interrupt
2024/12/10 20:04:12 ## Se registra la interrupcion
2024/12/10 20:04:12 ## Obtener instrucción - (PID:TID) - (1:2) - Instrucción: JNZ CX 2
2024/12/10 20:04:12 PID: 1 TID: 2 - FETCH - Program Counter: 3
2024/12/10 20:04:12 Instrucción decodificada: INSTUCCIÓN = JNZ, PARÁMETROS = [CX 2]
2024/12/10 20:04:12 ## TID: 2 - Ejecutando: JNZ - Parámetros: [CX 2]
2024/12/10 20:04:12 AX: 0, BX: 1, CX: 1, DX: 0, EX: 0, FX: 0, GX: 0, HX: 0, PC: 2
2024/12/10 20:04:12 ## Contexto Actualizado - (PID:TID) - (1:2)
2024/12/10 20:04:12 ## (<PID:1>:<TID:2>) - Desalojado por: Quantum ##
2024/12/10 20:04:12 ## (<PID 1>:<TID 2>) Se encola el Hilo - Estado: READY
2024/12/10 20:04:12 ## TID: <2> - Actualizo Contexto Ejecución
2024/12/10 20:04:12 FINALIZA EJECUCION POR INTERRUPCION DE PID : 1 y TID : 2 
2024/12/10 20:04:12 ## (<PID 1>:<TID 3>) Se ejecuta el Hilo - Estado: EXEC
2024/12/10 20:04:12 PCB : 1 TID : 3 - Solicita Contexto de Ejecucion
2024/12/10 20:04:13 ## Contexto <Solicitado> - (PID:TID) - (1:3)
2024/12/10 20:04:13 PCB : 1 TID : 3 - Solicitud Contexto de Ejecucion Exitosa
2024/12/10 20:04:13 Instrucción solicitada de PID: 1, TID: 3, PC: 3
2024/12/10 20:04:13 ## Llega interrupcion al puerto Interrupt
2024/12/10 20:04:13 ## Se registra la interrupcion
2024/12/10 20:04:13 ## Obtener instrucción - (PID:TID) - (1:3) - Instrucción: JNZ CX 2
2024/12/10 20:04:13 PID: 1 TID: 3 - FETCH - Program Counter: 3
2024/12/10 20:04:13 Instrucción decodificada: INSTUCCIÓN = JNZ, PARÁMETROS = [CX 2]
2024/12/10 20:04:13 ## TID: 3 - Ejecutando: JNZ - Parámetros: [CX 2]
2024/12/10 20:04:13 AX: 0, BX: 1, CX: 1, DX: 0, EX: 0, FX: 0, GX: 0, HX: 0, PC: 2
2024/12/10 20:04:14 ## Contexto Actualizado - (PID:TID) - (1:3)
2024/12/10 20:04:14 ## (<PID:1>:<TID:3>) - Desalojado por: Quantum ##
2024/12/10 20:04:14 ## (<PID 1>:<TID 3>) Se encola el Hilo - Estado: READY
2024/12/10 20:04:14 ## TID: <3> - Actualizo Contexto Ejecución
2024/12/10 20:04:14 FINALIZA EJECUCION POR INTERRUPCION DE PID : 1 y TID : 3 
2024/12/10 20:04:14 ## (<PID 1>:<TID 2>) Se ejecuta el Hilo - Estado: EXEC
2024/12/10 20:04:14 PCB : 1 TID : 2 - Solicita Contexto de Ejecucion
2024/12/10 20:04:14 ## Contexto <Solicitado> - (PID:TID) - (1:2)
2024/12/10 20:04:14 PCB : 1 TID : 2 - Solicitud Contexto de Ejecucion Exitosa
2024/12/10 20:04:14 Instrucción solicitada de PID: 1, TID: 2, PC: 2
2024/12/10 20:04:15 ## Llega interrupcion al puerto Interrupt
2024/12/10 20:04:15 ## Se registra la interrupcion
2024/12/10 20:04:15 ## Obtener instrucción - (PID:TID) - (1:2) - Instrucción: SUB CX BX
2024/12/10 20:04:15 PID: 1 TID: 2 - FETCH - Program Counter: 2
2024/12/10 20:04:15 Instrucción decodificada: INSTUCCIÓN = SUB, PARÁMETROS = [CX BX]
2024/12/10 20:04:15 ## TID: 2 - Ejecutando: SUB - Parámetros: [CX BX]
2024/12/10 20:04:15 AX: 0, BX: 1, CX: 0, DX: 0, EX: 0, FX: 0, GX: 0, HX: 0, PC: 3
2024/12/10 20:04:15 ## Contexto Actualizado - (PID:TID) - (1:2)
2024/12/10 20:04:15 ## (<PID:1>:<TID:2>) - Desalojado por: Quantum ##
2024/12/10 20:04:15 ## (<PID 1>:<TID 2>) Se encola el Hilo - Estado: READY
2024/12/10 20:04:15 ## TID: <2> - Actualizo Contexto Ejecución
2024/12/10 20:04:15 FINALIZA EJECUCION POR INTERRUPCION DE PID : 1 y TID : 2 
2024/12/10 20:04:15 ## (<PID 1>:<TID 3>) Se ejecuta el Hilo - Estado: EXEC
2024/12/10 20:04:15 PCB : 1 TID : 3 - Solicita Contexto de Ejecucion
2024/12/10 20:04:16 ## Contexto <Solicitado> - (PID:TID) - (1:3)
2024/12/10 20:04:16 PCB : 1 TID : 3 - Solicitud Contexto de Ejecucion Exitosa
2024/12/10 20:04:16 Instrucción solicitada de PID: 1, TID: 3, PC: 2
2024/12/10 20:04:16 ## Llega interrupcion al puerto Interrupt
2024/12/10 20:04:16 ## Se registra la interrupcion
2024/12/10 20:04:16 ## Obtener instrucción - (PID:TID) - (1:3) - Instrucción: SUB CX BX
2024/12/10 20:04:16 PID: 1 TID: 3 - FETCH - Program Counter: 2
2024/12/10 20:04:16 Instrucción decodificada: INSTUCCIÓN = SUB, PARÁMETROS = [CX BX]
2024/12/10 20:04:16 ## TID: 3 - Ejecutando: SUB - Parámetros: [CX BX]
2024/12/10 20:04:16 AX: 0, BX: 1, CX: 0, DX: 0, EX: 0, FX: 0, GX: 0, HX: 0, PC: 3
2024/12/10 20:04:17 ## Contexto Actualizado - (PID:TID) - (1:3)
2024/12/10 20:04:17 ## (<PID:1>:<TID:3>) - Desalojado por: Quantum ##
2024/12/10 20:04:17 ## (<PID 1>:<TID 3>) Se encola el Hilo - Estado: READY
2024/12/10 20:04:17 ## TID: <3> - Actualizo Contexto Ejecución
2024/12/10 20:04:17 FINALIZA EJECUCION POR INTERRUPCION DE PID : 1 y TID : 3 
2024/12/10 20:04:17 ## (<PID 1>:<TID 2>) Se ejecuta el Hilo - Estado: EXEC
2024/12/10 20:04:17 PCB : 1 TID : 2 - Solicita Contexto de Ejecucion
2024/12/10 20:04:17 ## Contexto <Solicitado> - (PID:TID) - (1:2)
2024/12/10 20:04:17 PCB : 1 TID : 2 - Solicitud Contexto de Ejecucion Exitosa
2024/12/10 20:04:17 Instrucción solicitada de PID: 1, TID: 2, PC: 3
2024/12/10 20:04:18 ## Llega interrupcion al puerto Interrupt
2024/12/10 20:04:18 ## Se registra la interrupcion
2024/12/10 20:04:18 ## Obtener instrucción - (PID:TID) - (1:2) - Instrucción: JNZ CX 2
2024/12/10 20:04:18 PID: 1 TID: 2 - FETCH - Program Counter: 3
2024/12/10 20:04:18 Instrucción decodificada: INSTUCCIÓN = JNZ, PARÁMETROS = [CX 2]
2024/12/10 20:04:18 ## TID: 2 - Ejecutando: JNZ - Parámetros: [CX 2]
2024/12/10 20:04:18 AX: 0, BX: 1, CX: 0, DX: 0, EX: 0, FX: 0, GX: 0, HX: 0, PC: 4
2024/12/10 20:04:18 ## Contexto Actualizado - (PID:TID) - (1:2)
2024/12/10 20:04:18 ## (<PID:1>:<TID:2>) - Desalojado por: Quantum ##
2024/12/10 20:04:18 ## (<PID 1>:<TID 2>) Se encola el Hilo - Estado: READY
2024/12/10 20:04:18 ## TID: <2> - Actualizo Contexto Ejecución
2024/12/10 20:04:18 FINALIZA EJECUCION POR INTERRUPCION DE PID : 1 y TID : 2 
2024/12/10 20:04:18 ## (<PID 1>:<TID 3>) Se ejecuta el Hilo - Estado: EXEC
2024/12/10 20:04:18 PCB : 1 TID : 3 - Solicita Contexto de Ejecucion
2024/12/10 20:04:19 ## Contexto <Solicitado> - (PID:TID) - (1:3)
2024/12/10 20:04:19 PCB : 1 TID : 3 - Solicitud Contexto de Ejecucion Exitosa
2024/12/10 20:04:19 Instrucción solicitada de PID: 1, TID: 3, PC: 3
2024/12/10 20:04:19 ## Llega interrupcion al puerto Interrupt
2024/12/10 20:04:19 ## Se registra la interrupcion
2024/12/10 20:04:19 ## Obtener instrucción - (PID:TID) - (1:3) - Instrucción: JNZ CX 2
2024/12/10 20:04:19 PID: 1 TID: 3 - FETCH - Program Counter: 3
2024/12/10 20:04:19 Instrucción decodificada: INSTUCCIÓN = JNZ, PARÁMETROS = [CX 2]
2024/12/10 20:04:19 ## TID: 3 - Ejecutando: JNZ - Parámetros: [CX 2]
2024/12/10 20:04:19 AX: 0, BX: 1, CX: 0, DX: 0, EX: 0, FX: 0, GX: 0, HX: 0, PC: 4
2024/12/10 20:04:20 ## Contexto Actualizado - (PID:TID) - (1:3)
2024/12/10 20:04:20 ## (<PID:1>:<TID:3>) - Desalojado por: Quantum ##
2024/12/10 20:04:20 ## (<PID 1>:<TID 3>) Se encola el Hilo - Estado: READY
2024/12/10 20:04:20 ## TID: <3> - Actualizo Contexto Ejecución
2024/12/10 20:04:20 FINALIZA EJECUCION POR INTERRUPCION DE PID : 1 y TID : 3 
2024/12/10 20:04:20 ## (<PID 1>:<TID 2>) Se ejecuta el Hilo - Estado: EXEC
2024/12/10 20:04:20 PCB : 1 TID : 2 - Solicita Contexto de Ejecucion
2024/12/10 20:04:20 ## Contexto <Solicitado> - (PID:TID) - (1:2)
2024/12/10 20:04:20 PCB : 1 TID : 2 - Solicitud Contexto de Ejecucion Exitosa
2024/12/10 20:04:20 Instrucción solicitada de PID: 1, TID: 2, PC: 4
2024/12/10 20:04:21 ## Llega interrupcion al puerto Interrupt
2024/12/10 20:04:21 ## Se registra la interrupcion
2024/12/10 20:04:21 ## Obtener instrucción - (PID:TID) - (1:2) - Instrucción: THREAD_EXIT
2024/12/10 20:04:21 PID: 1 TID: 2 - FETCH - Program Counter: 4
2024/12/10 20:04:21 Instrucción decodificada: INSTUCCIÓN = THREAD_EXIT, PARÁMETROS = []
2024/12/10 20:04:21 ## TID: 2 - Ejecutando: THREAD_EXIT - Parámetros: []
2024/12/10 20:04:21 ## Contexto Actualizado - (PID:TID) - (1:2)
2024/12/10 20:04:21 ## (<PID:1>:<TID:2>) - Solicito syscall: <THREAD_EXIT> ##
2024/12/10 20:04:21  ## (<PID: 1>:<TID: 2>) finaliza el hilo - Estado: EXIT ##
2024/12/10 20:04:22 ## Hilo Destruido - (PID:TID) - (1:2)
2024/12/10 20:04:22 AX: 0, BX: 1, CX: 0, DX: 0, EX: 0, FX: 0, GX: 0, HX: 0, PC: 5
2024/12/10 20:04:22 ## (<PID 1>:<TID 3>) Se ejecuta el Hilo - Estado: EXEC
2024/12/10 20:04:22 PCB : 1 TID : 3 - Solicita Contexto de Ejecucion
2024/12/10 20:04:22 ## Contexto <Solicitado> - (PID:TID) - (1:3)
2024/12/10 20:04:22 PCB : 1 TID : 3 - Solicitud Contexto de Ejecucion Exitosa
2024/12/10 20:04:22 Instrucción solicitada de PID: 1, TID: 3, PC: 4
2024/12/10 20:04:23 ## Llega interrupcion al puerto Interrupt
2024/12/10 20:04:23 ## Se registra la interrupcion
2024/12/10 20:04:23 ## Obtener instrucción - (PID:TID) - (1:3) - Instrucción: THREAD_EXIT
2024/12/10 20:04:23 PID: 1 TID: 3 - FETCH - Program Counter: 4
2024/12/10 20:04:23 Instrucción decodificada: INSTUCCIÓN = THREAD_EXIT, PARÁMETROS = []
2024/12/10 20:04:23 ## TID: 3 - Ejecutando: THREAD_EXIT - Parámetros: []
2024/12/10 20:04:23 ## Contexto Actualizado - (PID:TID) - (1:3)
2024/12/10 20:04:23 ## (<PID:1>:<TID:3>) - Solicito syscall: <THREAD_EXIT> ##
2024/12/10 20:04:23  ## (<PID: 1>:<TID: 3>) finaliza el hilo - Estado: EXIT ##
2024/12/10 20:04:24 ## Hilo Destruido - (PID:TID) - (1:3)
2024/12/10 20:04:24 AX: 0, BX: 1, CX: 0, DX: 0, EX: 0, FX: 0, GX: 0, HX: 0, PC: 5
2024/12/10 20:04:24 ## (<PID 1>:<TID 1>) Se ejecuta el Hilo - Estado: EXEC
2024/12/10 20:04:24 PCB : 1 TID : 1 - Solicita Contexto de Ejecucion
2024/12/10 20:04:24 ## Contexto <Solicitado> - (PID:TID) - (1:1)
2024/12/10 20:04:24 PCB : 1 TID : 1 - Solicitud Contexto de Ejecucion Exitosa
2024/12/10 20:04:24 Instrucción solicitada de PID: 1, TID: 1, PC: 0
2024/12/10 20:04:25 ## Llega interrupcion al puerto Interrupt
2024/12/10 20:04:25 ## Se registra la interrupcion
2024/12/10 20:04:25 ## Obtener instrucción - (PID:TID) - (1:1) - Instrucción: SET CX 5
2024/12/10 20:04:25 PID: 1 TID: 1 - FETCH - Program Counter: 0
2024/12/10 20:04:25 Instrucción decodificada: INSTUCCIÓN = SET, PARÁMETROS = [CX 5]
2024/12/10 20:04:25 ## TID: 1 - Ejecutando: SET - Parámetros: [CX 5]
2024/12/10 20:04:25 AX: 0, BX: 0, CX: 5, DX: 0, EX: 0, FX: 0, GX: 0, HX: 0, PC: 1
2024/12/10 20:04:25 ## Contexto Actualizado - (PID:TID) - (1:1)
2024/12/10 20:04:25 ## (<PID:1>:<TID:1>) - Desalojado por: Quantum ##
2024/12/10 20:04:25 ## (<PID 1>:<TID 1>) Se encola el Hilo - Estado: READY
2024/12/10 20:04:25 ## TID: <1> - Actualizo Contexto Ejecución
2024/12/10 20:04:25 FINALIZA EJECUCION POR INTERRUPCION DE PID : 1 y TID : 1 
2024/12/10 20:04:25 ## (<PID 1>:<TID 4>) Se ejecuta el Hilo - Estado: EXEC
2024/12/10 20:04:25 PCB : 1 TID : 4 - Solicita Contexto de Ejecucion
2024/12/10 20:04:26 ## Contexto <Solicitado> - (PID:TID) - (1:4)
2024/12/10 20:04:26 PCB : 1 TID : 4 - Solicitud Contexto de Ejecucion Exitosa
2024/12/10 20:04:26 Instrucción solicitada de PID: 1, TID: 4, PC: 0
2024/12/10 20:04:26 ## Llega interrupcion al puerto Interrupt
2024/12/10 20:04:26 ## Se registra la interrupcion
2024/12/10 20:04:26 ## Obtener instrucción - (PID:TID) - (1:4) - Instrucción: SET CX 5
2024/12/10 20:04:26 PID: 1 TID: 4 - FETCH - Program Counter: 0
2024/12/10 20:04:26 Instrucción decodificada: INSTUCCIÓN = SET, PARÁMETROS = [CX 5]
2024/12/10 20:04:26 ## TID: 4 - Ejecutando: SET - Parámetros: [CX 5]
2024/12/10 20:04:26 AX: 0, BX: 0, CX: 5, DX: 0, EX: 0, FX: 0, GX: 0, HX: 0, PC: 1
2024/12/10 20:04:27 ## Contexto Actualizado - (PID:TID) - (1:4)
2024/12/10 20:04:27 ## (<PID:1>:<TID:4>) - Desalojado por: Quantum ##
2024/12/10 20:04:27 ## (<PID 1>:<TID 4>) Se encola el Hilo - Estado: READY
2024/12/10 20:04:27 ## TID: <4> - Actualizo Contexto Ejecución
2024/12/10 20:04:27 FINALIZA EJECUCION POR INTERRUPCION DE PID : 1 y TID : 4 
2024/12/10 20:04:27 ## (<PID 1>:<TID 1>) Se ejecuta el Hilo - Estado: EXEC
2024/12/10 20:04:27 PCB : 1 TID : 1 - Solicita Contexto de Ejecucion
2024/12/10 20:04:27 ## Contexto <Solicitado> - (PID:TID) - (1:1)
2024/12/10 20:04:27 PCB : 1 TID : 1 - Solicitud Contexto de Ejecucion Exitosa
2024/12/10 20:04:27 Instrucción solicitada de PID: 1, TID: 1, PC: 1
2024/12/10 20:04:28 ## Llega interrupcion al puerto Interrupt
2024/12/10 20:04:28 ## Se registra la interrupcion
2024/12/10 20:04:28 ## Obtener instrucción - (PID:TID) - (1:1) - Instrucción: SET BX 1
2024/12/10 20:04:28 PID: 1 TID: 1 - FETCH - Program Counter: 1
2024/12/10 20:04:28 Instrucción decodificada: INSTUCCIÓN = SET, PARÁMETROS = [BX 1]
2024/12/10 20:04:28 ## TID: 1 - Ejecutando: SET - Parámetros: [BX 1]
2024/12/10 20:04:28 AX: 0, BX: 1, CX: 5, DX: 0, EX: 0, FX: 0, GX: 0, HX: 0, PC: 2
2024/12/10 20:04:28 ## Contexto Actualizado - (PID:TID) - (1:1)
2024/12/10 20:04:28 ## (<PID:1>:<TID:1>) - Desalojado por: Quantum ##
2024/12/10 20:04:28 ## (<PID 1>:<TID 1>) Se encola el Hilo - Estado: READY
2024/12/10 20:04:28 ## TID: <1> - Actualizo Contexto Ejecución
2024/12/10 20:04:28 FINALIZA EJECUCION POR INTERRUPCION DE PID : 1 y TID : 1 
2024/12/10 20:04:28 ## (<PID 1>:<TID 4>) Se ejecuta el Hilo - Estado: EXEC
2024/12/10 20:04:28 PCB : 1 TID : 4 - Solicita Contexto de Ejecucion
2024/12/10 20:04:29 ## Contexto <Solicitado> - (PID:TID) - (1:4)
2024/12/10 20:04:29 PCB : 1 TID : 4 - Solicitud Contexto de Ejecucion Exitosa
2024/12/10 20:04:29 Instrucción solicitada de PID: 1, TID: 4, PC: 1
2024/12/10 20:04:29 ## Llega interrupcion al puerto Interrupt
2024/12/10 20:04:29 ## Se registra la interrupcion
2024/12/10 20:04:29 ## Obtener instrucción - (PID:TID) - (1:4) - Instrucción: SET BX 1
2024/12/10 20:04:29 PID: 1 TID: 4 - FETCH - Program Counter: 1
2024/12/10 20:04:29 Instrucción decodificada: INSTUCCIÓN = SET, PARÁMETROS = [BX 1]
2024/12/10 20:04:29 ## TID: 4 - Ejecutando: SET - Parámetros: [BX 1]
2024/12/10 20:04:29 AX: 0, BX: 1, CX: 5, DX: 0, EX: 0, FX: 0, GX: 0, HX: 0, PC: 2
2024/12/10 20:04:30 ## Contexto Actualizado - (PID:TID) - (1:4)
2024/12/10 20:04:30 ## (<PID:1>:<TID:4>) - Desalojado por: Quantum ##
2024/12/10 20:04:30 ## (<PID 1>:<TID 4>) Se encola el Hilo - Estado: READY
2024/12/10 20:04:30 ## TID: <4> - Actualizo Contexto Ejecución
2024/12/10 20:04:30 FINALIZA EJECUCION POR INTERRUPCION DE PID : 1 y TID : 4 
2024/12/10 20:04:30 ## (<PID 1>:<TID 1>) Se ejecuta el Hilo - Estado: EXEC
2024/12/10 20:04:30 PCB : 1 TID : 1 - Solicita Contexto de Ejecucion
2024/12/10 20:04:30 ## Contexto <Solicitado> - (PID:TID) - (1:1)
2024/12/10 20:04:30 PCB : 1 TID : 1 - Solicitud Contexto de Ejecucion Exitosa
2024/12/10 20:04:30 Instrucción solicitada de PID: 1, TID: 1, PC: 2
2024/12/10 20:04:31 ## Llega interrupcion al puerto Interrupt
2024/12/10 20:04:31 ## Se registra la interrupcion
2024/12/10 20:04:31 ## Obtener instrucción - (PID:TID) - (1:1) - Instrucción: SUB CX BX
2024/12/10 20:04:31 PID: 1 TID: 1 - FETCH - Program Counter: 2
2024/12/10 20:04:31 Instrucción decodificada: INSTUCCIÓN = SUB, PARÁMETROS = [CX BX]
2024/12/10 20:04:31 ## TID: 1 - Ejecutando: SUB - Parámetros: [CX BX]
2024/12/10 20:04:31 AX: 0, BX: 1, CX: 4, DX: 0, EX: 0, FX: 0, GX: 0, HX: 0, PC: 3
2024/12/10 20:04:31 ## Contexto Actualizado - (PID:TID) - (1:1)
2024/12/10 20:04:31 ## (<PID:1>:<TID:1>) - Desalojado por: Quantum ##
2024/12/10 20:04:31 ## (<PID 1>:<TID 1>) Se encola el Hilo - Estado: READY
2024/12/10 20:04:31 ## TID: <1> - Actualizo Contexto Ejecución
2024/12/10 20:04:31 FINALIZA EJECUCION POR INTERRUPCION DE PID : 1 y TID : 1 
2024/12/10 20:04:31 ## (<PID 1>:<TID 4>) Se ejecuta el Hilo - Estado: EXEC
2024/12/10 20:04:31 PCB : 1 TID : 4 - Solicita Contexto de Ejecucion
2024/12/10 20:04:32 ## Contexto <Solicitado> - (PID:TID) - (1:4)
2024/12/10 20:04:32 PCB : 1 TID : 4 - Solicitud Contexto de Ejecucion Exitosa
2024/12/10 20:04:32 Instrucción solicitada de PID: 1, TID: 4, PC: 2
2024/12/10 20:04:32 ## Llega interrupcion al puerto Interrupt
2024/12/10 20:04:32 ## Se registra la interrupcion
2024/12/10 20:04:32 ## Obtener instrucción - (PID:TID) - (1:4) - Instrucción: SUB CX BX
2024/12/10 20:04:32 PID: 1 TID: 4 - FETCH - Program Counter: 2
2024/12/10 20:04:32 Instrucción decodificada: INSTUCCIÓN = SUB, PARÁMETROS = [CX BX]
2024/12/10 20:04:32 ## TID: 4 - Ejecutando: SUB - Parámetros: [CX BX]
2024/12/10 20:04:32 AX: 0, BX: 1, CX: 4, DX: 0, EX: 0, FX: 0, GX: 0, HX: 0, PC: 3
2024/12/10 20:04:33 ## Contexto Actualizado - (PID:TID) - (1:4)
2024/12/10 20:04:33 ## (<PID:1>:<TID:4>) - Desalojado por: Quantum ##
2024/12/10 20:04:33 ## (<PID 1>:<TID 4>) Se encola el Hilo - Estado: READY
2024/12/10 20:04:33 ## TID: <4> - Actualizo Contexto Ejecución
2024/12/10 20:04:33 FINALIZA EJECUCION POR INTERRUPCION DE PID : 1 y TID : 4 
2024/12/10 20:04:33 ## (<PID 1>:<TID 1>) Se ejecuta el Hilo - Estado: EXEC
2024/12/10 20:04:33 PCB : 1 TID : 1 - Solicita Contexto de Ejecucion
2024/12/10 20:04:33 ## Contexto <Solicitado> - (PID:TID) - (1:1)
2024/12/10 20:04:33 PCB : 1 TID : 1 - Solicitud Contexto de Ejecucion Exitosa
2024/12/10 20:04:33 Instrucción solicitada de PID: 1, TID: 1, PC: 3
2024/12/10 20:04:34 ## Llega interrupcion al puerto Interrupt
2024/12/10 20:04:34 ## Se registra la interrupcion
2024/12/10 20:04:34 ## Obtener instrucción - (PID:TID) - (1:1) - Instrucción: JNZ CX 2
2024/12/10 20:04:34 PID: 1 TID: 1 - FETCH - Program Counter: 3
2024/12/10 20:04:34 Instrucción decodificada: INSTUCCIÓN = JNZ, PARÁMETROS = [CX 2]
2024/12/10 20:04:34 ## TID: 1 - Ejecutando: JNZ - Parámetros: [CX 2]
2024/12/10 20:04:34 AX: 0, BX: 1, CX: 4, DX: 0, EX: 0, FX: 0, GX: 0, HX: 0, PC: 2
2024/12/10 20:04:34 ## Contexto Actualizado - (PID:TID) - (1:1)
2024/12/10 20:04:34 ## (<PID:1>:<TID:1>) - Desalojado por: Quantum ##
2024/12/10 20:04:34 ## (<PID 1>:<TID 1>) Se encola el Hilo - Estado: READY
2024/12/10 20:04:34 ## TID: <1> - Actualizo Contexto Ejecución
2024/12/10 20:04:34 FINALIZA EJECUCION POR INTERRUPCION DE PID : 1 y TID : 1 
2024/12/10 20:04:34 ## (<PID 1>:<TID 4>) Se ejecuta el Hilo - Estado: EXEC
2024/12/10 20:04:34 PCB : 1 TID : 4 - Solicita Contexto de Ejecucion
2024/12/10 20:04:35 ## Contexto <Solicitado> - (PID:TID) - (1:4)
2024/12/10 20:04:35 PCB : 1 TID : 4 - Solicitud Contexto de Ejecucion Exitosa
2024/12/10 20:04:35 Instrucción solicitada de PID: 1, TID: 4, PC: 3
2024/12/10 20:04:35 ## Llega interrupcion al puerto Interrupt
2024/12/10 20:04:35 ## Se registra la interrupcion
2024/12/10 20:04:35 ## Obtener instrucción - (PID:TID) - (1:4) - Instrucción: JNZ CX 2
2024/12/10 20:04:35 PID: 1 TID: 4 - FETCH - Program Counter: 3
2024/12/10 20:04:35 Instrucción decodificada: INSTUCCIÓN = JNZ, PARÁMETROS = [CX 2]
2024/12/10 20:04:35 ## TID: 4 - Ejecutando: JNZ - Parámetros: [CX 2]
2024/12/10 20:04:35 AX: 0, BX: 1, CX: 4, DX: 0, EX: 0, FX: 0, GX: 0, HX: 0, PC: 2
2024/12/10 20:04:36 ## Contexto Actualizado - (PID:TID) - (1:4)
2024/12/10 20:04:36 ## (<PID:1>:<TID:4>) - Desalojado por: Quantum ##
2024/12/10 20:04:36 ## (<PID 1>:<TID 4>) Se encola el Hilo - Estado: READY
2024/12/10 20:04:36 ## TID: <4> - Actualizo Contexto Ejecución
2024/12/10 20:04:36 FINALIZA EJECUCION POR INTERRUPCION DE PID : 1 y TID : 4 
2024/12/10 20:04:36 ## (<PID 1>:<TID 1>) Se ejecuta el Hilo - Estado: EXEC
2024/12/10 20:04:36 PCB : 1 TID : 1 - Solicita Contexto de Ejecucion
2024/12/10 20:04:36 ## Contexto <Solicitado> - (PID:TID) - (1:1)
2024/12/10 20:04:36 PCB : 1 TID : 1 - Solicitud Contexto de Ejecucion Exitosa
2024/12/10 20:04:36 Instrucción solicitada de PID: 1, TID: 1, PC: 2
2024/12/10 20:04:37 ## Llega interrupcion al puerto Interrupt
2024/12/10 20:04:37 ## Se registra la interrupcion
2024/12/10 20:04:37 ## Obtener instrucción - (PID:TID) - (1:1) - Instrucción: SUB CX BX
2024/12/10 20:04:37 PID: 1 TID: 1 - FETCH - Program Counter: 2
2024/12/10 20:04:37 Instrucción decodificada: INSTUCCIÓN = SUB, PARÁMETROS = [CX BX]
2024/12/10 20:04:37 ## TID: 1 - Ejecutando: SUB - Parámetros: [CX BX]
2024/12/10 20:04:37 AX: 0, BX: 1, CX: 3, DX: 0, EX: 0, FX: 0, GX: 0, HX: 0, PC: 3
2024/12/10 20:04:38 ## Contexto Actualizado - (PID:TID) - (1:1)
2024/12/10 20:04:38 ## (<PID:1>:<TID:1>) - Desalojado por: Quantum ##
2024/12/10 20:04:38 ## (<PID 1>:<TID 1>) Se encola el Hilo - Estado: READY
2024/12/10 20:04:38 ## TID: <1> - Actualizo Contexto Ejecución
2024/12/10 20:04:38 FINALIZA EJECUCION POR INTERRUPCION DE PID : 1 y TID : 1 
2024/12/10 20:04:38 ## (<PID 1>:<TID 4>) Se ejecuta el Hilo - Estado: EXEC
2024/12/10 20:04:38 PCB : 1 TID : 4 - Solicita Contexto de Ejecucion
2024/12/10 20:04:38 ## Contexto <Solicitado> - (PID:TID) - (1:4)
2024/12/10 20:04:38 PCB : 1 TID : 4 - Solicitud Contexto de Ejecucion Exitosa
2024/12/10 20:04:38 Instrucción solicitada de PID: 1, TID: 4, PC: 2
2024/12/10 20:04:38 ## Llega interrupcion al puerto Interrupt
2024/12/10 20:04:38 ## Se registra la interrupcion
2024/12/10 20:04:39 ## Obtener instrucción - (PID:TID) - (1:4) - Instrucción: SUB CX BX
2024/12/10 20:04:39 PID: 1 TID: 4 - FETCH - Program Counter: 2
2024/12/10 20:04:39 Instrucción decodificada: INSTUCCIÓN = SUB, PARÁMETROS = [CX BX]
2024/12/10 20:04:39 ## TID: 4 - Ejecutando: SUB - Parámetros: [CX BX]
2024/12/10 20:04:39 AX: 0, BX: 1, CX: 3, DX: 0, EX: 0, FX: 0, GX: 0, HX: 0, PC: 3
2024/12/10 20:04:39 ## Contexto Actualizado - (PID:TID) - (1:4)
2024/12/10 20:04:39 ## (<PID:1>:<TID:4>) - Desalojado por: Quantum ##
2024/12/10 20:04:39 ## (<PID 1>:<TID 4>) Se encola el Hilo - Estado: READY
2024/12/10 20:04:39 ## TID: <4> - Actualizo Contexto Ejecución
2024/12/10 20:04:39 FINALIZA EJECUCION POR INTERRUPCION DE PID : 1 y TID : 4 
2024/12/10 20:04:39 ## (<PID 1>:<TID 1>) Se ejecuta el Hilo - Estado: EXEC
2024/12/10 20:04:39 PCB : 1 TID : 1 - Solicita Contexto de Ejecucion
2024/12/10 20:04:40 ## Contexto <Solicitado> - (PID:TID) - (1:1)
2024/12/10 20:04:40 PCB : 1 TID : 1 - Solicitud Contexto de Ejecucion Exitosa
2024/12/10 20:04:40 Instrucción solicitada de PID: 1, TID: 1, PC: 3
2024/12/10 20:04:40 ## Llega interrupcion al puerto Interrupt
2024/12/10 20:04:40 ## Se registra la interrupcion
2024/12/10 20:04:40 ## Obtener instrucción - (PID:TID) - (1:1) - Instrucción: JNZ CX 2
2024/12/10 20:04:40 PID: 1 TID: 1 - FETCH - Program Counter: 3
2024/12/10 20:04:40 Instrucción decodificada: INSTUCCIÓN = JNZ, PARÁMETROS = [CX 2]
2024/12/10 20:04:40 ## TID: 1 - Ejecutando: JNZ - Parámetros: [CX 2]
2024/12/10 20:04:40 AX: 0, BX: 1, CX: 3, DX: 0, EX: 0, FX: 0, GX: 0, HX: 0, PC: 2
2024/12/10 20:04:41 ## Contexto Actualizado - (PID:TID) - (1:1)
2024/12/10 20:04:41 ## (<PID:1>:<TID:1>) - Desalojado por: Quantum ##
2024/12/10 20:04:41 ## (<PID 1>:<TID 1>) Se encola el Hilo - Estado: READY
2024/12/10 20:04:41 ## TID: <1> - Actualizo Contexto Ejecución
2024/12/10 20:04:41 FINALIZA EJECUCION POR INTERRUPCION DE PID : 1 y TID : 1 
2024/12/10 20:04:41 ## (<PID 1>:<TID 4>) Se ejecuta el Hilo - Estado: EXEC
2024/12/10 20:04:41 PCB : 1 TID : 4 - Solicita Contexto de Ejecucion
2024/12/10 20:04:41 ## Contexto <Solicitado> - (PID:TID) - (1:4)
2024/12/10 20:04:41 PCB : 1 TID : 4 - Solicitud Contexto de Ejecucion Exitosa
2024/12/10 20:04:41 Instrucción solicitada de PID: 1, TID: 4, PC: 3
2024/12/10 20:04:41 ## Llega interrupcion al puerto Interrupt
2024/12/10 20:04:41 ## Se registra la interrupcion
2024/12/10 20:04:42 ## Obtener instrucción - (PID:TID) - (1:4) - Instrucción: JNZ CX 2
2024/12/10 20:04:42 PID: 1 TID: 4 - FETCH - Program Counter: 3
2024/12/10 20:04:42 Instrucción decodificada: INSTUCCIÓN = JNZ, PARÁMETROS = [CX 2]
2024/12/10 20:04:42 ## TID: 4 - Ejecutando: JNZ - Parámetros: [CX 2]
2024/12/10 20:04:42 AX: 0, BX: 1, CX: 3, DX: 0, EX: 0, FX: 0, GX: 0, HX: 0, PC: 2
2024/12/10 20:04:42 ## Contexto Actualizado - (PID:TID) - (1:4)
2024/12/10 20:04:42 ## (<PID:1>:<TID:4>) - Desalojado por: Quantum ##
2024/12/10 20:04:42 ## (<PID 1>:<TID 4>) Se encola el Hilo - Estado: READY
2024/12/10 20:04:42 ## TID: <4> - Actualizo Contexto Ejecución
2024/12/10 20:04:42 FINALIZA EJECUCION POR INTERRUPCION DE PID : 1 y TID : 4 
2024/12/10 20:04:42 ## (<PID 1>:<TID 1>) Se ejecuta el Hilo - Estado: EXEC
2024/12/10 20:04:42 PCB : 1 TID : 1 - Solicita Contexto de Ejecucion
2024/12/10 20:04:43 ## Contexto <Solicitado> - (PID:TID) - (1:1)
2024/12/10 20:04:43 PCB : 1 TID : 1 - Solicitud Contexto de Ejecucion Exitosa
2024/12/10 20:04:43 Instrucción solicitada de PID: 1, TID: 1, PC: 2
2024/12/10 20:04:43 ## Llega interrupcion al puerto Interrupt
2024/12/10 20:04:43 ## Se registra la interrupcion
2024/12/10 20:04:43 ## Obtener instrucción - (PID:TID) - (1:1) - Instrucción: SUB CX BX
2024/12/10 20:04:43 PID: 1 TID: 1 - FETCH - Program Counter: 2
2024/12/10 20:04:43 Instrucción decodificada: INSTUCCIÓN = SUB, PARÁMETROS = [CX BX]
2024/12/10 20:04:43 ## TID: 1 - Ejecutando: SUB - Parámetros: [CX BX]
2024/12/10 20:04:43 AX: 0, BX: 1, CX: 2, DX: 0, EX: 0, FX: 0, GX: 0, HX: 0, PC: 3
2024/12/10 20:04:44 ## Contexto Actualizado - (PID:TID) - (1:1)
2024/12/10 20:04:44 ## (<PID:1>:<TID:1>) - Desalojado por: Quantum ##
2024/12/10 20:04:44 ## (<PID 1>:<TID 1>) Se encola el Hilo - Estado: READY
2024/12/10 20:04:44 ## TID: <1> - Actualizo Contexto Ejecución
2024/12/10 20:04:44 FINALIZA EJECUCION POR INTERRUPCION DE PID : 1 y TID : 1 
2024/12/10 20:04:44 ## (<PID 1>:<TID 4>) Se ejecuta el Hilo - Estado: EXEC
2024/12/10 20:04:44 PCB : 1 TID : 4 - Solicita Contexto de Ejecucion
2024/12/10 20:04:44 ## Contexto <Solicitado> - (PID:TID) - (1:4)
2024/12/10 20:04:44 PCB : 1 TID : 4 - Solicitud Contexto de Ejecucion Exitosa
2024/12/10 20:04:44 Instrucción solicitada de PID: 1, TID: 4, PC: 2
2024/12/10 20:04:44 ## Llega interrupcion al puerto Interrupt
2024/12/10 20:04:44 ## Se registra la interrupcion
2024/12/10 20:04:45 ## Obtener instrucción - (PID:TID) - (1:4) - Instrucción: SUB CX BX
2024/12/10 20:04:45 PID: 1 TID: 4 - FETCH - Program Counter: 2
2024/12/10 20:04:45 Instrucción decodificada: INSTUCCIÓN = SUB, PARÁMETROS = [CX BX]
2024/12/10 20:04:45 ## TID: 4 - Ejecutando: SUB - Parámetros: [CX BX]
2024/12/10 20:04:45 AX: 0, BX: 1, CX: 2, DX: 0, EX: 0, FX: 0, GX: 0, HX: 0, PC: 3
2024/12/10 20:04:45 ## Contexto Actualizado - (PID:TID) - (1:4)
2024/12/10 20:04:45 ## (<PID:1>:<TID:4>) - Desalojado por: Quantum ##
2024/12/10 20:04:45 ## (<PID 1>:<TID 4>) Se encola el Hilo - Estado: READY
2024/12/10 20:04:45 ## TID: <4> - Actualizo Contexto Ejecución
2024/12/10 20:04:45 FINALIZA EJECUCION POR INTERRUPCION DE PID : 1 y TID : 4 
2024/12/10 20:04:45 ## (<PID 1>:<TID 1>) Se ejecuta el Hilo - Estado: EXEC
2024/12/10 20:04:45 PCB : 1 TID : 1 - Solicita Contexto de Ejecucion
2024/12/10 20:04:46 ## Contexto <Solicitado> - (PID:TID) - (1:1)
2024/12/10 20:04:46 PCB : 1 TID : 1 - Solicitud Contexto de Ejecucion Exitosa
2024/12/10 20:04:46 Instrucción solicitada de PID: 1, TID: 1, PC: 3
2024/12/10 20:04:46 ## Llega interrupcion al puerto Interrupt
2024/12/10 20:04:46 ## Se registra la interrupcion
2024/12/10 20:04:46 ## Obtener instrucción - (PID:TID) - (1:1) - Instrucción: JNZ CX 2
2024/12/10 20:04:46 PID: 1 TID: 1 - FETCH - Program Counter: 3
2024/12/10 20:04:46 Instrucción decodificada: INSTUCCIÓN = JNZ, PARÁMETROS = [CX 2]
2024/12/10 20:04:46 ## TID: 1 - Ejecutando: JNZ - Parámetros: [CX 2]
2024/12/10 20:04:46 AX: 0, BX: 1, CX: 2, DX: 0, EX: 0, FX: 0, GX: 0, HX: 0, PC: 2
2024/12/10 20:04:47 ## Contexto Actualizado - (PID:TID) - (1:1)
2024/12/10 20:04:47 ## (<PID:1>:<TID:1>) - Desalojado por: Quantum ##
2024/12/10 20:04:47 ## (<PID 1>:<TID 1>) Se encola el Hilo - Estado: READY
2024/12/10 20:04:47 ## TID: <1> - Actualizo Contexto Ejecución
2024/12/10 20:04:47 FINALIZA EJECUCION POR INTERRUPCION DE PID : 1 y TID : 1 
2024/12/10 20:04:47 ## (<PID 1>:<TID 4>) Se ejecuta el Hilo - Estado: EXEC
2024/12/10 20:04:47 PCB : 1 TID : 4 - Solicita Contexto de Ejecucion
2024/12/10 20:04:47 ## Contexto <Solicitado> - (PID:TID) - (1:4)
2024/12/10 20:04:47 PCB : 1 TID : 4 - Solicitud Contexto de Ejecucion Exitosa
2024/12/10 20:04:47 Instrucción solicitada de PID: 1, TID: 4, PC: 3
2024/12/10 20:04:48 ## Llega interrupcion al puerto Interrupt
2024/12/10 20:04:48 ## Se registra la interrupcion
2024/12/10 20:04:48 ## Obtener instrucción - (PID:TID) - (1:4) - Instrucción: JNZ CX 2
2024/12/10 20:04:48 PID: 1 TID: 4 - FETCH - Program Counter: 3
2024/12/10 20:04:48 Instrucción decodificada: INSTUCCIÓN = JNZ, PARÁMETROS = [CX 2]
2024/12/10 20:04:48 ## TID: 4 - Ejecutando: JNZ - Parámetros: [CX 2]
2024/12/10 20:04:48 AX: 0, BX: 1, CX: 2, DX: 0, EX: 0, FX: 0, GX: 0, HX: 0, PC: 2
2024/12/10 20:04:48 ## Contexto Actualizado - (PID:TID) - (1:4)
2024/12/10 20:04:48 ## (<PID:1>:<TID:4>) - Desalojado por: Quantum ##
2024/12/10 20:04:48 ## (<PID 1>:<TID 4>) Se encola el Hilo - Estado: READY
2024/12/10 20:04:48 ## TID: <4> - Actualizo Contexto Ejecución
2024/12/10 20:04:48 FINALIZA EJECUCION POR INTERRUPCION DE PID : 1 y TID : 4 
2024/12/10 20:04:48 ## (<PID 1>:<TID 1>) Se ejecuta el Hilo - Estado: EXEC
2024/12/10 20:04:48 PCB : 1 TID : 1 - Solicita Contexto de Ejecucion
2024/12/10 20:04:49 ## Contexto <Solicitado> - (PID:TID) - (1:1)
2024/12/10 20:04:49 PCB : 1 TID : 1 - Solicitud Contexto de Ejecucion Exitosa
2024/12/10 20:04:49 Instrucción solicitada de PID: 1, TID: 1, PC: 2
2024/12/10 20:04:49 ## Llega interrupcion al puerto Interrupt
2024/12/10 20:04:49 ## Se registra la interrupcion
2024/12/10 20:04:49 ## Obtener instrucción - (PID:TID) - (1:1) - Instrucción: SUB CX BX
2024/12/10 20:04:49 PID: 1 TID: 1 - FETCH - Program Counter: 2
2024/12/10 20:04:49 Instrucción decodificada: INSTUCCIÓN = SUB, PARÁMETROS = [CX BX]
2024/12/10 20:04:49 ## TID: 1 - Ejecutando: SUB - Parámetros: [CX BX]
2024/12/10 20:04:49 AX: 0, BX: 1, CX: 1, DX: 0, EX: 0, FX: 0, GX: 0, HX: 0, PC: 3
2024/12/10 20:04:50 ## Contexto Actualizado - (PID:TID) - (1:1)
2024/12/10 20:04:50 ## (<PID:1>:<TID:1>) - Desalojado por: Quantum ##
2024/12/10 20:04:50 ## (<PID 1>:<TID 1>) Se encola el Hilo - Estado: READY
2024/12/10 20:04:50 ## TID: <1> - Actualizo Contexto Ejecución
2024/12/10 20:04:50 FINALIZA EJECUCION POR INTERRUPCION DE PID : 1 y TID : 1 
2024/12/10 20:04:50 ## (<PID 1>:<TID 4>) Se ejecuta el Hilo - Estado: EXEC
2024/12/10 20:04:50 PCB : 1 TID : 4 - Solicita Contexto de Ejecucion
2024/12/10 20:04:50 ## Contexto <Solicitado> - (PID:TID) - (1:4)
2024/12/10 20:04:50 PCB : 1 TID : 4 - Solicitud Contexto de Ejecucion Exitosa
2024/12/10 20:04:50 Instrucción solicitada de PID: 1, TID: 4, PC: 2
2024/12/10 20:04:51 ## Llega interrupcion al puerto Interrupt
2024/12/10 20:04:51 ## Se registra la interrupcion
2024/12/10 20:04:51 ## Obtener instrucción - (PID:TID) - (1:4) - Instrucción: SUB CX BX
2024/12/10 20:04:51 PID: 1 TID: 4 - FETCH - Program Counter: 2
2024/12/10 20:04:51 Instrucción decodificada: INSTUCCIÓN = SUB, PARÁMETROS = [CX BX]
2024/12/10 20:04:51 ## TID: 4 - Ejecutando: SUB - Parámetros: [CX BX]
2024/12/10 20:04:51 AX: 0, BX: 1, CX: 1, DX: 0, EX: 0, FX: 0, GX: 0, HX: 0, PC: 3
2024/12/10 20:04:51 ## Contexto Actualizado - (PID:TID) - (1:4)
2024/12/10 20:04:51 ## (<PID:1>:<TID:4>) - Desalojado por: Quantum ##
2024/12/10 20:04:51 ## (<PID 1>:<TID 4>) Se encola el Hilo - Estado: READY
2024/12/10 20:04:51 ## TID: <4> - Actualizo Contexto Ejecución
2024/12/10 20:04:51 FINALIZA EJECUCION POR INTERRUPCION DE PID : 1 y TID : 4 
2024/12/10 20:04:51 ## (<PID 1>:<TID 1>) Se ejecuta el Hilo - Estado: EXEC
2024/12/10 20:04:51 PCB : 1 TID : 1 - Solicita Contexto de Ejecucion
2024/12/10 20:04:52 ## Contexto <Solicitado> - (PID:TID) - (1:1)
2024/12/10 20:04:52 PCB : 1 TID : 1 - Solicitud Contexto de Ejecucion Exitosa
2024/12/10 20:04:52 Instrucción solicitada de PID: 1, TID: 1, PC: 3
2024/12/10 20:04:52 ## Llega interrupcion al puerto Interrupt
2024/12/10 20:04:52 ## Se registra la interrupcion
2024/12/10 20:04:52 ## Obtener instrucción - (PID:TID) - (1:1) - Instrucción: JNZ CX 2
2024/12/10 20:04:52 PID: 1 TID: 1 - FETCH - Program Counter: 3
2024/12/10 20:04:52 Instrucción decodificada: INSTUCCIÓN = JNZ, PARÁMETROS = [CX 2]
2024/12/10 20:04:52 ## TID: 1 - Ejecutando: JNZ - Parámetros: [CX 2]
2024/12/10 20:04:52 AX: 0, BX: 1, CX: 1, DX: 0, EX: 0, FX: 0, GX: 0, HX: 0, PC: 2
2024/12/10 20:04:53 ## Contexto Actualizado - (PID:TID) - (1:1)
2024/12/10 20:04:53 ## (<PID:1>:<TID:1>) - Desalojado por: Quantum ##
2024/12/10 20:04:53 ## (<PID 1>:<TID 1>) Se encola el Hilo - Estado: READY
2024/12/10 20:04:53 ## TID: <1> - Actualizo Contexto Ejecución
2024/12/10 20:04:53 FINALIZA EJECUCION POR INTERRUPCION DE PID : 1 y TID : 1 
2024/12/10 20:04:53 ## (<PID 1>:<TID 4>) Se ejecuta el Hilo - Estado: EXEC
2024/12/10 20:04:53 PCB : 1 TID : 4 - Solicita Contexto de Ejecucion
2024/12/10 20:04:53 ## Contexto <Solicitado> - (PID:TID) - (1:4)
2024/12/10 20:04:53 PCB : 1 TID : 4 - Solicitud Contexto de Ejecucion Exitosa
2024/12/10 20:04:53 Instrucción solicitada de PID: 1, TID: 4, PC: 3
2024/12/10 20:04:54 ## Llega interrupcion al puerto Interrupt
2024/12/10 20:04:54 ## Se registra la interrupcion
2024/12/10 20:04:54 ## Obtener instrucción - (PID:TID) - (1:4) - Instrucción: JNZ CX 2
2024/12/10 20:04:54 PID: 1 TID: 4 - FETCH - Program Counter: 3
2024/12/10 20:04:54 Instrucción decodificada: INSTUCCIÓN = JNZ, PARÁMETROS = [CX 2]
2024/12/10 20:04:54 ## TID: 4 - Ejecutando: JNZ - Parámetros: [CX 2]
2024/12/10 20:04:54 AX: 0, BX: 1, CX: 1, DX: 0, EX: 0, FX: 0, GX: 0, HX: 0, PC: 2
2024/12/10 20:04:54 ## Contexto Actualizado - (PID:TID) - (1:4)
2024/12/10 20:04:54 ## (<PID:1>:<TID:4>) - Desalojado por: Quantum ##
2024/12/10 20:04:54 ## (<PID 1>:<TID 4>) Se encola el Hilo - Estado: READY
2024/12/10 20:04:54 ## TID: <4> - Actualizo Contexto Ejecución
2024/12/10 20:04:54 FINALIZA EJECUCION POR INTERRUPCION DE PID : 1 y TID : 4 
2024/12/10 20:04:54 ## (<PID 1>:<TID 1>) Se ejecuta el Hilo - Estado: EXEC
2024/12/10 20:04:54 PCB : 1 TID : 1 - Solicita Contexto de Ejecucion
2024/12/10 20:04:55 ## Contexto <Solicitado> - (PID:TID) - (1:1)
2024/12/10 20:04:55 PCB : 1 TID : 1 - Solicitud Contexto de Ejecucion Exitosa
2024/12/10 20:04:55 Instrucción solicitada de PID: 1, TID: 1, PC: 2
2024/12/10 20:04:55 ## Llega interrupcion al puerto Interrupt
2024/12/10 20:04:55 ## Se registra la interrupcion
2024/12/10 20:04:55 ## Obtener instrucción - (PID:TID) - (1:1) - Instrucción: SUB CX BX
2024/12/10 20:04:55 PID: 1 TID: 1 - FETCH - Program Counter: 2
2024/12/10 20:04:55 Instrucción decodificada: INSTUCCIÓN = SUB, PARÁMETROS = [CX BX]
2024/12/10 20:04:55 ## TID: 1 - Ejecutando: SUB - Parámetros: [CX BX]
2024/12/10 20:04:55 AX: 0, BX: 1, CX: 0, DX: 0, EX: 0, FX: 0, GX: 0, HX: 0, PC: 3
2024/12/10 20:04:56 ## Contexto Actualizado - (PID:TID) - (1:1)
2024/12/10 20:04:56 ## (<PID:1>:<TID:1>) - Desalojado por: Quantum ##
2024/12/10 20:04:56 ## (<PID 1>:<TID 1>) Se encola el Hilo - Estado: READY
2024/12/10 20:04:56 ## TID: <1> - Actualizo Contexto Ejecución
2024/12/10 20:04:56 FINALIZA EJECUCION POR INTERRUPCION DE PID : 1 y TID : 1 
2024/12/10 20:04:56 ## (<PID 1>:<TID 4>) Se ejecuta el Hilo - Estado: EXEC
2024/12/10 20:04:56 PCB : 1 TID : 4 - Solicita Contexto de Ejecucion
2024/12/10 20:04:56 ## Contexto <Solicitado> - (PID:TID) - (1:4)
2024/12/10 20:04:56 PCB : 1 TID : 4 - Solicitud Contexto de Ejecucion Exitosa
2024/12/10 20:04:56 Instrucción solicitada de PID: 1, TID: 4, PC: 2
2024/12/10 20:04:57 ## Llega interrupcion al puerto Interrupt
2024/12/10 20:04:57 ## Se registra la interrupcion
2024/12/10 20:04:57 ## Obtener instrucción - (PID:TID) - (1:4) - Instrucción: SUB CX BX
2024/12/10 20:04:57 PID: 1 TID: 4 - FETCH - Program Counter: 2
2024/12/10 20:04:57 Instrucción decodificada: INSTUCCIÓN = SUB, PARÁMETROS = [CX BX]
2024/12/10 20:04:57 ## TID: 4 - Ejecutando: SUB - Parámetros: [CX BX]
2024/12/10 20:04:57 AX: 0, BX: 1, CX: 0, DX: 0, EX: 0, FX: 0, GX: 0, HX: 0, PC: 3
2024/12/10 20:04:57 ## Contexto Actualizado - (PID:TID) - (1:4)
2024/12/10 20:04:57 ## (<PID:1>:<TID:4>) - Desalojado por: Quantum ##
2024/12/10 20:04:57 ## (<PID 1>:<TID 4>) Se encola el Hilo - Estado: READY
2024/12/10 20:04:57 ## TID: <4> - Actualizo Contexto Ejecución
2024/12/10 20:04:57 FINALIZA EJECUCION POR INTERRUPCION DE PID : 1 y TID : 4 
2024/12/10 20:04:57 ## (<PID 1>:<TID 1>) Se ejecuta el Hilo - Estado: EXEC
2024/12/10 20:04:57 PCB : 1 TID : 1 - Solicita Contexto de Ejecucion
2024/12/10 20:04:58 ## Contexto <Solicitado> - (PID:TID) - (1:1)
2024/12/10 20:04:58 PCB : 1 TID : 1 - Solicitud Contexto de Ejecucion Exitosa
2024/12/10 20:04:58 Instrucción solicitada de PID: 1, TID: 1, PC: 3
2024/12/10 20:04:58 ## Llega interrupcion al puerto Interrupt
2024/12/10 20:04:58 ## Se registra la interrupcion
2024/12/10 20:04:58 ## Obtener instrucción - (PID:TID) - (1:1) - Instrucción: JNZ CX 2
2024/12/10 20:04:58 PID: 1 TID: 1 - FETCH - Program Counter: 3
2024/12/10 20:04:58 Instrucción decodificada: INSTUCCIÓN = JNZ, PARÁMETROS = [CX 2]
2024/12/10 20:04:58 ## TID: 1 - Ejecutando: JNZ - Parámetros: [CX 2]
2024/12/10 20:04:58 AX: 0, BX: 1, CX: 0, DX: 0, EX: 0, FX: 0, GX: 0, HX: 0, PC: 4
2024/12/10 20:04:59 ## Contexto Actualizado - (PID:TID) - (1:1)
2024/12/10 20:04:59 ## (<PID:1>:<TID:1>) - Desalojado por: Quantum ##
2024/12/10 20:04:59 ## (<PID 1>:<TID 1>) Se encola el Hilo - Estado: READY
2024/12/10 20:04:59 ## TID: <1> - Actualizo Contexto Ejecución
2024/12/10 20:04:59 FINALIZA EJECUCION POR INTERRUPCION DE PID : 1 y TID : 1 
2024/12/10 20:04:59 ## (<PID 1>:<TID 4>) Se ejecuta el Hilo - Estado: EXEC
2024/12/10 20:04:59 PCB : 1 TID : 4 - Solicita Contexto de Ejecucion
2024/12/10 20:04:59 ## Contexto <Solicitado> - (PID:TID) - (1:4)
2024/12/10 20:04:59 PCB : 1 TID : 4 - Solicitud Contexto de Ejecucion Exitosa
2024/12/10 20:04:59 Instrucción solicitada de PID: 1, TID: 4, PC: 3
2024/12/10 20:05:00 ## Llega interrupcion al puerto Interrupt
2024/12/10 20:05:00 ## Se registra la interrupcion
2024/12/10 20:05:00 ## Obtener instrucción - (PID:TID) - (1:4) - Instrucción: JNZ CX 2
2024/12/10 20:05:00 PID: 1 TID: 4 - FETCH - Program Counter: 3
2024/12/10 20:05:00 Instrucción decodificada: INSTUCCIÓN = JNZ, PARÁMETROS = [CX 2]
2024/12/10 20:05:00 ## TID: 4 - Ejecutando: JNZ - Parámetros: [CX 2]
2024/12/10 20:05:00 AX: 0, BX: 1, CX: 0, DX: 0, EX: 0, FX: 0, GX: 0, HX: 0, PC: 4
2024/12/10 20:05:00 ## Contexto Actualizado - (PID:TID) - (1:4)
2024/12/10 20:05:00 ## (<PID:1>:<TID:4>) - Desalojado por: Quantum ##
2024/12/10 20:05:00 ## (<PID 1>:<TID 4>) Se encola el Hilo - Estado: READY
2024/12/10 20:05:00 ## TID: <4> - Actualizo Contexto Ejecución
2024/12/10 20:05:00 FINALIZA EJECUCION POR INTERRUPCION DE PID : 1 y TID : 4 
2024/12/10 20:05:00 ## (<PID 1>:<TID 1>) Se ejecuta el Hilo - Estado: EXEC
2024/12/10 20:05:00 PCB : 1 TID : 1 - Solicita Contexto de Ejecucion
2024/12/10 20:05:01 ## Contexto <Solicitado> - (PID:TID) - (1:1)
2024/12/10 20:05:01 PCB : 1 TID : 1 - Solicitud Contexto de Ejecucion Exitosa
2024/12/10 20:05:01 Instrucción solicitada de PID: 1, TID: 1, PC: 4
2024/12/10 20:05:01 ## Llega interrupcion al puerto Interrupt
2024/12/10 20:05:01 ## Se registra la interrupcion
2024/12/10 20:05:01 ## Obtener instrucción - (PID:TID) - (1:1) - Instrucción: THREAD_EXIT
2024/12/10 20:05:01 PID: 1 TID: 1 - FETCH - Program Counter: 4
2024/12/10 20:05:01 Instrucción decodificada: INSTUCCIÓN = THREAD_EXIT, PARÁMETROS = []
2024/12/10 20:05:01 ## TID: 1 - Ejecutando: THREAD_EXIT - Parámetros: []
2024/12/10 20:05:02 ## Contexto Actualizado - (PID:TID) - (1:1)
2024/12/10 20:05:02 ## (<PID:1>:<TID:1>) - Solicito syscall: <THREAD_EXIT> ##
2024/12/10 20:05:02  ## (<PID: 1>:<TID: 1>) finaliza el hilo - Estado: EXIT ##
2024/12/10 20:05:02 ## Hilo Destruido - (PID:TID) - (1:1)
2024/12/10 20:05:02 AX: 0, BX: 1, CX: 0, DX: 0, EX: 0, FX: 0, GX: 0, HX: 0, PC: 5
2024/12/10 20:05:02 ## (<PID 1>:<TID 4>) Se ejecuta el Hilo - Estado: EXEC
2024/12/10 20:05:02 PCB : 1 TID : 4 - Solicita Contexto de Ejecucion
2024/12/10 20:05:03 ## Contexto <Solicitado> - (PID:TID) - (1:4)
2024/12/10 20:05:03 PCB : 1 TID : 4 - Solicitud Contexto de Ejecucion Exitosa
2024/12/10 20:05:03 Instrucción solicitada de PID: 1, TID: 4, PC: 4
2024/12/10 20:05:03 ## Llega interrupcion al puerto Interrupt
2024/12/10 20:05:03 ## Se registra la interrupcion
2024/12/10 20:05:03 ## Obtener instrucción - (PID:TID) - (1:4) - Instrucción: THREAD_EXIT
2024/12/10 20:05:03 PID: 1 TID: 4 - FETCH - Program Counter: 4
2024/12/10 20:05:03 Instrucción decodificada: INSTUCCIÓN = THREAD_EXIT, PARÁMETROS = []
2024/12/10 20:05:03 ## TID: 4 - Ejecutando: THREAD_EXIT - Parámetros: []
2024/12/10 20:05:04 ## Contexto Actualizado - (PID:TID) - (1:4)
2024/12/10 20:05:04 ## (<PID:1>:<TID:4>) - Solicito syscall: <THREAD_EXIT> ##
2024/12/10 20:05:04  ## (<PID: 1>:<TID: 4>) finaliza el hilo - Estado: EXIT ##
2024/12/10 20:05:04 ## (<PID 1>:<TID 0>) Se encola el Hilo - Estado: READY
2024/12/10 20:05:04  ## (<PID: 1>:<TID: 0>) - Pasa de Block a Ready ##
2024/12/10 20:05:04 ## Hilo Destruido - (PID:TID) - (1:4)
2024/12/10 20:05:04 AX: 0, BX: 1, CX: 0, DX: 0, EX: 0, FX: 0, GX: 0, HX: 0, PC: 5
2024/12/10 20:05:04 ## (<PID 1>:<TID 0>) Se ejecuta el Hilo - Estado: EXEC
2024/12/10 20:05:04 PCB : 1 TID : 0 - Solicita Contexto de Ejecucion
2024/12/10 20:05:05 ## Contexto <Solicitado> - (PID:TID) - (1:0)
2024/12/10 20:05:05 PCB : 1 TID : 0 - Solicitud Contexto de Ejecucion Exitosa
2024/12/10 20:05:05 Instrucción solicitada de PID: 1, TID: 0, PC: 11
2024/12/10 20:05:05 ## Llega interrupcion al puerto Interrupt
2024/12/10 20:05:05 ## Se registra la interrupcion
2024/12/10 20:05:05 ## Obtener instrucción - (PID:TID) - (1:0) - Instrucción: PROCESS_EXIT
2024/12/10 20:05:05 PID: 1 TID: 0 - FETCH - Program Counter: 11
2024/12/10 20:05:05 Instrucción decodificada: INSTUCCIÓN = PROCESS_EXIT, PARÁMETROS = []
2024/12/10 20:05:05 ## TID: 0 - Ejecutando: PROCESS_EXIT - Parámetros: []
2024/12/10 20:05:05 Finalizando proceso PID: 1
2024/12/10 20:05:06 ## Contexto Actualizado - (PID:TID) - (1:0)
2024/12/10 20:05:06 ## (<PID:1>:<TID:0>) - Solicitó syscall: <PROCESS_EXIT> ##
2024/12/10 20:05:06  ## (<PID: 1>:<TID: 0>) finaliza el hilo - Estado: EXIT ##
2024/12/10 20:05:06 ## Hilo Destruido - (PID:TID) - (1:0)
2024/12/10 20:05:06  ## (<PID: 1>) finaliza el Proceso - Estado: EXIT ##
2024/12/10 20:05:06 ## Entro a terminate - PID: 1 
2024/12/10 20:05:06 ## Encuentro particion - PID: 1 - num: 0
2024/12/10 20:05:06 ## Proceso Destruido - PID: 1 - Tamaño: 32
2024/12/10 20:05:06 AX: 1, BX: 0, CX: 0, DX: 4, EX: 0, FX: 0, GX: 0, HX: 0, PC: 12
2024/12/10 20:05:06 ## No hay mas procesos Inicializados, se pausa la planificacion ##
